{"D:\\NEOCDT\\proyecto-finalINGSOFT\\FrontEnd\\neoCDT-FRONT\\src\\App.jsx": {"path":"D:\\NEOCDT\\proyecto-finalINGSOFT\\FrontEnd\\neoCDT-FRONT\\src\\App.jsx","all":true,"statementMap":{"0":{"start":{"line":1,"column":0},"end":{"line":1,"column":26}},"1":{"start":{"line":2,"column":0},"end":{"line":2,"column":48}},"3":{"start":{"line":4,"column":0},"end":{"line":4,"column":49}},"4":{"start":{"line":5,"column":0},"end":{"line":5,"column":39}},"5":{"start":{"line":6,"column":0},"end":{"line":6,"column":45}},"6":{"start":{"line":7,"column":0},"end":{"line":7,"column":57}},"7":{"start":{"line":8,"column":0},"end":{"line":8,"column":54}},"8":{"start":{"line":9,"column":0},"end":{"line":9,"column":53}},"9":{"start":{"line":10,"column":0},"end":{"line":10,"column":48}},"13":{"start":{"line":14,"column":0},"end":{"line":14,"column":31}},"14":{"start":{"line":15,"column":0},"end":{"line":15,"column":10}},"15":{"start":{"line":16,"column":0},"end":{"line":16,"column":12}},"17":{"start":{"line":18,"column":0},"end":{"line":18,"column":50}},"20":{"start":{"line":21,"column":0},"end":{"line":21,"column":49}},"21":{"start":{"line":22,"column":0},"end":{"line":22,"column":55}},"22":{"start":{"line":23,"column":0},"end":{"line":23,"column":68}},"25":{"start":{"line":26,"column":0},"end":{"line":26,"column":42}},"26":{"start":{"line":27,"column":0},"end":{"line":27,"column":67}},"27":{"start":{"line":28,"column":0},"end":{"line":28,"column":62}},"28":{"start":{"line":29,"column":0},"end":{"line":29,"column":14}},"31":{"start":{"line":32,"column":0},"end":{"line":32,"column":73}},"32":{"start":{"line":33,"column":0},"end":{"line":33,"column":13}},"34":{"start":{"line":35,"column":0},"end":{"line":35,"column":1}}},"s":{"0":0,"1":0,"3":0,"4":0,"5":0,"6":0,"7":0,"8":0,"9":0,"13":0,"14":0,"15":0,"17":0,"20":0,"21":0,"22":0,"25":0,"26":0,"27":0,"28":0,"31":0,"32":0,"34":0},"branchMap":{"0":{"type":"branch","line":1,"loc":{"start":{"line":1,"column":1171},"end":{"line":35,"column":1}},"locations":[{"start":{"line":1,"column":1171},"end":{"line":35,"column":1}}]}},"b":{"0":[0]},"fnMap":{"0":{"name":"(empty-report)","decl":{"start":{"line":1,"column":1171},"end":{"line":35,"column":1}},"loc":{"start":{"line":1,"column":1171},"end":{"line":35,"column":1}},"line":1}},"f":{"0":0}}
,"D:\\NEOCDT\\proyecto-finalINGSOFT\\FrontEnd\\neoCDT-FRONT\\src\\main.jsx": {"path":"D:\\NEOCDT\\proyecto-finalINGSOFT\\FrontEnd\\neoCDT-FRONT\\src\\main.jsx","all":true,"statementMap":{"0":{"start":{"line":1,"column":0},"end":{"line":1,"column":26}},"1":{"start":{"line":2,"column":0},"end":{"line":2,"column":40}},"2":{"start":{"line":3,"column":0},"end":{"line":3,"column":49}},"3":{"start":{"line":4,"column":0},"end":{"line":4,"column":28}},"4":{"start":{"line":5,"column":0},"end":{"line":5,"column":57}},"5":{"start":{"line":6,"column":0},"end":{"line":6,"column":20}},"7":{"start":{"line":8,"column":0},"end":{"line":8,"column":60}},"8":{"start":{"line":9,"column":0},"end":{"line":9,"column":20}},"9":{"start":{"line":10,"column":0},"end":{"line":10,"column":19}},"10":{"start":{"line":11,"column":0},"end":{"line":11,"column":20}},"11":{"start":{"line":12,"column":0},"end":{"line":12,"column":15}},"12":{"start":{"line":13,"column":0},"end":{"line":13,"column":21}},"13":{"start":{"line":14,"column":0},"end":{"line":14,"column":20}},"14":{"start":{"line":15,"column":0},"end":{"line":15,"column":21}},"15":{"start":{"line":16,"column":0},"end":{"line":16,"column":2}}},"s":{"0":0,"1":0,"2":0,"3":0,"4":0,"5":0,"7":0,"8":0,"9":0,"10":0,"11":0,"12":0,"13":0,"14":0,"15":0},"branchMap":{"0":{"type":"branch","line":1,"loc":{"start":{"line":1,"column":369},"end":{"line":16,"column":-297}},"locations":[{"start":{"line":1,"column":369},"end":{"line":16,"column":-297}}]}},"b":{"0":[0]},"fnMap":{"0":{"name":"(empty-report)","decl":{"start":{"line":1,"column":369},"end":{"line":16,"column":-297}},"loc":{"start":{"line":1,"column":369},"end":{"line":16,"column":-297}},"line":1}},"f":{"0":0}}
,"D:\\NEOCDT\\proyecto-finalINGSOFT\\FrontEnd\\neoCDT-FRONT\\src\\components\\FilterBar.jsx": {"path":"D:\\NEOCDT\\proyecto-finalINGSOFT\\FrontEnd\\neoCDT-FRONT\\src\\components\\FilterBar.jsx","all":false,"statementMap":{"1":{"start":{"line":2,"column":0},"end":{"line":2,"column":51}},"2":{"start":{"line":3,"column":0},"end":{"line":3,"column":29}},"4":{"start":{"line":5,"column":0},"end":{"line":5,"column":62}},"5":{"start":{"line":6,"column":0},"end":{"line":6,"column":61}},"6":{"start":{"line":7,"column":0},"end":{"line":7,"column":58}},"7":{"start":{"line":8,"column":0},"end":{"line":8,"column":58}},"8":{"start":{"line":9,"column":0},"end":{"line":9,"column":67}},"9":{"start":{"line":10,"column":0},"end":{"line":10,"column":40}},"12":{"start":{"line":13,"column":0},"end":{"line":13,"column":19}},"13":{"start":{"line":14,"column":0},"end":{"line":14,"column":38}},"14":{"start":{"line":15,"column":0},"end":{"line":15,"column":87}},"15":{"start":{"line":16,"column":0},"end":{"line":16,"column":12}},"17":{"start":{"line":18,"column":0},"end":{"line":18,"column":39}},"18":{"start":{"line":19,"column":0},"end":{"line":19,"column":51}},"20":{"start":{"line":21,"column":0},"end":{"line":21,"column":10}},"21":{"start":{"line":22,"column":0},"end":{"line":22,"column":32}},"23":{"start":{"line":24,"column":0},"end":{"line":24,"column":73}},"24":{"start":{"line":25,"column":0},"end":{"line":25,"column":51}},"25":{"start":{"line":26,"column":0},"end":{"line":26,"column":50}},"26":{"start":{"line":27,"column":0},"end":{"line":27,"column":60}},"27":{"start":{"line":28,"column":0},"end":{"line":28,"column":50}},"28":{"start":{"line":29,"column":0},"end":{"line":29,"column":52}},"29":{"start":{"line":30,"column":0},"end":{"line":30,"column":52}},"30":{"start":{"line":31,"column":0},"end":{"line":31,"column":15}},"33":{"start":{"line":34,"column":0},"end":{"line":34,"column":13}},"34":{"start":{"line":35,"column":0},"end":{"line":35,"column":20}},"35":{"start":{"line":36,"column":0},"end":{"line":36,"column":22}},"36":{"start":{"line":37,"column":0},"end":{"line":37,"column":50}},"37":{"start":{"line":38,"column":0},"end":{"line":38,"column":33}},"38":{"start":{"line":39,"column":0},"end":{"line":39,"column":8}},"39":{"start":{"line":40,"column":0},"end":{"line":40,"column":13}},"40":{"start":{"line":41,"column":0},"end":{"line":41,"column":20}},"41":{"start":{"line":42,"column":0},"end":{"line":42,"column":22}},"42":{"start":{"line":43,"column":0},"end":{"line":43,"column":50}},"43":{"start":{"line":44,"column":0},"end":{"line":44,"column":33}},"44":{"start":{"line":45,"column":0},"end":{"line":45,"column":8}},"47":{"start":{"line":48,"column":0},"end":{"line":48,"column":12}},"48":{"start":{"line":49,"column":0},"end":{"line":49,"column":21}},"49":{"start":{"line":50,"column":0},"end":{"line":50,"column":34}},"50":{"start":{"line":51,"column":0},"end":{"line":51,"column":24}},"51":{"start":{"line":52,"column":0},"end":{"line":52,"column":53}},"52":{"start":{"line":53,"column":0},"end":{"line":53,"column":8}},"55":{"start":{"line":56,"column":0},"end":{"line":56,"column":13}},"56":{"start":{"line":57,"column":0},"end":{"line":57,"column":104}},"57":{"start":{"line":58,"column":0},"end":{"line":58,"column":7}},"59":{"start":{"line":60,"column":0},"end":{"line":60,"column":15}},"60":{"start":{"line":61,"column":0},"end":{"line":61,"column":10}},"62":{"start":{"line":63,"column":0},"end":{"line":63,"column":1}}},"s":{"1":1,"2":1,"4":4,"5":4,"6":4,"7":4,"8":4,"9":4,"12":4,"13":4,"14":0,"15":4,"17":4,"18":4,"20":4,"21":4,"23":4,"24":4,"25":4,"26":4,"27":4,"28":4,"29":4,"30":4,"33":4,"34":4,"35":4,"36":4,"37":4,"38":4,"39":4,"40":4,"41":4,"42":4,"43":4,"44":4,"47":4,"48":4,"49":4,"50":4,"51":4,"52":4,"55":4,"56":4,"57":4,"59":4,"60":4,"62":4},"branchMap":{"0":{"type":"branch","line":5,"loc":{"start":{"line":5,"column":0},"end":{"line":63,"column":1}},"locations":[{"start":{"line":5,"column":0},"end":{"line":63,"column":1}}]},"1":{"type":"branch","line":6,"loc":{"start":{"line":6,"column":47},"end":{"line":6,"column":59}},"locations":[{"start":{"line":6,"column":47},"end":{"line":6,"column":59}}]},"2":{"type":"branch","line":9,"loc":{"start":{"line":9,"column":51},"end":{"line":9,"column":65}},"locations":[{"start":{"line":9,"column":51},"end":{"line":9,"column":65}}]},"3":{"type":"branch","line":13,"loc":{"start":{"line":13,"column":12},"end":{"line":19,"column":5}},"locations":[{"start":{"line":13,"column":12},"end":{"line":19,"column":5}}]},"4":{"type":"branch","line":18,"loc":{"start":{"line":18,"column":11},"end":{"line":18,"column":39}},"locations":[{"start":{"line":18,"column":11},"end":{"line":18,"column":39}}]},"5":{"type":"branch","line":24,"loc":{"start":{"line":24,"column":39},"end":{"line":24,"column":73}},"locations":[{"start":{"line":24,"column":39},"end":{"line":24,"column":73}}]},"6":{"type":"branch","line":52,"loc":{"start":{"line":52,"column":18},"end":{"line":52,"column":53}},"locations":[{"start":{"line":52,"column":18},"end":{"line":52,"column":53}}]},"7":{"type":"branch","line":57,"loc":{"start":{"line":57,"column":17},"end":{"line":57,"column":104}},"locations":[{"start":{"line":57,"column":17},"end":{"line":57,"column":104}}]},"8":{"type":"branch","line":57,"loc":{"start":{"line":57,"column":91},"end":{"line":57,"column":99}},"locations":[{"start":{"line":57,"column":91},"end":{"line":57,"column":99}}]}},"b":{"0":[4],"1":[3],"2":[3],"3":[4],"4":[4],"5":[1],"6":[1],"7":[1],"8":[0]},"fnMap":{"0":{"name":"FilterBar","decl":{"start":{"line":5,"column":0},"end":{"line":63,"column":1}},"loc":{"start":{"line":5,"column":0},"end":{"line":63,"column":1}},"line":5},"1":{"name":"onChange","decl":{"start":{"line":24,"column":39},"end":{"line":24,"column":73}},"loc":{"start":{"line":24,"column":39},"end":{"line":24,"column":73}},"line":24},"2":{"name":"onChange","decl":{"start":{"line":37,"column":18},"end":{"line":37,"column":50}},"loc":{"start":{"line":37,"column":18},"end":{"line":37,"column":50}},"line":37},"3":{"name":"onChange","decl":{"start":{"line":43,"column":18},"end":{"line":43,"column":50}},"loc":{"start":{"line":43,"column":18},"end":{"line":43,"column":50}},"line":43},"4":{"name":"onChange","decl":{"start":{"line":52,"column":18},"end":{"line":52,"column":53}},"loc":{"start":{"line":52,"column":18},"end":{"line":52,"column":53}},"line":52},"5":{"name":"onClick","decl":{"start":{"line":57,"column":17},"end":{"line":57,"column":104}},"loc":{"start":{"line":57,"column":17},"end":{"line":57,"column":104}},"line":57}},"f":{"0":4,"1":1,"2":0,"3":0,"4":1,"5":1}}
,"D:\\NEOCDT\\proyecto-finalINGSOFT\\FrontEnd\\neoCDT-FRONT\\src\\components\\Modal.jsx": {"path":"D:\\NEOCDT\\proyecto-finalINGSOFT\\FrontEnd\\neoCDT-FRONT\\src\\components\\Modal.jsx","all":false,"statementMap":{"1":{"start":{"line":2,"column":0},"end":{"line":2,"column":26}},"2":{"start":{"line":3,"column":0},"end":{"line":3,"column":25}},"12":{"start":{"line":13,"column":0},"end":{"line":13,"column":61}},"13":{"start":{"line":14,"column":0},"end":{"line":14,"column":10}},"14":{"start":{"line":15,"column":0},"end":{"line":15,"column":35}},"15":{"start":{"line":16,"column":0},"end":{"line":16,"column":37}},"17":{"start":{"line":18,"column":0},"end":{"line":18,"column":38}},"18":{"start":{"line":19,"column":0},"end":{"line":19,"column":26}},"19":{"start":{"line":20,"column":0},"end":{"line":20,"column":74}},"21":{"start":{"line":22,"column":0},"end":{"line":22,"column":19}},"22":{"start":{"line":23,"column":0},"end":{"line":23,"column":14}},"25":{"start":{"line":26,"column":0},"end":{"line":26,"column":52}},"26":{"start":{"line":27,"column":0},"end":{"line":27,"column":12}},"27":{"start":{"line":28,"column":0},"end":{"line":28,"column":10}},"29":{"start":{"line":30,"column":0},"end":{"line":30,"column":1}}},"s":{"1":1,"2":1,"12":3,"13":3,"14":3,"15":3,"17":3,"18":3,"19":3,"21":3,"22":3,"25":3,"26":3,"27":3,"29":3},"branchMap":{"0":{"type":"branch","line":13,"loc":{"start":{"line":13,"column":0},"end":{"line":30,"column":1}},"locations":[{"start":{"line":13,"column":0},"end":{"line":30,"column":1}}]}},"b":{"0":[3]},"fnMap":{"0":{"name":"Modal","decl":{"start":{"line":13,"column":0},"end":{"line":30,"column":1}},"loc":{"start":{"line":13,"column":0},"end":{"line":30,"column":1}},"line":13}},"f":{"0":3}}
,"D:\\NEOCDT\\proyecto-finalINGSOFT\\FrontEnd\\neoCDT-FRONT\\src\\components\\SolicitudForm.jsx": {"path":"D:\\NEOCDT\\proyecto-finalINGSOFT\\FrontEnd\\neoCDT-FRONT\\src\\components\\SolicitudForm.jsx","all":false,"statementMap":{"1":{"start":{"line":2,"column":0},"end":{"line":2,"column":51}},"2":{"start":{"line":3,"column":0},"end":{"line":3,"column":24}},"4":{"start":{"line":5,"column":0},"end":{"line":5,"column":88}},"5":{"start":{"line":6,"column":0},"end":{"line":6,"column":44}},"6":{"start":{"line":7,"column":0},"end":{"line":7,"column":14}},"7":{"start":{"line":8,"column":0},"end":{"line":8,"column":20}},"8":{"start":{"line":9,"column":0},"end":{"line":9,"column":5}},"10":{"start":{"line":11,"column":0},"end":{"line":11,"column":43}},"12":{"start":{"line":13,"column":0},"end":{"line":13,"column":19}},"13":{"start":{"line":14,"column":0},"end":{"line":14,"column":22}},"14":{"start":{"line":15,"column":0},"end":{"line":15,"column":19}},"15":{"start":{"line":16,"column":0},"end":{"line":16,"column":39}},"16":{"start":{"line":17,"column":0},"end":{"line":17,"column":51}},"17":{"start":{"line":18,"column":0},"end":{"line":18,"column":9}},"18":{"start":{"line":19,"column":0},"end":{"line":19,"column":5}},"19":{"start":{"line":20,"column":0},"end":{"line":20,"column":20}},"21":{"start":{"line":22,"column":0},"end":{"line":22,"column":26}},"22":{"start":{"line":23,"column":0},"end":{"line":23,"column":25}},"25":{"start":{"line":26,"column":0},"end":{"line":26,"column":43}},"26":{"start":{"line":27,"column":0},"end":{"line":27,"column":42}},"27":{"start":{"line":28,"column":0},"end":{"line":28,"column":48}},"28":{"start":{"line":29,"column":0},"end":{"line":29,"column":31}},"29":{"start":{"line":30,"column":0},"end":{"line":30,"column":52}},"30":{"start":{"line":31,"column":0},"end":{"line":31,"column":5}},"33":{"start":{"line":34,"column":0},"end":{"line":34,"column":49}},"34":{"start":{"line":35,"column":0},"end":{"line":35,"column":48}},"35":{"start":{"line":36,"column":0},"end":{"line":36,"column":54}},"36":{"start":{"line":37,"column":0},"end":{"line":37,"column":27}},"37":{"start":{"line":38,"column":0},"end":{"line":38,"column":65}},"38":{"start":{"line":39,"column":0},"end":{"line":39,"column":28}},"39":{"start":{"line":40,"column":0},"end":{"line":40,"column":60}},"40":{"start":{"line":41,"column":0},"end":{"line":41,"column":5}},"42":{"start":{"line":43,"column":0},"end":{"line":43,"column":25}},"43":{"start":{"line":44,"column":0},"end":{"line":44,"column":47}},"44":{"start":{"line":45,"column":0},"end":{"line":45,"column":4}},"46":{"start":{"line":47,"column":0},"end":{"line":47,"column":31}},"47":{"start":{"line":48,"column":0},"end":{"line":48,"column":23}},"49":{"start":{"line":50,"column":0},"end":{"line":50,"column":22}},"50":{"start":{"line":51,"column":0},"end":{"line":51,"column":13}},"51":{"start":{"line":52,"column":0},"end":{"line":52,"column":5}},"54":{"start":{"line":55,"column":0},"end":{"line":55,"column":14}},"55":{"start":{"line":56,"column":0},"end":{"line":56,"column":38}},"56":{"start":{"line":57,"column":0},"end":{"line":57,"column":50}},"57":{"start":{"line":58,"column":0},"end":{"line":58,"column":7}},"58":{"start":{"line":59,"column":0},"end":{"line":59,"column":4}},"60":{"start":{"line":61,"column":0},"end":{"line":61,"column":31}},"61":{"start":{"line":62,"column":0},"end":{"line":62,"column":37}},"62":{"start":{"line":63,"column":0},"end":{"line":63,"column":26}},"63":{"start":{"line":64,"column":0},"end":{"line":64,"column":14}},"64":{"start":{"line":65,"column":0},"end":{"line":65,"column":19}},"65":{"start":{"line":66,"column":0},"end":{"line":66,"column":8}},"67":{"start":{"line":68,"column":0},"end":{"line":68,"column":23}},"68":{"start":{"line":69,"column":0},"end":{"line":69,"column":26}},"69":{"start":{"line":70,"column":0},"end":{"line":70,"column":16}},"70":{"start":{"line":71,"column":0},"end":{"line":71,"column":25}},"71":{"start":{"line":72,"column":0},"end":{"line":72,"column":10}},"72":{"start":{"line":73,"column":0},"end":{"line":73,"column":5}},"73":{"start":{"line":74,"column":0},"end":{"line":74,"column":4}},"75":{"start":{"line":76,"column":0},"end":{"line":76,"column":10}},"76":{"start":{"line":77,"column":0},"end":{"line":77,"column":61}},"77":{"start":{"line":78,"column":0},"end":{"line":78,"column":34}},"78":{"start":{"line":79,"column":0},"end":{"line":79,"column":31}},"80":{"start":{"line":81,"column":0},"end":{"line":81,"column":60}},"81":{"start":{"line":82,"column":0},"end":{"line":82,"column":16}},"82":{"start":{"line":83,"column":0},"end":{"line":83,"column":14}},"83":{"start":{"line":84,"column":0},"end":{"line":84,"column":23}},"84":{"start":{"line":85,"column":0},"end":{"line":85,"column":20}},"85":{"start":{"line":86,"column":0},"end":{"line":86,"column":22}},"86":{"start":{"line":87,"column":0},"end":{"line":87,"column":32}},"87":{"start":{"line":88,"column":0},"end":{"line":88,"column":33}},"88":{"start":{"line":89,"column":0},"end":{"line":89,"column":33}},"89":{"start":{"line":90,"column":0},"end":{"line":90,"column":21}},"90":{"start":{"line":91,"column":0},"end":{"line":91,"column":21}},"91":{"start":{"line":92,"column":0},"end":{"line":92,"column":31}},"92":{"start":{"line":93,"column":0},"end":{"line":93,"column":49}},"93":{"start":{"line":94,"column":0},"end":{"line":94,"column":10}},"94":{"start":{"line":95,"column":0},"end":{"line":95,"column":79}},"95":{"start":{"line":96,"column":0},"end":{"line":96,"column":12}},"97":{"start":{"line":98,"column":0},"end":{"line":98,"column":34}},"98":{"start":{"line":99,"column":0},"end":{"line":99,"column":37}},"100":{"start":{"line":101,"column":0},"end":{"line":101,"column":63}},"101":{"start":{"line":102,"column":0},"end":{"line":102,"column":16}},"102":{"start":{"line":103,"column":0},"end":{"line":103,"column":14}},"103":{"start":{"line":104,"column":0},"end":{"line":104,"column":23}},"104":{"start":{"line":105,"column":0},"end":{"line":105,"column":26}},"105":{"start":{"line":106,"column":0},"end":{"line":106,"column":28}},"106":{"start":{"line":107,"column":0},"end":{"line":107,"column":38}},"107":{"start":{"line":108,"column":0},"end":{"line":108,"column":33}},"108":{"start":{"line":109,"column":0},"end":{"line":109,"column":30}},"109":{"start":{"line":110,"column":0},"end":{"line":110,"column":17}},"110":{"start":{"line":111,"column":0},"end":{"line":111,"column":18}},"111":{"start":{"line":112,"column":0},"end":{"line":112,"column":31}},"112":{"start":{"line":113,"column":0},"end":{"line":113,"column":55}},"113":{"start":{"line":114,"column":0},"end":{"line":114,"column":10}},"114":{"start":{"line":115,"column":0},"end":{"line":115,"column":91}},"115":{"start":{"line":116,"column":0},"end":{"line":116,"column":12}},"117":{"start":{"line":118,"column":0},"end":{"line":118,"column":23}},"118":{"start":{"line":119,"column":0},"end":{"line":119,"column":35}},"119":{"start":{"line":120,"column":0},"end":{"line":120,"column":69}},"120":{"start":{"line":121,"column":0},"end":{"line":121,"column":66}},"121":{"start":{"line":122,"column":0},"end":{"line":122,"column":14}},"124":{"start":{"line":125,"column":0},"end":{"line":125,"column":36}},"125":{"start":{"line":126,"column":0},"end":{"line":126,"column":15}},"126":{"start":{"line":127,"column":0},"end":{"line":127,"column":23}},"127":{"start":{"line":128,"column":0},"end":{"line":128,"column":28}},"128":{"start":{"line":129,"column":0},"end":{"line":129,"column":31}},"129":{"start":{"line":130,"column":0},"end":{"line":130,"column":35}},"130":{"start":{"line":131,"column":0},"end":{"line":131,"column":9}},"132":{"start":{"line":133,"column":0},"end":{"line":133,"column":17}},"133":{"start":{"line":134,"column":0},"end":{"line":134,"column":15}},"134":{"start":{"line":135,"column":0},"end":{"line":135,"column":23}},"135":{"start":{"line":136,"column":0},"end":{"line":136,"column":31}},"136":{"start":{"line":137,"column":0},"end":{"line":137,"column":33}},"138":{"start":{"line":139,"column":0},"end":{"line":139,"column":90}},"139":{"start":{"line":140,"column":0},"end":{"line":140,"column":17}},"140":{"start":{"line":141,"column":0},"end":{"line":141,"column":12}},"141":{"start":{"line":142,"column":0},"end":{"line":142,"column":11}},"143":{"start":{"line":144,"column":0},"end":{"line":144,"column":1}}},"s":{"1":1,"2":1,"4":12,"5":12,"6":12,"7":12,"8":12,"10":12,"12":12,"13":7,"14":1,"15":1,"16":1,"17":1,"18":1,"19":12,"21":12,"22":2,"25":2,"26":2,"27":1,"28":1,"29":0,"30":0,"33":2,"34":2,"35":1,"36":1,"37":0,"38":1,"39":0,"40":0,"42":2,"43":2,"44":2,"46":12,"47":2,"49":2,"50":1,"51":1,"54":1,"55":1,"56":1,"57":1,"58":2,"60":12,"61":2,"62":2,"63":2,"64":2,"65":2,"67":2,"68":0,"69":0,"70":0,"71":0,"72":0,"73":2,"75":12,"76":12,"77":12,"78":12,"80":12,"81":12,"82":12,"83":12,"84":12,"85":12,"86":12,"87":12,"88":12,"89":12,"90":12,"91":12,"92":12,"93":12,"94":12,"95":12,"97":12,"98":12,"100":12,"101":12,"102":12,"103":12,"104":12,"105":12,"106":12,"107":12,"108":12,"109":12,"110":12,"111":12,"112":12,"113":12,"114":12,"115":12,"117":12,"118":2,"119":2,"120":2,"121":2,"124":12,"125":12,"126":12,"127":12,"128":12,"129":12,"130":12,"132":12,"133":12,"134":12,"135":12,"136":12,"138":12,"139":12,"140":12,"141":12,"143":12},"branchMap":{"0":{"type":"branch","line":5,"loc":{"start":{"line":5,"column":0},"end":{"line":144,"column":1}},"locations":[{"start":{"line":5,"column":0},"end":{"line":144,"column":1}}]},"1":{"type":"branch","line":93,"loc":{"start":{"line":93,"column":28},"end":{"line":93,"column":46}},"locations":[{"start":{"line":93,"column":28},"end":{"line":93,"column":46}}]},"2":{"type":"branch","line":93,"loc":{"start":{"line":93,"column":36},"end":{"line":93,"column":49}},"locations":[{"start":{"line":93,"column":36},"end":{"line":93,"column":49}}]},"3":{"type":"branch","line":95,"loc":{"start":{"line":95,"column":16},"end":{"line":95,"column":79}},"locations":[{"start":{"line":95,"column":16},"end":{"line":95,"column":79}}]},"4":{"type":"branch","line":113,"loc":{"start":{"line":113,"column":28},"end":{"line":113,"column":52}},"locations":[{"start":{"line":113,"column":28},"end":{"line":113,"column":52}}]},"5":{"type":"branch","line":113,"loc":{"start":{"line":113,"column":42},"end":{"line":113,"column":55}},"locations":[{"start":{"line":113,"column":42},"end":{"line":113,"column":55}}]},"6":{"type":"branch","line":115,"loc":{"start":{"line":115,"column":16},"end":{"line":115,"column":91}},"locations":[{"start":{"line":115,"column":16},"end":{"line":115,"column":91}}]},"7":{"type":"branch","line":118,"loc":{"start":{"line":118,"column":7},"end":{"line":122,"column":14}},"locations":[{"start":{"line":118,"column":7},"end":{"line":122,"column":14}}]},"8":{"type":"branch","line":139,"loc":{"start":{"line":139,"column":11},"end":{"line":139,"column":42}},"locations":[{"start":{"line":139,"column":11},"end":{"line":139,"column":42}}]},"9":{"type":"branch","line":139,"loc":{"start":{"line":139,"column":24},"end":{"line":139,"column":90}},"locations":[{"start":{"line":139,"column":24},"end":{"line":139,"column":90}}]},"10":{"type":"branch","line":139,"loc":{"start":{"line":139,"column":42},"end":{"line":139,"column":71}},"locations":[{"start":{"line":139,"column":42},"end":{"line":139,"column":71}}]},"11":{"type":"branch","line":139,"loc":{"start":{"line":139,"column":56},"end":{"line":139,"column":90}},"locations":[{"start":{"line":139,"column":56},"end":{"line":139,"column":90}}]},"12":{"type":"branch","line":13,"loc":{"start":{"line":13,"column":12},"end":{"line":20,"column":5}},"locations":[{"start":{"line":13,"column":12},"end":{"line":20,"column":5}}]},"13":{"type":"branch","line":14,"loc":{"start":{"line":14,"column":21},"end":{"line":19,"column":5}},"locations":[{"start":{"line":14,"column":21},"end":{"line":19,"column":5}}]},"14":{"type":"branch","line":16,"loc":{"start":{"line":16,"column":27},"end":{"line":16,"column":39}},"locations":[{"start":{"line":16,"column":27},"end":{"line":16,"column":39}}]},"15":{"type":"branch","line":17,"loc":{"start":{"line":17,"column":33},"end":{"line":17,"column":51}},"locations":[{"start":{"line":17,"column":33},"end":{"line":17,"column":51}}]},"16":{"type":"branch","line":22,"loc":{"start":{"line":22,"column":19},"end":{"line":45,"column":4}},"locations":[{"start":{"line":22,"column":19},"end":{"line":45,"column":4}}]},"17":{"type":"branch","line":27,"loc":{"start":{"line":27,"column":18},"end":{"line":27,"column":41}},"locations":[{"start":{"line":27,"column":18},"end":{"line":27,"column":41}}]},"18":{"type":"branch","line":27,"loc":{"start":{"line":27,"column":41},"end":{"line":31,"column":5}},"locations":[{"start":{"line":27,"column":41},"end":{"line":31,"column":5}}]},"19":{"type":"branch","line":29,"loc":{"start":{"line":29,"column":30},"end":{"line":31,"column":5}},"locations":[{"start":{"line":29,"column":30},"end":{"line":31,"column":5}}]},"20":{"type":"branch","line":35,"loc":{"start":{"line":35,"column":18},"end":{"line":35,"column":47}},"locations":[{"start":{"line":35,"column":18},"end":{"line":35,"column":47}}]},"21":{"type":"branch","line":35,"loc":{"start":{"line":35,"column":47},"end":{"line":41,"column":5}},"locations":[{"start":{"line":35,"column":47},"end":{"line":41,"column":5}}]},"22":{"type":"branch","line":37,"loc":{"start":{"line":37,"column":26},"end":{"line":39,"column":15}},"locations":[{"start":{"line":37,"column":26},"end":{"line":39,"column":15}}]},"23":{"type":"branch","line":39,"loc":{"start":{"line":39,"column":27},"end":{"line":41,"column":5}},"locations":[{"start":{"line":39,"column":27},"end":{"line":41,"column":5}}]},"24":{"type":"branch","line":47,"loc":{"start":{"line":47,"column":23},"end":{"line":59,"column":4}},"locations":[{"start":{"line":47,"column":23},"end":{"line":59,"column":4}}]},"25":{"type":"branch","line":50,"loc":{"start":{"line":50,"column":21},"end":{"line":58,"column":7}},"locations":[{"start":{"line":50,"column":21},"end":{"line":58,"column":7}}]},"26":{"type":"branch","line":61,"loc":{"start":{"line":61,"column":23},"end":{"line":74,"column":4}},"locations":[{"start":{"line":61,"column":23},"end":{"line":74,"column":4}}]},"27":{"type":"branch","line":68,"loc":{"start":{"line":68,"column":22},"end":{"line":73,"column":5}},"locations":[{"start":{"line":68,"column":22},"end":{"line":73,"column":5}}]},"28":{"type":"branch","line":63,"loc":{"start":{"line":63,"column":16},"end":{"line":66,"column":6}},"locations":[{"start":{"line":63,"column":16},"end":{"line":66,"column":6}}]}},"b":{"0":[12],"1":[1],"2":[11],"3":[1],"4":[1],"5":[11],"6":[1],"7":[2],"8":[1],"9":[11],"10":[2],"11":[9],"12":[7],"13":[1],"14":[0],"15":[0],"16":[2],"17":[1],"18":[1],"19":[0],"20":[1],"21":[1],"22":[0],"23":[0],"24":[2],"25":[1],"26":[2],"27":[0],"28":[2]},"fnMap":{"0":{"name":"SolicitudForm","decl":{"start":{"line":5,"column":0},"end":{"line":144,"column":1}},"loc":{"start":{"line":5,"column":0},"end":{"line":144,"column":1}},"line":5},"1":{"name":"validate","decl":{"start":{"line":22,"column":19},"end":{"line":45,"column":4}},"loc":{"start":{"line":22,"column":19},"end":{"line":45,"column":4}},"line":22},"2":{"name":"handleSubmit","decl":{"start":{"line":47,"column":23},"end":{"line":59,"column":4}},"loc":{"start":{"line":47,"column":23},"end":{"line":59,"column":4}},"line":47},"3":{"name":"handleChange","decl":{"start":{"line":61,"column":23},"end":{"line":74,"column":4}},"loc":{"start":{"line":61,"column":23},"end":{"line":74,"column":4}},"line":61}},"f":{"0":12,"1":2,"2":2,"3":2}}
,"D:\\NEOCDT\\proyecto-finalINGSOFT\\FrontEnd\\neoCDT-FRONT\\src\\components\\SolicitudesTable.jsx": {"path":"D:\\NEOCDT\\proyecto-finalINGSOFT\\FrontEnd\\neoCDT-FRONT\\src\\components\\SolicitudesTable.jsx","all":false,"statementMap":{"1":{"start":{"line":2,"column":0},"end":{"line":2,"column":26}},"2":{"start":{"line":3,"column":0},"end":{"line":3,"column":25}},"4":{"start":{"line":5,"column":0},"end":{"line":5,"column":76}},"5":{"start":{"line":6,"column":0},"end":{"line":6,"column":34}},"6":{"start":{"line":7,"column":0},"end":{"line":7,"column":43}},"7":{"start":{"line":8,"column":0},"end":{"line":8,"column":24}},"8":{"start":{"line":9,"column":0},"end":{"line":9,"column":22}},"9":{"start":{"line":10,"column":0},"end":{"line":10,"column":30}},"10":{"start":{"line":11,"column":0},"end":{"line":11,"column":21}},"11":{"start":{"line":12,"column":0},"end":{"line":12,"column":4}},"13":{"start":{"line":14,"column":0},"end":{"line":14,"column":34}},"14":{"start":{"line":15,"column":0},"end":{"line":15,"column":29}},"15":{"start":{"line":16,"column":0},"end":{"line":16,"column":9}},"16":{"start":{"line":17,"column":0},"end":{"line":17,"column":35}},"17":{"start":{"line":18,"column":0},"end":{"line":18,"column":43}},"18":{"start":{"line":19,"column":0},"end":{"line":19,"column":24}},"19":{"start":{"line":20,"column":0},"end":{"line":20,"column":23}},"20":{"start":{"line":21,"column":0},"end":{"line":21,"column":23}},"21":{"start":{"line":22,"column":0},"end":{"line":22,"column":24}},"22":{"start":{"line":23,"column":0},"end":{"line":23,"column":25}},"23":{"start":{"line":24,"column":0},"end":{"line":24,"column":9}},"24":{"start":{"line":25,"column":0},"end":{"line":25,"column":13}},"25":{"start":{"line":26,"column":0},"end":{"line":26,"column":19}},"26":{"start":{"line":27,"column":0},"end":{"line":27,"column":5}},"27":{"start":{"line":28,"column":0},"end":{"line":28,"column":4}},"29":{"start":{"line":30,"column":0},"end":{"line":30,"column":43}},"30":{"start":{"line":31,"column":0},"end":{"line":31,"column":31}},"31":{"start":{"line":32,"column":0},"end":{"line":32,"column":36}},"32":{"start":{"line":33,"column":0},"end":{"line":33,"column":22}},"33":{"start":{"line":34,"column":0},"end":{"line":34,"column":41}},"34":{"start":{"line":35,"column":0},"end":{"line":35,"column":27}},"35":{"start":{"line":36,"column":0},"end":{"line":36,"column":27}},"36":{"start":{"line":37,"column":0},"end":{"line":37,"column":43}},"37":{"start":{"line":38,"column":0},"end":{"line":38,"column":22}},"38":{"start":{"line":39,"column":0},"end":{"line":39,"column":44}},"39":{"start":{"line":40,"column":0},"end":{"line":40,"column":23}},"40":{"start":{"line":41,"column":0},"end":{"line":41,"column":44}},"41":{"start":{"line":42,"column":0},"end":{"line":42,"column":23}},"42":{"start":{"line":43,"column":0},"end":{"line":43,"column":45}},"43":{"start":{"line":44,"column":0},"end":{"line":44,"column":14}},"44":{"start":{"line":45,"column":0},"end":{"line":45,"column":43}},"45":{"start":{"line":46,"column":0},"end":{"line":46,"column":5}},"46":{"start":{"line":47,"column":0},"end":{"line":47,"column":4}},"48":{"start":{"line":49,"column":0},"end":{"line":49,"column":46}},"49":{"start":{"line":50,"column":0},"end":{"line":50,"column":46}},"50":{"start":{"line":51,"column":0},"end":{"line":51,"column":12}},"51":{"start":{"line":52,"column":0},"end":{"line":52,"column":46}},"52":{"start":{"line":53,"column":0},"end":{"line":53,"column":46}},"53":{"start":{"line":54,"column":0},"end":{"line":54,"column":118}},"54":{"start":{"line":55,"column":0},"end":{"line":55,"column":47}},"55":{"start":{"line":56,"column":0},"end":{"line":56,"column":6}},"56":{"start":{"line":57,"column":0},"end":{"line":57,"column":4}},"58":{"start":{"line":59,"column":0},"end":{"line":59,"column":37}},"59":{"start":{"line":60,"column":0},"end":{"line":60,"column":16}},"60":{"start":{"line":61,"column":0},"end":{"line":61,"column":3}},"62":{"start":{"line":63,"column":0},"end":{"line":63,"column":10}},"63":{"start":{"line":64,"column":0},"end":{"line":64,"column":67}},"64":{"start":{"line":65,"column":0},"end":{"line":65,"column":85}},"65":{"start":{"line":66,"column":0},"end":{"line":66,"column":15}},"66":{"start":{"line":67,"column":0},"end":{"line":67,"column":80}},"67":{"start":{"line":68,"column":0},"end":{"line":68,"column":74}},"68":{"start":{"line":69,"column":0},"end":{"line":69,"column":78}},"69":{"start":{"line":70,"column":0},"end":{"line":70,"column":79}},"70":{"start":{"line":71,"column":0},"end":{"line":71,"column":78}},"71":{"start":{"line":72,"column":0},"end":{"line":72,"column":80}},"72":{"start":{"line":73,"column":0},"end":{"line":73,"column":89}},"73":{"start":{"line":74,"column":0},"end":{"line":74,"column":82}},"74":{"start":{"line":75,"column":0},"end":{"line":75,"column":15}},"75":{"start":{"line":76,"column":0},"end":{"line":76,"column":16}},"76":{"start":{"line":77,"column":0},"end":{"line":77,"column":15}},"77":{"start":{"line":78,"column":0},"end":{"line":78,"column":32}},"78":{"start":{"line":79,"column":0},"end":{"line":79,"column":65}},"80":{"start":{"line":81,"column":0},"end":{"line":81,"column":20}},"81":{"start":{"line":82,"column":0},"end":{"line":82,"column":75}},"82":{"start":{"line":83,"column":0},"end":{"line":83,"column":88}},"83":{"start":{"line":84,"column":0},"end":{"line":84,"column":46}},"84":{"start":{"line":85,"column":0},"end":{"line":85,"column":21}},"85":{"start":{"line":86,"column":0},"end":{"line":86,"column":91}},"86":{"start":{"line":87,"column":0},"end":{"line":87,"column":43}},"87":{"start":{"line":88,"column":0},"end":{"line":88,"column":21}},"88":{"start":{"line":89,"column":0},"end":{"line":89,"column":73}},"89":{"start":{"line":90,"column":0},"end":{"line":90,"column":96}},"90":{"start":{"line":91,"column":0},"end":{"line":91,"column":21}},"91":{"start":{"line":92,"column":0},"end":{"line":92,"column":110}},"92":{"start":{"line":93,"column":0},"end":{"line":93,"column":55}},"93":{"start":{"line":94,"column":0},"end":{"line":94,"column":21}},"94":{"start":{"line":95,"column":0},"end":{"line":95,"column":73}},"95":{"start":{"line":96,"column":0},"end":{"line":96,"column":69}},"96":{"start":{"line":97,"column":0},"end":{"line":97,"column":33}},"97":{"start":{"line":98,"column":0},"end":{"line":98,"column":25}},"98":{"start":{"line":99,"column":0},"end":{"line":99,"column":21}},"99":{"start":{"line":100,"column":0},"end":{"line":100,"column":72}},"100":{"start":{"line":101,"column":0},"end":{"line":101,"column":51}},"101":{"start":{"line":102,"column":0},"end":{"line":102,"column":21}},"102":{"start":{"line":103,"column":0},"end":{"line":103,"column":52}},"103":{"start":{"line":104,"column":0},"end":{"line":104,"column":107}},"104":{"start":{"line":105,"column":0},"end":{"line":105,"column":46}},"105":{"start":{"line":106,"column":0},"end":{"line":106,"column":29}},"106":{"start":{"line":107,"column":0},"end":{"line":107,"column":55}},"107":{"start":{"line":108,"column":0},"end":{"line":108,"column":55}},"108":{"start":{"line":109,"column":0},"end":{"line":109,"column":38}},"109":{"start":{"line":110,"column":0},"end":{"line":110,"column":32}},"110":{"start":{"line":111,"column":0},"end":{"line":111,"column":46}},"111":{"start":{"line":112,"column":0},"end":{"line":112,"column":46}},"112":{"start":{"line":113,"column":0},"end":{"line":113,"column":48}},"113":{"start":{"line":114,"column":0},"end":{"line":114,"column":41}},"114":{"start":{"line":115,"column":0},"end":{"line":115,"column":41}},"115":{"start":{"line":116,"column":0},"end":{"line":116,"column":46}},"116":{"start":{"line":117,"column":0},"end":{"line":117,"column":43}},"117":{"start":{"line":118,"column":0},"end":{"line":118,"column":26}},"118":{"start":{"line":119,"column":0},"end":{"line":119,"column":23}},"120":{"start":{"line":121,"column":0},"end":{"line":121,"column":31}},"123":{"start":{"line":124,"column":0},"end":{"line":124,"column":46}},"124":{"start":{"line":125,"column":0},"end":{"line":125,"column":29}},"125":{"start":{"line":126,"column":0},"end":{"line":126,"column":79}},"126":{"start":{"line":127,"column":0},"end":{"line":127,"column":55}},"127":{"start":{"line":128,"column":0},"end":{"line":128,"column":51}},"128":{"start":{"line":129,"column":0},"end":{"line":129,"column":32}},"129":{"start":{"line":130,"column":0},"end":{"line":130,"column":46}},"130":{"start":{"line":131,"column":0},"end":{"line":131,"column":46}},"131":{"start":{"line":132,"column":0},"end":{"line":132,"column":48}},"132":{"start":{"line":133,"column":0},"end":{"line":133,"column":41}},"133":{"start":{"line":134,"column":0},"end":{"line":134,"column":41}},"134":{"start":{"line":135,"column":0},"end":{"line":135,"column":46}},"135":{"start":{"line":136,"column":0},"end":{"line":136,"column":43}},"136":{"start":{"line":137,"column":0},"end":{"line":137,"column":26}},"137":{"start":{"line":138,"column":0},"end":{"line":138,"column":23}},"139":{"start":{"line":140,"column":0},"end":{"line":140,"column":31}},"142":{"start":{"line":143,"column":0},"end":{"line":143,"column":48}},"143":{"start":{"line":144,"column":0},"end":{"line":144,"column":29}},"144":{"start":{"line":145,"column":0},"end":{"line":145,"column":75}},"145":{"start":{"line":146,"column":0},"end":{"line":146,"column":57}},"146":{"start":{"line":147,"column":0},"end":{"line":147,"column":40}},"147":{"start":{"line":148,"column":0},"end":{"line":148,"column":32}},"148":{"start":{"line":149,"column":0},"end":{"line":149,"column":46}},"149":{"start":{"line":150,"column":0},"end":{"line":150,"column":46}},"150":{"start":{"line":151,"column":0},"end":{"line":151,"column":50}},"151":{"start":{"line":152,"column":0},"end":{"line":152,"column":41}},"152":{"start":{"line":153,"column":0},"end":{"line":153,"column":41}},"153":{"start":{"line":154,"column":0},"end":{"line":154,"column":46}},"154":{"start":{"line":155,"column":0},"end":{"line":155,"column":43}},"155":{"start":{"line":156,"column":0},"end":{"line":156,"column":26}},"156":{"start":{"line":157,"column":0},"end":{"line":157,"column":23}},"158":{"start":{"line":159,"column":0},"end":{"line":159,"column":31}},"160":{"start":{"line":161,"column":0},"end":{"line":161,"column":24}},"161":{"start":{"line":162,"column":0},"end":{"line":162,"column":21}},"162":{"start":{"line":163,"column":0},"end":{"line":163,"column":19}},"164":{"start":{"line":165,"column":0},"end":{"line":165,"column":13}},"165":{"start":{"line":166,"column":0},"end":{"line":166,"column":16}},"166":{"start":{"line":167,"column":0},"end":{"line":167,"column":14}},"168":{"start":{"line":169,"column":0},"end":{"line":169,"column":19}},"228":{"start":{"line":229,"column":0},"end":{"line":229,"column":16}},"229":{"start":{"line":230,"column":0},"end":{"line":230,"column":10}},"231":{"start":{"line":232,"column":0},"end":{"line":232,"column":1}}},"s":{"1":1,"2":1,"4":8,"5":8,"6":21,"7":21,"8":21,"9":21,"10":21,"11":21,"13":8,"14":21,"15":21,"16":21,"17":21,"18":21,"19":21,"20":21,"21":21,"22":21,"23":21,"24":21,"25":0,"26":0,"27":21,"29":8,"30":21,"31":21,"32":21,"33":7,"34":21,"35":21,"36":7,"37":21,"38":7,"39":21,"40":0,"41":21,"42":0,"43":21,"44":0,"45":21,"46":21,"48":8,"49":21,"50":21,"51":21,"52":21,"53":21,"54":21,"55":21,"56":21,"58":8,"59":1,"60":1,"62":7,"63":7,"64":7,"65":7,"66":7,"67":7,"68":7,"69":7,"70":7,"71":7,"72":7,"73":7,"74":7,"75":7,"76":7,"77":7,"78":21,"80":21,"81":21,"82":21,"83":21,"84":21,"85":21,"86":21,"87":21,"88":21,"89":21,"90":21,"91":21,"92":21,"93":21,"94":21,"95":21,"96":21,"97":21,"98":21,"99":21,"100":21,"101":21,"102":21,"103":21,"104":21,"105":7,"106":7,"107":7,"108":7,"109":7,"110":7,"111":7,"112":7,"113":7,"114":7,"115":7,"116":7,"117":7,"118":7,"120":7,"123":21,"124":7,"125":7,"126":7,"127":7,"128":7,"129":7,"130":7,"131":7,"132":7,"133":7,"134":7,"135":7,"136":7,"137":7,"139":7,"142":21,"143":14,"144":14,"145":14,"146":14,"147":14,"148":14,"149":14,"150":14,"151":14,"152":14,"153":14,"154":14,"155":14,"156":14,"158":14,"160":21,"161":21,"162":21,"164":7,"165":7,"166":7,"168":7,"228":7,"229":7,"231":7},"branchMap":{"0":{"type":"branch","line":5,"loc":{"start":{"line":5,"column":0},"end":{"line":232,"column":1}},"locations":[{"start":{"line":5,"column":0},"end":{"line":232,"column":1}}]},"1":{"type":"branch","line":59,"loc":{"start":{"line":59,"column":36},"end":{"line":61,"column":3}},"locations":[{"start":{"line":59,"column":36},"end":{"line":61,"column":3}}]},"2":{"type":"branch","line":61,"loc":{"start":{"line":61,"column":2},"end":{"line":232,"column":1}},"locations":[{"start":{"line":61,"column":2},"end":{"line":232,"column":1}}]},"3":{"type":"branch","line":6,"loc":{"start":{"line":6,"column":22},"end":{"line":12,"column":4}},"locations":[{"start":{"line":6,"column":22},"end":{"line":12,"column":4}}]},"4":{"type":"branch","line":14,"loc":{"start":{"line":14,"column":22},"end":{"line":28,"column":4}},"locations":[{"start":{"line":14,"column":22},"end":{"line":28,"column":4}}]},"5":{"type":"branch","line":15,"loc":{"start":{"line":15,"column":16},"end":{"line":15,"column":29}},"locations":[{"start":{"line":15,"column":16},"end":{"line":15,"column":29}}]},"6":{"type":"branch","line":25,"loc":{"start":{"line":25,"column":4},"end":{"line":27,"column":5}},"locations":[{"start":{"line":25,"column":4},"end":{"line":27,"column":5}}]},"7":{"type":"branch","line":30,"loc":{"start":{"line":30,"column":30},"end":{"line":47,"column":4}},"locations":[{"start":{"line":30,"column":30},"end":{"line":47,"column":4}}]},"8":{"type":"branch","line":33,"loc":{"start":{"line":33,"column":6},"end":{"line":34,"column":41}},"locations":[{"start":{"line":33,"column":6},"end":{"line":34,"column":41}}]},"9":{"type":"branch","line":35,"loc":{"start":{"line":35,"column":6},"end":{"line":35,"column":27}},"locations":[{"start":{"line":35,"column":6},"end":{"line":35,"column":27}}]},"10":{"type":"branch","line":36,"loc":{"start":{"line":36,"column":6},"end":{"line":37,"column":43}},"locations":[{"start":{"line":36,"column":6},"end":{"line":37,"column":43}}]},"11":{"type":"branch","line":38,"loc":{"start":{"line":38,"column":6},"end":{"line":39,"column":44}},"locations":[{"start":{"line":38,"column":6},"end":{"line":39,"column":44}}]},"12":{"type":"branch","line":40,"loc":{"start":{"line":40,"column":6},"end":{"line":41,"column":44}},"locations":[{"start":{"line":40,"column":6},"end":{"line":41,"column":44}}]},"13":{"type":"branch","line":42,"loc":{"start":{"line":42,"column":6},"end":{"line":43,"column":45}},"locations":[{"start":{"line":42,"column":6},"end":{"line":43,"column":45}}]},"14":{"type":"branch","line":44,"loc":{"start":{"line":44,"column":6},"end":{"line":45,"column":43}},"locations":[{"start":{"line":44,"column":6},"end":{"line":45,"column":43}}]},"15":{"type":"branch","line":49,"loc":{"start":{"line":49,"column":33},"end":{"line":57,"column":4}},"locations":[{"start":{"line":49,"column":33},"end":{"line":57,"column":4}}]},"16":{"type":"branch","line":54,"loc":{"start":{"line":54,"column":37},"end":{"line":54,"column":86}},"locations":[{"start":{"line":54,"column":37},"end":{"line":54,"column":86}}]},"17":{"type":"branch","line":54,"loc":{"start":{"line":54,"column":67},"end":{"line":54,"column":118}},"locations":[{"start":{"line":54,"column":67},"end":{"line":54,"column":118}}]},"18":{"type":"branch","line":78,"loc":{"start":{"line":78,"column":21},"end":{"line":165,"column":11}},"locations":[{"start":{"line":78,"column":21},"end":{"line":165,"column":11}}]},"19":{"type":"branch","line":90,"loc":{"start":{"line":90,"column":76},"end":{"line":90,"column":88}},"locations":[{"start":{"line":90,"column":76},"end":{"line":90,"column":88}}]},"20":{"type":"branch","line":93,"loc":{"start":{"line":93,"column":43},"end":{"line":93,"column":55}},"locations":[{"start":{"line":93,"column":43},"end":{"line":93,"column":55}}]},"21":{"type":"branch","line":105,"loc":{"start":{"line":105,"column":30},"end":{"line":121,"column":31}},"locations":[{"start":{"line":105,"column":30},"end":{"line":121,"column":31}}]},"22":{"type":"branch","line":124,"loc":{"start":{"line":124,"column":30},"end":{"line":140,"column":31}},"locations":[{"start":{"line":124,"column":30},"end":{"line":140,"column":31}}]},"23":{"type":"branch","line":143,"loc":{"start":{"line":143,"column":30},"end":{"line":159,"column":31}},"locations":[{"start":{"line":143,"column":30},"end":{"line":159,"column":31}}]},"24":{"type":"branch","line":107,"loc":{"start":{"line":107,"column":33},"end":{"line":107,"column":55}},"locations":[{"start":{"line":107,"column":33},"end":{"line":107,"column":55}}]},"25":{"type":"branch","line":126,"loc":{"start":{"line":126,"column":33},"end":{"line":126,"column":79}},"locations":[{"start":{"line":126,"column":33},"end":{"line":126,"column":79}}]},"26":{"type":"branch","line":145,"loc":{"start":{"line":145,"column":33},"end":{"line":145,"column":75}},"locations":[{"start":{"line":145,"column":33},"end":{"line":145,"column":75}}]}},"b":{"0":[8],"1":[1],"2":[7],"3":[21],"4":[21],"5":[0],"6":[0],"7":[21],"8":[7],"9":[7],"10":[7],"11":[7],"12":[0],"13":[0],"14":[0],"15":[21],"16":[14],"17":[7],"18":[21],"19":[0],"20":[0],"21":[7],"22":[7],"23":[14],"24":[1],"25":[1],"26":[1]},"fnMap":{"0":{"name":"SolicitudesTable","decl":{"start":{"line":5,"column":0},"end":{"line":232,"column":1}},"loc":{"start":{"line":5,"column":0},"end":{"line":232,"column":1}},"line":5},"1":{"name":"formatMonto","decl":{"start":{"line":6,"column":22},"end":{"line":12,"column":4}},"loc":{"start":{"line":6,"column":22},"end":{"line":12,"column":4}},"line":6},"2":{"name":"formatFecha","decl":{"start":{"line":14,"column":22},"end":{"line":28,"column":4}},"loc":{"start":{"line":14,"column":22},"end":{"line":28,"column":4}},"line":14},"3":{"name":"getEstadoBadgeClass","decl":{"start":{"line":30,"column":30},"end":{"line":47,"column":4}},"loc":{"start":{"line":30,"column":30},"end":{"line":47,"column":4}},"line":30},"4":{"name":"getAccionesDisponibles","decl":{"start":{"line":49,"column":33},"end":{"line":57,"column":4}},"loc":{"start":{"line":49,"column":33},"end":{"line":57,"column":4}},"line":49},"5":{"name":"onClick","decl":{"start":{"line":107,"column":33},"end":{"line":107,"column":55}},"loc":{"start":{"line":107,"column":33},"end":{"line":107,"column":55}},"line":107},"6":{"name":"onClick","decl":{"start":{"line":126,"column":33},"end":{"line":126,"column":79}},"loc":{"start":{"line":126,"column":33},"end":{"line":126,"column":79}},"line":126},"7":{"name":"onClick","decl":{"start":{"line":145,"column":33},"end":{"line":145,"column":75}},"loc":{"start":{"line":145,"column":33},"end":{"line":145,"column":75}},"line":145}},"f":{"0":8,"1":21,"2":21,"3":21,"4":21,"5":1,"6":1,"7":1}}
,"D:\\NEOCDT\\proyecto-finalINGSOFT\\FrontEnd\\neoCDT-FRONT\\src\\components\\forgotPassword.jsx": {"path":"D:\\NEOCDT\\proyecto-finalINGSOFT\\FrontEnd\\neoCDT-FRONT\\src\\components\\forgotPassword.jsx","all":false,"statementMap":{"0":{"start":{"line":1,"column":0},"end":{"line":1,"column":26}},"1":{"start":{"line":2,"column":0},"end":{"line":2,"column":40}},"2":{"start":{"line":3,"column":0},"end":{"line":3,"column":35}},"4":{"start":{"line":5,"column":0},"end":{"line":5,"column":42}},"5":{"start":{"line":6,"column":0},"end":{"line":6,"column":10}},"6":{"start":{"line":7,"column":0},"end":{"line":7,"column":38}},"8":{"start":{"line":9,"column":0},"end":{"line":9,"column":35}},"9":{"start":{"line":10,"column":0},"end":{"line":10,"column":38}},"10":{"start":{"line":11,"column":0},"end":{"line":11,"column":24}},"11":{"start":{"line":12,"column":0},"end":{"line":12,"column":12}},"14":{"start":{"line":15,"column":0},"end":{"line":15,"column":36}},"15":{"start":{"line":16,"column":0},"end":{"line":16,"column":36}},"16":{"start":{"line":17,"column":0},"end":{"line":17,"column":33}},"17":{"start":{"line":18,"column":0},"end":{"line":18,"column":34}},"19":{"start":{"line":20,"column":0},"end":{"line":20,"column":14}},"21":{"start":{"line":22,"column":0},"end":{"line":22,"column":16}},"22":{"start":{"line":23,"column":0},"end":{"line":23,"column":48}},"23":{"start":{"line":24,"column":0},"end":{"line":24,"column":18}},"24":{"start":{"line":25,"column":0},"end":{"line":25,"column":26}},"25":{"start":{"line":26,"column":0},"end":{"line":26,"column":24}},"26":{"start":{"line":27,"column":0},"end":{"line":27,"column":44}},"27":{"start":{"line":28,"column":0},"end":{"line":28,"column":22}},"28":{"start":{"line":29,"column":0},"end":{"line":29,"column":14}},"30":{"start":{"line":31,"column":0},"end":{"line":31,"column":57}},"32":{"start":{"line":33,"column":0},"end":{"line":33,"column":21}},"33":{"start":{"line":34,"column":0},"end":{"line":34,"column":17}},"35":{"start":{"line":36,"column":0},"end":{"line":36,"column":34}},"36":{"start":{"line":37,"column":0},"end":{"line":37,"column":68}},"37":{"start":{"line":38,"column":0},"end":{"line":38,"column":14}},"38":{"start":{"line":39,"column":0},"end":{"line":39,"column":14}},"39":{"start":{"line":40,"column":0},"end":{"line":40,"column":12}},"40":{"start":{"line":41,"column":0},"end":{"line":41,"column":10}},"42":{"start":{"line":43,"column":0},"end":{"line":43,"column":1}}},"s":{"0":1,"1":1,"2":1,"4":3,"5":3,"6":3,"8":3,"9":3,"10":3,"11":3,"14":3,"15":3,"16":3,"17":3,"19":3,"21":3,"22":3,"23":3,"24":3,"25":3,"26":3,"27":3,"28":3,"30":3,"32":3,"33":3,"35":3,"36":3,"37":3,"38":3,"39":3,"40":3,"42":3},"branchMap":{"0":{"type":"branch","line":5,"loc":{"start":{"line":5,"column":0},"end":{"line":43,"column":1}},"locations":[{"start":{"line":5,"column":0},"end":{"line":43,"column":1}}]}},"b":{"0":[3]},"fnMap":{"0":{"name":"ForgotPassword","decl":{"start":{"line":5,"column":0},"end":{"line":43,"column":1}},"loc":{"start":{"line":5,"column":0},"end":{"line":43,"column":1}},"line":5}},"f":{"0":3}}
,"D:\\NEOCDT\\proyecto-finalINGSOFT\\FrontEnd\\neoCDT-FRONT\\src\\components\\homescreen.jsx": {"path":"D:\\NEOCDT\\proyecto-finalINGSOFT\\FrontEnd\\neoCDT-FRONT\\src\\components\\homescreen.jsx","all":false,"statementMap":{"0":{"start":{"line":1,"column":0},"end":{"line":1,"column":26}},"1":{"start":{"line":2,"column":0},"end":{"line":2,"column":47}},"2":{"start":{"line":3,"column":0},"end":{"line":3,"column":34}},"3":{"start":{"line":4,"column":0},"end":{"line":4,"column":69}},"4":{"start":{"line":5,"column":0},"end":{"line":5,"column":31}},"6":{"start":{"line":7,"column":0},"end":{"line":7,"column":38}},"7":{"start":{"line":8,"column":0},"end":{"line":8,"column":33}},"9":{"start":{"line":10,"column":0},"end":{"line":10,"column":10}},"10":{"start":{"line":11,"column":0},"end":{"line":11,"column":36}},"11":{"start":{"line":12,"column":0},"end":{"line":12,"column":33}},"12":{"start":{"line":13,"column":0},"end":{"line":13,"column":12}},"13":{"start":{"line":14,"column":0},"end":{"line":14,"column":49}},"14":{"start":{"line":15,"column":0},"end":{"line":15,"column":13}},"15":{"start":{"line":16,"column":0},"end":{"line":16,"column":11}},"18":{"start":{"line":19,"column":0},"end":{"line":19,"column":12}},"19":{"start":{"line":20,"column":0},"end":{"line":20,"column":72}},"21":{"start":{"line":22,"column":0},"end":{"line":22,"column":17}},"22":{"start":{"line":23,"column":0},"end":{"line":23,"column":12}},"24":{"start":{"line":25,"column":0},"end":{"line":25,"column":34}},"25":{"start":{"line":26,"column":0},"end":{"line":26,"column":15}},"26":{"start":{"line":27,"column":0},"end":{"line":27,"column":39}},"27":{"start":{"line":28,"column":0},"end":{"line":28,"column":21}},"28":{"start":{"line":29,"column":0},"end":{"line":29,"column":25}},"29":{"start":{"line":30,"column":0},"end":{"line":30,"column":45}},"30":{"start":{"line":31,"column":0},"end":{"line":31,"column":10}},"31":{"start":{"line":32,"column":0},"end":{"line":32,"column":12}},"32":{"start":{"line":33,"column":0},"end":{"line":33,"column":10}},"34":{"start":{"line":35,"column":0},"end":{"line":35,"column":1}}},"s":{"0":1,"1":1,"2":1,"3":1,"4":1,"6":3,"7":3,"9":3,"10":3,"11":3,"12":3,"13":3,"14":3,"15":3,"18":3,"19":3,"21":3,"22":3,"24":3,"25":3,"26":3,"27":3,"28":3,"29":3,"30":3,"31":3,"32":3,"34":3},"branchMap":{"0":{"type":"branch","line":7,"loc":{"start":{"line":7,"column":0},"end":{"line":35,"column":1}},"locations":[{"start":{"line":7,"column":0},"end":{"line":35,"column":1}}]},"1":{"type":"branch","line":20,"loc":{"start":{"line":20,"column":46},"end":{"line":20,"column":72}},"locations":[{"start":{"line":20,"column":46},"end":{"line":20,"column":72}}]}},"b":{"0":[3],"1":[1]},"fnMap":{"0":{"name":"HomeScreen","decl":{"start":{"line":7,"column":0},"end":{"line":35,"column":1}},"loc":{"start":{"line":7,"column":0},"end":{"line":35,"column":1}},"line":7},"1":{"name":"onClick","decl":{"start":{"line":20,"column":46},"end":{"line":20,"column":72}},"loc":{"start":{"line":20,"column":46},"end":{"line":20,"column":72}},"line":20}},"f":{"0":3,"1":1}}
,"D:\\NEOCDT\\proyecto-finalINGSOFT\\FrontEnd\\neoCDT-FRONT\\src\\components\\login.jsx": {"path":"D:\\NEOCDT\\proyecto-finalINGSOFT\\FrontEnd\\neoCDT-FRONT\\src\\components\\login.jsx","all":false,"statementMap":{"1":{"start":{"line":2,"column":0},"end":{"line":2,"column":40}},"2":{"start":{"line":3,"column":0},"end":{"line":3,"column":53}},"3":{"start":{"line":4,"column":0},"end":{"line":4,"column":49}},"4":{"start":{"line":5,"column":0},"end":{"line":5,"column":26}},"6":{"start":{"line":7,"column":0},"end":{"line":7,"column":33}},"7":{"start":{"line":8,"column":0},"end":{"line":8,"column":33}},"8":{"start":{"line":9,"column":0},"end":{"line":9,"column":51}},"9":{"start":{"line":10,"column":0},"end":{"line":10,"column":41}},"10":{"start":{"line":11,"column":0},"end":{"line":11,"column":47}},"11":{"start":{"line":12,"column":0},"end":{"line":12,"column":48}},"12":{"start":{"line":13,"column":0},"end":{"line":13,"column":51}},"14":{"start":{"line":15,"column":0},"end":{"line":15,"column":36}},"15":{"start":{"line":16,"column":0},"end":{"line":16,"column":21}},"16":{"start":{"line":17,"column":0},"end":{"line":17,"column":20}},"17":{"start":{"line":18,"column":0},"end":{"line":18,"column":19}},"18":{"start":{"line":19,"column":0},"end":{"line":19,"column":7}},"19":{"start":{"line":20,"column":0},"end":{"line":20,"column":44}},"20":{"start":{"line":21,"column":0},"end":{"line":21,"column":38}},"21":{"start":{"line":22,"column":0},"end":{"line":22,"column":26}},"22":{"start":{"line":23,"column":0},"end":{"line":23,"column":12}},"23":{"start":{"line":24,"column":0},"end":{"line":24,"column":31}},"24":{"start":{"line":25,"column":0},"end":{"line":25,"column":5}},"25":{"start":{"line":26,"column":0},"end":{"line":26,"column":17}},"26":{"start":{"line":27,"column":0},"end":{"line":27,"column":67}},"27":{"start":{"line":28,"column":0},"end":{"line":28,"column":16}},"28":{"start":{"line":29,"column":0},"end":{"line":29,"column":78}},"29":{"start":{"line":30,"column":0},"end":{"line":30,"column":4}},"30":{"start":{"line":31,"column":0},"end":{"line":31,"column":11}},"31":{"start":{"line":32,"column":0},"end":{"line":32,"column":20}},"32":{"start":{"line":33,"column":0},"end":{"line":33,"column":1}},"33":{"start":{"line":34,"column":0},"end":{"line":34,"column":2}},"38":{"start":{"line":39,"column":0},"end":{"line":39,"column":10}},"39":{"start":{"line":40,"column":0},"end":{"line":40,"column":37}},"40":{"start":{"line":41,"column":0},"end":{"line":41,"column":34}},"41":{"start":{"line":42,"column":0},"end":{"line":42,"column":30}},"42":{"start":{"line":43,"column":0},"end":{"line":43,"column":45}},"43":{"start":{"line":44,"column":0},"end":{"line":44,"column":26}},"44":{"start":{"line":45,"column":0},"end":{"line":45,"column":14}},"45":{"start":{"line":46,"column":0},"end":{"line":46,"column":12}},"46":{"start":{"line":47,"column":0},"end":{"line":47,"column":35}},"47":{"start":{"line":48,"column":0},"end":{"line":48,"column":40}},"48":{"start":{"line":49,"column":0},"end":{"line":49,"column":26}},"49":{"start":{"line":50,"column":0},"end":{"line":50,"column":40}},"50":{"start":{"line":51,"column":0},"end":{"line":51,"column":32}},"51":{"start":{"line":52,"column":0},"end":{"line":52,"column":18}},"52":{"start":{"line":53,"column":0},"end":{"line":53,"column":26}},"53":{"start":{"line":54,"column":0},"end":{"line":54,"column":44}},"54":{"start":{"line":55,"column":0},"end":{"line":55,"column":27}},"55":{"start":{"line":56,"column":0},"end":{"line":56,"column":56}},"56":{"start":{"line":57,"column":0},"end":{"line":57,"column":22}},"57":{"start":{"line":58,"column":0},"end":{"line":58,"column":37}},"58":{"start":{"line":59,"column":0},"end":{"line":59,"column":14}},"59":{"start":{"line":60,"column":0},"end":{"line":60,"column":35}},"60":{"start":{"line":61,"column":0},"end":{"line":61,"column":18}},"61":{"start":{"line":62,"column":0},"end":{"line":62,"column":29}},"62":{"start":{"line":63,"column":0},"end":{"line":63,"column":47}},"63":{"start":{"line":64,"column":0},"end":{"line":64,"column":30}},"64":{"start":{"line":65,"column":0},"end":{"line":65,"column":59}},"65":{"start":{"line":66,"column":0},"end":{"line":66,"column":22}},"66":{"start":{"line":67,"column":0},"end":{"line":67,"column":45}},"67":{"start":{"line":68,"column":0},"end":{"line":68,"column":14}},"68":{"start":{"line":69,"column":0},"end":{"line":69,"column":124}},"69":{"start":{"line":70,"column":0},"end":{"line":70,"column":43}},"70":{"start":{"line":71,"column":0},"end":{"line":71,"column":65}},"71":{"start":{"line":72,"column":0},"end":{"line":72,"column":16}},"72":{"start":{"line":73,"column":0},"end":{"line":73,"column":75}},"73":{"start":{"line":74,"column":0},"end":{"line":74,"column":53}},"74":{"start":{"line":75,"column":0},"end":{"line":75,"column":21}},"75":{"start":{"line":76,"column":0},"end":{"line":76,"column":39}},"76":{"start":{"line":77,"column":0},"end":{"line":77,"column":72}},"77":{"start":{"line":78,"column":0},"end":{"line":78,"column":16}},"78":{"start":{"line":79,"column":0},"end":{"line":79,"column":17}},"79":{"start":{"line":80,"column":0},"end":{"line":80,"column":14}},"80":{"start":{"line":81,"column":0},"end":{"line":81,"column":12}},"81":{"start":{"line":82,"column":0},"end":{"line":82,"column":10}},"83":{"start":{"line":84,"column":0},"end":{"line":84,"column":1}}},"s":{"1":1,"2":1,"3":1,"4":1,"6":51,"7":51,"8":51,"9":51,"10":51,"11":51,"12":51,"14":51,"15":9,"16":9,"17":9,"18":9,"19":9,"20":9,"21":1,"22":9,"23":4,"24":4,"25":9,"26":3,"27":3,"28":3,"29":3,"30":8,"31":8,"32":8,"33":9,"38":51,"39":51,"40":51,"41":51,"42":51,"43":51,"44":51,"45":51,"46":51,"47":51,"48":51,"49":51,"50":51,"51":51,"52":51,"53":51,"54":51,"55":51,"56":51,"57":51,"58":51,"59":51,"60":51,"61":51,"62":51,"63":51,"64":51,"65":51,"66":51,"67":51,"68":51,"69":51,"70":51,"71":51,"72":51,"73":51,"74":51,"75":51,"76":51,"77":51,"78":51,"79":51,"80":51,"81":51,"83":51},"branchMap":{"0":{"type":"branch","line":7,"loc":{"start":{"line":7,"column":0},"end":{"line":84,"column":1}},"locations":[{"start":{"line":7,"column":0},"end":{"line":84,"column":1}}]},"1":{"type":"branch","line":69,"loc":{"start":{"line":69,"column":14},"end":{"line":69,"column":45}},"locations":[{"start":{"line":69,"column":14},"end":{"line":69,"column":45}}]},"2":{"type":"branch","line":69,"loc":{"start":{"line":69,"column":28},"end":{"line":69,"column":124}},"locations":[{"start":{"line":69,"column":28},"end":{"line":69,"column":124}}]},"3":{"type":"branch","line":69,"loc":{"start":{"line":69,"column":92},"end":{"line":69,"column":119}},"locations":[{"start":{"line":69,"column":92},"end":{"line":69,"column":119}}]},"4":{"type":"branch","line":74,"loc":{"start":{"line":74,"column":15},"end":{"line":74,"column":43}},"locations":[{"start":{"line":74,"column":15},"end":{"line":74,"column":43}}]},"5":{"type":"branch","line":74,"loc":{"start":{"line":74,"column":25},"end":{"line":74,"column":53}},"locations":[{"start":{"line":74,"column":25},"end":{"line":74,"column":53}}]},"6":{"type":"branch","line":15,"loc":{"start":{"line":15,"column":22},"end":{"line":34,"column":2}},"locations":[{"start":{"line":15,"column":22},"end":{"line":34,"column":2}}]},"7":{"type":"branch","line":20,"loc":{"start":{"line":20,"column":42},"end":{"line":21,"column":20}},"locations":[{"start":{"line":20,"column":42},"end":{"line":21,"column":20}}]},"8":{"type":"branch","line":21,"loc":{"start":{"line":21,"column":37},"end":{"line":23,"column":11}},"locations":[{"start":{"line":21,"column":37},"end":{"line":23,"column":11}}]},"9":{"type":"branch","line":23,"loc":{"start":{"line":23,"column":4},"end":{"line":25,"column":5}},"locations":[{"start":{"line":23,"column":4},"end":{"line":25,"column":5}}]},"10":{"type":"branch","line":26,"loc":{"start":{"line":26,"column":2},"end":{"line":31,"column":2}},"locations":[{"start":{"line":26,"column":2},"end":{"line":31,"column":2}}]},"11":{"type":"branch","line":29,"loc":{"start":{"line":29,"column":9},"end":{"line":29,"column":78}},"locations":[{"start":{"line":29,"column":9},"end":{"line":29,"column":78}}]},"12":{"type":"branch","line":31,"loc":{"start":{"line":31,"column":0},"end":{"line":33,"column":1}},"locations":[{"start":{"line":31,"column":0},"end":{"line":33,"column":1}}]},"13":{"type":"branch","line":56,"loc":{"start":{"line":56,"column":24},"end":{"line":56,"column":56}},"locations":[{"start":{"line":56,"column":24},"end":{"line":56,"column":56}}]},"14":{"type":"branch","line":65,"loc":{"start":{"line":65,"column":24},"end":{"line":65,"column":59}},"locations":[{"start":{"line":65,"column":24},"end":{"line":65,"column":59}}]}},"b":{"0":[51],"1":[48],"2":[3],"3":[0],"4":[9],"5":[42],"6":[9],"7":[5],"8":[1],"9":[4],"10":[3],"11":[1],"12":[8],"13":[9],"14":[9]},"fnMap":{"0":{"name":"Login","decl":{"start":{"line":7,"column":0},"end":{"line":84,"column":1}},"loc":{"start":{"line":7,"column":0},"end":{"line":84,"column":1}},"line":7},"1":{"name":"handleSubmit","decl":{"start":{"line":15,"column":22},"end":{"line":34,"column":2}},"loc":{"start":{"line":15,"column":22},"end":{"line":34,"column":2}},"line":15},"2":{"name":"onChange","decl":{"start":{"line":56,"column":24},"end":{"line":56,"column":56}},"loc":{"start":{"line":56,"column":24},"end":{"line":56,"column":56}},"line":56},"3":{"name":"onChange","decl":{"start":{"line":65,"column":24},"end":{"line":65,"column":59}},"loc":{"start":{"line":65,"column":24},"end":{"line":65,"column":59}},"line":65}},"f":{"0":51,"1":9,"2":9,"3":9}}
,"D:\\NEOCDT\\proyecto-finalINGSOFT\\FrontEnd\\neoCDT-FRONT\\src\\components\\register.jsx": {"path":"D:\\NEOCDT\\proyecto-finalINGSOFT\\FrontEnd\\neoCDT-FRONT\\src\\components\\register.jsx","all":false,"statementMap":{"0":{"start":{"line":1,"column":0},"end":{"line":1,"column":40}},"1":{"start":{"line":2,"column":0},"end":{"line":2,"column":47}},"2":{"start":{"line":3,"column":0},"end":{"line":3,"column":29}},"3":{"start":{"line":4,"column":0},"end":{"line":4,"column":51}},"5":{"start":{"line":6,"column":0},"end":{"line":6,"column":36}},"6":{"start":{"line":7,"column":0},"end":{"line":7,"column":33}},"9":{"start":{"line":10,"column":0},"end":{"line":10,"column":44}},"10":{"start":{"line":11,"column":0},"end":{"line":11,"column":15}},"11":{"start":{"line":12,"column":0},"end":{"line":12,"column":15}},"12":{"start":{"line":13,"column":0},"end":{"line":13,"column":19}},"13":{"start":{"line":14,"column":0},"end":{"line":14,"column":24}},"14":{"start":{"line":15,"column":0},"end":{"line":15,"column":17}},"15":{"start":{"line":16,"column":0},"end":{"line":16,"column":5}},"16":{"start":{"line":17,"column":0},"end":{"line":17,"column":48}},"17":{"start":{"line":18,"column":0},"end":{"line":18,"column":41}},"19":{"start":{"line":20,"column":0},"end":{"line":20,"column":31}},"20":{"start":{"line":21,"column":0},"end":{"line":21,"column":64}},"21":{"start":{"line":22,"column":0},"end":{"line":22,"column":4}},"23":{"start":{"line":24,"column":0},"end":{"line":24,"column":37}},"24":{"start":{"line":25,"column":0},"end":{"line":25,"column":23}},"25":{"start":{"line":26,"column":0},"end":{"line":26,"column":17}},"27":{"start":{"line":28,"column":0},"end":{"line":28,"column":59}},"28":{"start":{"line":29,"column":0},"end":{"line":29,"column":48}},"29":{"start":{"line":30,"column":0},"end":{"line":30,"column":13}},"30":{"start":{"line":31,"column":0},"end":{"line":31,"column":5}},"32":{"start":{"line":33,"column":0},"end":{"line":33,"column":21}},"33":{"start":{"line":34,"column":0},"end":{"line":34,"column":9}},"35":{"start":{"line":36,"column":0},"end":{"line":36,"column":29}},"36":{"start":{"line":37,"column":0},"end":{"line":37,"column":32}},"37":{"start":{"line":38,"column":0},"end":{"line":38,"column":32}},"38":{"start":{"line":39,"column":0},"end":{"line":39,"column":40}},"39":{"start":{"line":40,"column":0},"end":{"line":40,"column":45}},"40":{"start":{"line":41,"column":0},"end":{"line":41,"column":9}},"42":{"start":{"line":43,"column":0},"end":{"line":43,"column":45}},"43":{"start":{"line":44,"column":0},"end":{"line":44,"column":25}},"44":{"start":{"line":45,"column":0},"end":{"line":45,"column":19}},"45":{"start":{"line":46,"column":0},"end":{"line":46,"column":58}},"47":{"start":{"line":48,"column":0},"end":{"line":48,"column":50}},"50":{"start":{"line":51,"column":0},"end":{"line":51,"column":63}},"51":{"start":{"line":52,"column":0},"end":{"line":52,"column":70}},"52":{"start":{"line":53,"column":0},"end":{"line":53,"column":48}},"53":{"start":{"line":54,"column":0},"end":{"line":54,"column":27}},"54":{"start":{"line":55,"column":0},"end":{"line":55,"column":10}},"55":{"start":{"line":56,"column":0},"end":{"line":56,"column":47}},"56":{"start":{"line":57,"column":0},"end":{"line":57,"column":3}},"57":{"start":{"line":58,"column":0},"end":{"line":58,"column":13}},"58":{"start":{"line":59,"column":0},"end":{"line":59,"column":24}},"59":{"start":{"line":60,"column":0},"end":{"line":60,"column":5}},"60":{"start":{"line":61,"column":0},"end":{"line":61,"column":4}},"62":{"start":{"line":63,"column":0},"end":{"line":63,"column":10}},"63":{"start":{"line":64,"column":0},"end":{"line":64,"column":40}},"64":{"start":{"line":65,"column":0},"end":{"line":65,"column":37}},"65":{"start":{"line":66,"column":0},"end":{"line":66,"column":38}},"66":{"start":{"line":67,"column":0},"end":{"line":67,"column":24}},"67":{"start":{"line":68,"column":0},"end":{"line":68,"column":12}},"69":{"start":{"line":70,"column":0},"end":{"line":70,"column":38}},"70":{"start":{"line":71,"column":0},"end":{"line":71,"column":38}},"71":{"start":{"line":72,"column":0},"end":{"line":72,"column":33}},"73":{"start":{"line":74,"column":0},"end":{"line":74,"column":40}},"74":{"start":{"line":75,"column":0},"end":{"line":75,"column":51}},"75":{"start":{"line":76,"column":0},"end":{"line":76,"column":18}},"76":{"start":{"line":77,"column":0},"end":{"line":77,"column":25}},"77":{"start":{"line":78,"column":0},"end":{"line":78,"column":25}},"78":{"start":{"line":79,"column":0},"end":{"line":79,"column":48}},"79":{"start":{"line":80,"column":0},"end":{"line":80,"column":37}},"80":{"start":{"line":81,"column":0},"end":{"line":81,"column":37}},"81":{"start":{"line":82,"column":0},"end":{"line":82,"column":22}},"82":{"start":{"line":83,"column":0},"end":{"line":83,"column":14}},"84":{"start":{"line":85,"column":0},"end":{"line":85,"column":48}},"85":{"start":{"line":86,"column":0},"end":{"line":86,"column":18}},"86":{"start":{"line":87,"column":0},"end":{"line":87,"column":26}},"87":{"start":{"line":88,"column":0},"end":{"line":88,"column":25}},"88":{"start":{"line":89,"column":0},"end":{"line":89,"column":44}},"89":{"start":{"line":90,"column":0},"end":{"line":90,"column":37}},"90":{"start":{"line":91,"column":0},"end":{"line":91,"column":37}},"91":{"start":{"line":92,"column":0},"end":{"line":92,"column":22}},"92":{"start":{"line":93,"column":0},"end":{"line":93,"column":14}},"94":{"start":{"line":95,"column":0},"end":{"line":95,"column":54}},"95":{"start":{"line":96,"column":0},"end":{"line":96,"column":18}},"96":{"start":{"line":97,"column":0},"end":{"line":97,"column":29}},"97":{"start":{"line":98,"column":0},"end":{"line":98,"column":29}},"98":{"start":{"line":99,"column":0},"end":{"line":99,"column":45}},"99":{"start":{"line":100,"column":0},"end":{"line":100,"column":41}},"100":{"start":{"line":101,"column":0},"end":{"line":101,"column":37}},"101":{"start":{"line":102,"column":0},"end":{"line":102,"column":22}},"102":{"start":{"line":103,"column":0},"end":{"line":103,"column":14}},"104":{"start":{"line":105,"column":0},"end":{"line":105,"column":69}},"105":{"start":{"line":106,"column":0},"end":{"line":106,"column":18}},"106":{"start":{"line":107,"column":0},"end":{"line":107,"column":29}},"107":{"start":{"line":108,"column":0},"end":{"line":108,"column":34}},"108":{"start":{"line":109,"column":0},"end":{"line":109,"column":50}},"109":{"start":{"line":110,"column":0},"end":{"line":110,"column":46}},"110":{"start":{"line":111,"column":0},"end":{"line":111,"column":37}},"111":{"start":{"line":112,"column":0},"end":{"line":112,"column":22}},"112":{"start":{"line":113,"column":0},"end":{"line":113,"column":14}},"114":{"start":{"line":115,"column":0},"end":{"line":115,"column":51}},"115":{"start":{"line":116,"column":0},"end":{"line":116,"column":18}},"116":{"start":{"line":117,"column":0},"end":{"line":117,"column":25}},"117":{"start":{"line":118,"column":0},"end":{"line":118,"column":27}},"118":{"start":{"line":119,"column":0},"end":{"line":119,"column":51}},"119":{"start":{"line":120,"column":0},"end":{"line":120,"column":39}},"120":{"start":{"line":121,"column":0},"end":{"line":121,"column":37}},"121":{"start":{"line":122,"column":0},"end":{"line":122,"column":14}},"123":{"start":{"line":124,"column":0},"end":{"line":124,"column":66}},"125":{"start":{"line":126,"column":0},"end":{"line":126,"column":78}},"126":{"start":{"line":127,"column":0},"end":{"line":127,"column":51}},"127":{"start":{"line":128,"column":0},"end":{"line":128,"column":21}},"128":{"start":{"line":129,"column":0},"end":{"line":129,"column":17}},"129":{"start":{"line":130,"column":0},"end":{"line":130,"column":14}},"130":{"start":{"line":131,"column":0},"end":{"line":131,"column":12}},"131":{"start":{"line":132,"column":0},"end":{"line":132,"column":10}},"133":{"start":{"line":134,"column":0},"end":{"line":134,"column":1}}},"s":{"0":1,"1":1,"2":1,"3":1,"5":5,"6":5,"9":5,"10":5,"11":5,"12":5,"13":5,"14":5,"15":5,"16":5,"17":5,"19":5,"20":4,"21":4,"23":5,"24":0,"25":0,"27":0,"28":0,"29":0,"30":0,"32":0,"33":0,"35":0,"36":0,"37":0,"38":0,"39":0,"40":0,"42":0,"43":0,"44":0,"45":0,"47":0,"50":0,"51":0,"52":0,"53":0,"54":0,"55":0,"56":0,"57":0,"58":0,"59":0,"60":0,"62":5,"63":5,"64":5,"65":5,"66":5,"67":5,"69":5,"70":5,"71":5,"73":5,"74":5,"75":5,"76":5,"77":5,"78":5,"79":5,"80":5,"81":5,"82":5,"84":5,"85":5,"86":5,"87":5,"88":5,"89":5,"90":5,"91":5,"92":5,"94":5,"95":5,"96":5,"97":5,"98":5,"99":5,"100":5,"101":5,"102":5,"104":5,"105":5,"106":5,"107":5,"108":5,"109":5,"110":5,"111":5,"112":5,"114":5,"115":5,"116":5,"117":5,"118":5,"119":5,"120":5,"121":5,"123":5,"125":5,"126":5,"127":5,"128":5,"129":5,"130":5,"131":5,"133":5},"branchMap":{"0":{"type":"branch","line":6,"loc":{"start":{"line":6,"column":0},"end":{"line":134,"column":1}},"locations":[{"start":{"line":6,"column":0},"end":{"line":134,"column":1}}]},"1":{"type":"branch","line":124,"loc":{"start":{"line":124,"column":13},"end":{"line":124,"column":66}},"locations":[{"start":{"line":124,"column":13},"end":{"line":124,"column":66}}]},"2":{"type":"branch","line":127,"loc":{"start":{"line":127,"column":15},"end":{"line":127,"column":41}},"locations":[{"start":{"line":127,"column":15},"end":{"line":127,"column":41}}]},"3":{"type":"branch","line":20,"loc":{"start":{"line":20,"column":23},"end":{"line":22,"column":4}},"locations":[{"start":{"line":20,"column":23},"end":{"line":22,"column":4}}]}},"b":{"0":[5],"1":[0],"2":[0],"3":[4]},"fnMap":{"0":{"name":"Register","decl":{"start":{"line":6,"column":0},"end":{"line":134,"column":1}},"loc":{"start":{"line":6,"column":0},"end":{"line":134,"column":1}},"line":6},"1":{"name":"handleChange","decl":{"start":{"line":20,"column":23},"end":{"line":22,"column":4}},"loc":{"start":{"line":20,"column":23},"end":{"line":22,"column":4}},"line":20},"2":{"name":"handleSubmit","decl":{"start":{"line":24,"column":23},"end":{"line":61,"column":4}},"loc":{"start":{"line":24,"column":23},"end":{"line":61,"column":4}},"line":24}},"f":{"0":5,"1":4,"2":0}}
,"D:\\NEOCDT\\proyecto-finalINGSOFT\\FrontEnd\\neoCDT-FRONT\\src\\context\\authContext.jsx": {"path":"D:\\NEOCDT\\proyecto-finalINGSOFT\\FrontEnd\\neoCDT-FRONT\\src\\context\\authContext.jsx","all":false,"statementMap":{"0":{"start":{"line":1,"column":0},"end":{"line":1,"column":78}},"1":{"start":{"line":2,"column":0},"end":{"line":2,"column":59}},"3":{"start":{"line":4,"column":0},"end":{"line":4,"column":40}},"5":{"start":{"line":6,"column":0},"end":{"line":6,"column":44}},"6":{"start":{"line":7,"column":0},"end":{"line":7,"column":41}},"7":{"start":{"line":8,"column":0},"end":{"line":8,"column":57}},"8":{"start":{"line":9,"column":0},"end":{"line":9,"column":43}},"10":{"start":{"line":11,"column":0},"end":{"line":11,"column":19}},"11":{"start":{"line":12,"column":0},"end":{"line":12,"column":48}},"12":{"start":{"line":13,"column":0},"end":{"line":13,"column":17}},"13":{"start":{"line":14,"column":0},"end":{"line":14,"column":29}},"14":{"start":{"line":15,"column":0},"end":{"line":15,"column":13}},"15":{"start":{"line":16,"column":0},"end":{"line":16,"column":5}},"16":{"start":{"line":17,"column":0},"end":{"line":17,"column":15}},"17":{"start":{"line":18,"column":0},"end":{"line":18,"column":20}},"18":{"start":{"line":19,"column":0},"end":{"line":19,"column":23}},"19":{"start":{"line":20,"column":0},"end":{"line":20,"column":55}},"20":{"start":{"line":21,"column":0},"end":{"line":21,"column":47}},"21":{"start":{"line":22,"column":0},"end":{"line":22,"column":41}},"22":{"start":{"line":23,"column":0},"end":{"line":23,"column":22}},"23":{"start":{"line":24,"column":0},"end":{"line":24,"column":8}},"24":{"start":{"line":25,"column":0},"end":{"line":25,"column":45}},"25":{"start":{"line":26,"column":0},"end":{"line":26,"column":9}},"27":{"start":{"line":28,"column":0},"end":{"line":28,"column":44}},"28":{"start":{"line":29,"column":0},"end":{"line":29,"column":7}},"29":{"start":{"line":30,"column":0},"end":{"line":30,"column":51}},"30":{"start":{"line":31,"column":0},"end":{"line":31,"column":16}},"31":{"start":{"line":32,"column":0},"end":{"line":32,"column":19}},"32":{"start":{"line":33,"column":0},"end":{"line":33,"column":59}},"33":{"start":{"line":34,"column":0},"end":{"line":34,"column":17}},"34":{"start":{"line":35,"column":0},"end":{"line":35,"column":47}},"35":{"start":{"line":36,"column":0},"end":{"line":36,"column":36}},"36":{"start":{"line":37,"column":0},"end":{"line":37,"column":14}},"37":{"start":{"line":38,"column":0},"end":{"line":38,"column":3}},"38":{"start":{"line":39,"column":0},"end":{"line":39,"column":2}},"41":{"start":{"line":42,"column":0},"end":{"line":42,"column":24}},"42":{"start":{"line":43,"column":0},"end":{"line":43,"column":37}},"43":{"start":{"line":44,"column":0},"end":{"line":44,"column":18}},"44":{"start":{"line":45,"column":0},"end":{"line":45,"column":19}},"45":{"start":{"line":46,"column":0},"end":{"line":46,"column":4}},"47":{"start":{"line":48,"column":0},"end":{"line":48,"column":10}},"48":{"start":{"line":49,"column":0},"end":{"line":49,"column":79}},"49":{"start":{"line":50,"column":0},"end":{"line":50,"column":16}},"50":{"start":{"line":51,"column":0},"end":{"line":51,"column":27}},"52":{"start":{"line":53,"column":0},"end":{"line":53,"column":1}},"54":{"start":{"line":55,"column":0},"end":{"line":55,"column":27}},"55":{"start":{"line":56,"column":0},"end":{"line":56,"column":33}},"56":{"start":{"line":57,"column":0},"end":{"line":57,"column":1}}},"s":{"0":1,"1":1,"3":1,"5":1,"6":18,"7":18,"8":18,"10":18,"11":7,"12":7,"13":5,"14":5,"15":5,"16":2,"17":2,"18":2,"19":1,"20":1,"21":1,"22":1,"23":2,"24":2,"25":18,"27":18,"28":3,"29":3,"30":2,"31":2,"32":2,"33":3,"34":1,"35":1,"36":1,"37":1,"38":3,"41":18,"42":1,"43":1,"44":1,"45":1,"47":18,"48":18,"49":18,"50":18,"52":18,"54":1,"55":18,"56":18},"branchMap":{"0":{"type":"branch","line":6,"loc":{"start":{"line":6,"column":7},"end":{"line":53,"column":1}},"locations":[{"start":{"line":6,"column":7},"end":{"line":53,"column":1}}]},"1":{"type":"branch","line":11,"loc":{"start":{"line":11,"column":12},"end":{"line":26,"column":5}},"locations":[{"start":{"line":11,"column":12},"end":{"line":26,"column":5}}]},"2":{"type":"branch","line":13,"loc":{"start":{"line":13,"column":16},"end":{"line":16,"column":5}},"locations":[{"start":{"line":13,"column":16},"end":{"line":16,"column":5}}]},"3":{"type":"branch","line":16,"loc":{"start":{"line":16,"column":4},"end":{"line":25,"column":45}},"locations":[{"start":{"line":16,"column":4},"end":{"line":25,"column":45}}]},"4":{"type":"branch","line":19,"loc":{"start":{"line":19,"column":13},"end":{"line":24,"column":7}},"locations":[{"start":{"line":19,"column":13},"end":{"line":24,"column":7}}]},"5":{"type":"branch","line":25,"loc":{"start":{"line":25,"column":15},"end":{"line":25,"column":43}},"locations":[{"start":{"line":25,"column":15},"end":{"line":25,"column":43}}]},"6":{"type":"branch","line":28,"loc":{"start":{"line":28,"column":16},"end":{"line":39,"column":2}},"locations":[{"start":{"line":28,"column":16},"end":{"line":39,"column":2}}]},"7":{"type":"branch","line":30,"loc":{"start":{"line":30,"column":49},"end":{"line":34,"column":11}},"locations":[{"start":{"line":30,"column":49},"end":{"line":34,"column":11}}]},"8":{"type":"branch","line":34,"loc":{"start":{"line":34,"column":2},"end":{"line":38,"column":3}},"locations":[{"start":{"line":34,"column":2},"end":{"line":38,"column":3}}]},"9":{"type":"branch","line":42,"loc":{"start":{"line":42,"column":17},"end":{"line":46,"column":4}},"locations":[{"start":{"line":42,"column":17},"end":{"line":46,"column":4}}]},"10":{"type":"branch","line":55,"loc":{"start":{"line":55,"column":7},"end":{"line":57,"column":1}},"locations":[{"start":{"line":55,"column":7},"end":{"line":57,"column":1}}]}},"b":{"0":[18],"1":[7],"2":[5],"3":[2],"4":[1],"5":[2],"6":[3],"7":[2],"8":[1],"9":[1],"10":[18]},"fnMap":{"0":{"name":"AuthProvider","decl":{"start":{"line":6,"column":7},"end":{"line":53,"column":1}},"loc":{"start":{"line":6,"column":7},"end":{"line":53,"column":1}},"line":6},"1":{"name":"login","decl":{"start":{"line":28,"column":16},"end":{"line":39,"column":2}},"loc":{"start":{"line":28,"column":16},"end":{"line":39,"column":2}},"line":28},"2":{"name":"logout","decl":{"start":{"line":42,"column":17},"end":{"line":46,"column":4}},"loc":{"start":{"line":42,"column":17},"end":{"line":46,"column":4}},"line":42},"3":{"name":"useAuth","decl":{"start":{"line":55,"column":7},"end":{"line":57,"column":1}},"loc":{"start":{"line":55,"column":7},"end":{"line":57,"column":1}},"line":55}},"f":{"0":18,"1":3,"2":1,"3":18}}
[...]
,"D:\\NEOCDT\\proyecto-finalINGSOFT\\FrontEnd\\neoCDT-FRONT\\src\\services\\api.js": {"path":"D:\\NEOCDT\\proyecto-finalINGSOFT\\FrontEnd\\neoCDT-FRONT\\src\\services\\api.js","all":false,"statementMap":{"0":{"start":{"line":1,"column":0},"end":{"line":1,"column":49}},"1":{"start":{"line":2,"column":0},"end":{"line":2,"column":0}},"2":{"start":{"line":3,"column":0},"end":{"line":3,"column":26}},"3":{"start":{"line":4,"column":0},"end":{"line":4,"column":91}},"4":{"start":{"line":5,"column":0},"end":{"line":5,"column":17}},"5":{"start":{"line":6,"column":0},"end":{"line":6,"column":3}},"6":{"start":{"line":7,"column":0},"end":{"line":7,"column":0}},"7":{"start":{"line":8,"column":0},"end":{"line":8,"column":29}},"8":{"start":{"line":9,"column":0},"end":{"line":9,"column":15}},"9":{"start":{"line":10,"column":0},"end":{"line":10,"column":48}},"10":{"start":{"line":11,"column":0},"end":{"line":11,"column":16}},"11":{"start":{"line":12,"column":0},"end":{"line":12,"column":55}},"12":{"start":{"line":13,"column":0},"end":{"line":13,"column":5}},"13":{"start":{"line":14,"column":0},"end":{"line":14,"column":18}},"14":{"start":{"line":15,"column":0},"end":{"line":15,"column":4}},"15":{"start":{"line":16,"column":0},"end":{"line":16,"column":34}},"16":{"start":{"line":17,"column":0},"end":{"line":17,"column":2}},"17":{"start":{"line":18,"column":0},"end":{"line":18,"column":0}},"18":{"start":{"line":19,"column":0},"end":{"line":19,"column":30}},"19":{"start":{"line":20,"column":0},"end":{"line":20,"column":25}},"20":{"start":{"line":21,"column":0},"end":{"line":21,"column":14}},"21":{"start":{"line":22,"column":0},"end":{"line":22,"column":41}},"22":{"start":{"line":23,"column":0},"end":{"line":23,"column":39}},"23":{"start":{"line":24,"column":0},"end":{"line":24,"column":52}},"24":{"start":{"line":25,"column":0},"end":{"line":25,"column":5}},"25":{"start":{"line":26,"column":0},"end":{"line":26,"column":33}},"26":{"start":{"line":27,"column":0},"end":{"line":27,"column":3}},"27":{"start":{"line":28,"column":0},"end":{"line":28,"column":2}},"28":{"start":{"line":29,"column":0},"end":{"line":29,"column":0}},"29":{"start":{"line":30,"column":0},"end":{"line":30,"column":19}}},"s":{"0":1,"1":1,"2":1,"3":1,"4":1,"5":1,"6":1,"7":1,"8":1,"9":0,"10":0,"11":0,"12":0,"13":0,"14":1,"15":1,"16":1,"17":1,"18":1,"19":1,"20":1,"21":0,"22":0,"23":0,"24":0,"25":0,"26":0,"27":1,"28":1,"29":1},"branchMap":{},"b":{},"fnMap":{},"f":{}}
,"D:\\NEOCDT\\proyecto-finalINGSOFT\\FrontEnd\\neoCDT-FRONT\\src\\services\\auth.js": {"path":"D:\\NEOCDT\\proyecto-finalINGSOFT\\FrontEnd\\neoCDT-FRONT\\src\\services\\auth.js","all":false,"statementMap":{"0":{"start":{"line":1,"column":0},"end":{"line":1,"column":39}},"1":{"start":{"line":2,"column":0},"end":{"line":2,"column":0}},"2":{"start":{"line":3,"column":0},"end":{"line":3,"column":3}},"3":{"start":{"line":4,"column":0},"end":{"line":4,"column":25}},"4":{"start":{"line":5,"column":0},"end":{"line":5,"column":62}},"5":{"start":{"line":6,"column":0},"end":{"line":6,"column":3}},"6":{"start":{"line":7,"column":0},"end":{"line":7,"column":53}},"7":{"start":{"line":8,"column":0},"end":{"line":8,"column":58}},"8":{"start":{"line":9,"column":0},"end":{"line":9,"column":7}},"9":{"start":{"line":10,"column":0},"end":{"line":10,"column":61}},"10":{"start":{"line":11,"column":0},"end":{"line":11,"column":54}},"11":{"start":{"line":12,"column":0},"end":{"line":12,"column":7}},"12":{"start":{"line":13,"column":0},"end":{"line":13,"column":0}},"13":{"start":{"line":14,"column":0},"end":{"line":14,"column":40}},"14":{"start":{"line":15,"column":0},"end":{"line":15,"column":29}},"15":{"start":{"line":16,"column":0},"end":{"line":16,"column":55}},"16":{"start":{"line":17,"column":0},"end":{"line":17,"column":5}},"17":{"start":{"line":18,"column":0},"end":{"line":18,"column":0}},"18":{"start":{"line":19,"column":0},"end":{"line":19,"column":55}},"19":{"start":{"line":20,"column":0},"end":{"line":20,"column":90}},"20":{"start":{"line":21,"column":0},"end":{"line":21,"column":0}},"21":{"start":{"line":22,"column":0},"end":{"line":22,"column":60}},"22":{"start":{"line":23,"column":0},"end":{"line":23,"column":57}},"23":{"start":{"line":24,"column":0},"end":{"line":24,"column":0}},"24":{"start":{"line":25,"column":0},"end":{"line":25,"column":48}},"25":{"start":{"line":26,"column":0},"end":{"line":26,"column":18}},"26":{"start":{"line":27,"column":0},"end":{"line":27,"column":19}},"27":{"start":{"line":28,"column":0},"end":{"line":28,"column":73}},"28":{"start":{"line":29,"column":0},"end":{"line":29,"column":16}},"29":{"start":{"line":30,"column":0},"end":{"line":30,"column":3}},"30":{"start":{"line":31,"column":0},"end":{"line":31,"column":1}},"31":{"start":{"line":32,"column":0},"end":{"line":32,"column":0}},"32":{"start":{"line":33,"column":0},"end":{"line":33,"column":3}},"33":{"start":{"line":34,"column":0},"end":{"line":34,"column":25}},"34":{"start":{"line":35,"column":0},"end":{"line":35,"column":63}},"35":{"start":{"line":36,"column":0},"end":{"line":36,"column":3}},"36":{"start":{"line":37,"column":0},"end":{"line":37,"column":35}},"37":{"start":{"line":38,"column":0},"end":{"line":38,"column":7}},"38":{"start":{"line":39,"column":0},"end":{"line":39,"column":47}},"39":{"start":{"line":40,"column":0},"end":{"line":40,"column":50}},"40":{"start":{"line":41,"column":0},"end":{"line":41,"column":21}},"41":{"start":{"line":42,"column":0},"end":{"line":42,"column":61}},"42":{"start":{"line":43,"column":0},"end":{"line":43,"column":5}},"43":{"start":{"line":44,"column":0},"end":{"line":44,"column":16}},"44":{"start":{"line":45,"column":0},"end":{"line":45,"column":19}},"45":{"start":{"line":46,"column":0},"end":{"line":46,"column":78}},"46":{"start":{"line":47,"column":0},"end":{"line":47,"column":16}},"47":{"start":{"line":48,"column":0},"end":{"line":48,"column":3}},"48":{"start":{"line":49,"column":0},"end":{"line":49,"column":1}},"49":{"start":{"line":50,"column":0},"end":{"line":50,"column":0}},"50":{"start":{"line":51,"column":0},"end":{"line":51,"column":3}},"51":{"start":{"line":52,"column":0},"end":{"line":52,"column":28}},"52":{"start":{"line":53,"column":0},"end":{"line":53,"column":3}},"53":{"start":{"line":54,"column":0},"end":{"line":54,"column":81}},"54":{"start":{"line":55,"column":0},"end":{"line":55,"column":7}},"55":{"start":{"line":56,"column":0},"end":{"line":56,"column":55}},"56":{"start":{"line":57,"column":0},"end":{"line":57,"column":13}},"57":{"start":{"line":58,"column":0},"end":{"line":58,"column":13}},"58":{"start":{"line":59,"column":0},"end":{"line":59,"column":17}},"59":{"start":{"line":60,"column":0},"end":{"line":60,"column":15}},"60":{"start":{"line":61,"column":0},"end":{"line":61,"column":7}},"61":{"start":{"line":62,"column":0},"end":{"line":62,"column":16}},"62":{"start":{"line":63,"column":0},"end":{"line":63,"column":19}},"63":{"start":{"line":64,"column":0},"end":{"line":64,"column":76}},"64":{"start":{"line":65,"column":0},"end":{"line":65,"column":16}},"65":{"start":{"line":66,"column":0},"end":{"line":66,"column":3}},"66":{"start":{"line":67,"column":0},"end":{"line":67,"column":1}}},"s":{"0":1,"1":1,"2":1,"3":1,"4":1,"5":1,"6":1,"7":0,"8":0,"9":0,"10":0,"11":0,"12":0,"13":0,"14":0,"15":0,"16":0,"17":0,"18":0,"19":0,"20":0,"21":0,"22":0,"23":0,"24":0,"25":0,"26":0,"27":0,"28":0,"29":0,"30":0,"31":1,"32":1,"33":1,"34":1,"35":1,"36":1,"37":0,"38":0,"39":0,"40":0,"41":0,"42":0,"43":0,"44":0,"45":0,"46":0,"47":0,"48":0,"49":1,"50":1,"51":1,"52":1,"53":1,"54":0,"55":0,"56":0,"57":0,"58":0,"59":0,"60":0,"61":0,"62":0,"63":0,"64":0,"65":0,"66":0},"branchMap":{},"b":{},"fnMap":{"0":{"name":"loginRequest","decl":{"start":{"line":7,"column":7},"end":{"line":31,"column":1}},"loc":{"start":{"line":7,"column":7},"end":{"line":31,"column":1}},"line":7},"1":{"name":"meRequest","decl":{"start":{"line":37,"column":7},"end":{"line":49,"column":1}},"loc":{"start":{"line":37,"column":7},"end":{"line":49,"column":1}},"line":37},"2":{"name":"registerRequest","decl":{"start":{"line":54,"column":7},"end":{"line":67,"column":1}},"loc":{"start":{"line":54,"column":7},"end":{"line":67,"column":1}},"line":54}},"f":{"0":0,"1":0,"2":0}}
,"D:\\NEOCDT\\proyecto-finalINGSOFT\\FrontEnd\\neoCDT-FRONT\\src\\services\\solicitudesService.js": {"path":"D:\\NEOCDT\\proyecto-finalINGSOFT\\FrontEnd\\neoCDT-FRONT\\src\\services\\solicitudesService.js","all":false,"statementMap":{"0":{"start":{"line":1,"column":0},"end":{"line":1,"column":37}},"1":{"start":{"line":2,"column":0},"end":{"line":2,"column":49}},"2":{"start":{"line":3,"column":0},"end":{"line":3,"column":0}},"3":{"start":{"line":4,"column":0},"end":{"line":4,"column":57}},"4":{"start":{"line":5,"column":0},"end":{"line":5,"column":0}},"5":{"start":{"line":6,"column":0},"end":{"line":6,"column":46}},"6":{"start":{"line":7,"column":0},"end":{"line":7,"column":27}},"7":{"start":{"line":8,"column":0},"end":{"line":8,"column":46}},"8":{"start":{"line":9,"column":0},"end":{"line":9,"column":10}},"9":{"start":{"line":10,"column":0},"end":{"line":10,"column":37}},"10":{"start":{"line":11,"column":0},"end":{"line":11,"column":4}},"11":{"start":{"line":12,"column":0},"end":{"line":12,"column":1}},"12":{"start":{"line":13,"column":0},"end":{"line":13,"column":0}},"13":{"start":{"line":14,"column":0},"end":{"line":14,"column":44}},"14":{"start":{"line":15,"column":0},"end":{"line":15,"column":28}},"15":{"start":{"line":16,"column":0},"end":{"line":16,"column":5}},"16":{"start":{"line":17,"column":0},"end":{"line":17,"column":59}},"17":{"start":{"line":18,"column":0},"end":{"line":18,"column":48}},"18":{"start":{"line":19,"column":0},"end":{"line":19,"column":48}},"19":{"start":{"line":20,"column":0},"end":{"line":20,"column":55}},"20":{"start":{"line":21,"column":0},"end":{"line":21,"column":74}},"21":{"start":{"line":22,"column":0},"end":{"line":22,"column":53}},"22":{"start":{"line":23,"column":0},"end":{"line":23,"column":51}},"23":{"start":{"line":24,"column":0},"end":{"line":24,"column":51}},"24":{"start":{"line":25,"column":0},"end":{"line":25,"column":49}},"25":{"start":{"line":26,"column":0},"end":{"line":26,"column":5}},"26":{"start":{"line":27,"column":0},"end":{"line":27,"column":37}},"27":{"start":{"line":28,"column":0},"end":{"line":28,"column":9}},"28":{"start":{"line":29,"column":0},"end":{"line":29,"column":42}},"29":{"start":{"line":30,"column":0},"end":{"line":30,"column":0}},"30":{"start":{"line":31,"column":0},"end":{"line":31,"column":57}},"31":{"start":{"line":32,"column":0},"end":{"line":32,"column":60}},"32":{"start":{"line":33,"column":0},"end":{"line":33,"column":63}},"33":{"start":{"line":34,"column":0},"end":{"line":34,"column":60}},"34":{"start":{"line":35,"column":0},"end":{"line":35,"column":60}},"35":{"start":{"line":36,"column":0},"end":{"line":36,"column":69}},"36":{"start":{"line":37,"column":0},"end":{"line":37,"column":48}},"37":{"start":{"line":38,"column":0},"end":{"line":38,"column":0}},"38":{"start":{"line":39,"column":0},"end":{"line":39,"column":80}},"39":{"start":{"line":40,"column":0},"end":{"line":40,"column":34}},"40":{"start":{"line":41,"column":0},"end":{"line":41,"column":9}},"41":{"start":{"line":42,"column":0},"end":{"line":42,"column":0}},"42":{"start":{"line":43,"column":0},"end":{"line":43,"column":64}},"43":{"start":{"line":44,"column":0},"end":{"line":44,"column":21}},"44":{"start":{"line":45,"column":0},"end":{"line":45,"column":94}},"45":{"start":{"line":46,"column":0},"end":{"line":46,"column":78}},"46":{"start":{"line":47,"column":0},"end":{"line":47,"column":5}},"47":{"start":{"line":48,"column":0},"end":{"line":48,"column":4}},"48":{"start":{"line":49,"column":0},"end":{"line":49,"column":0}},"49":{"start":{"line":50,"column":0},"end":{"line":50,"column":5}},"50":{"start":{"line":51,"column":0},"end":{"line":51,"column":46}},"51":{"start":{"line":52,"column":0},"end":{"line":52,"column":5}},"52":{"start":{"line":53,"column":0},"end":{"line":53,"column":30}},"53":{"start":{"line":54,"column":0},"end":{"line":54,"column":9}},"54":{"start":{"line":55,"column":0},"end":{"line":55,"column":23}},"55":{"start":{"line":56,"column":0},"end":{"line":56,"column":40}},"56":{"start":{"line":57,"column":0},"end":{"line":57,"column":52}},"57":{"start":{"line":58,"column":0},"end":{"line":58,"column":8}},"58":{"start":{"line":59,"column":0},"end":{"line":59,"column":0}},"59":{"start":{"line":60,"column":0},"end":{"line":60,"column":70}},"60":{"start":{"line":61,"column":0},"end":{"line":61,"column":34}},"61":{"start":{"line":62,"column":0},"end":{"line":62,"column":9}},"62":{"start":{"line":63,"column":0},"end":{"line":63,"column":0}},"63":{"start":{"line":64,"column":0},"end":{"line":64,"column":27}},"64":{"start":{"line":65,"column":0},"end":{"line":65,"column":21}},"65":{"start":{"line":66,"column":0},"end":{"line":66,"column":90}},"66":{"start":{"line":67,"column":0},"end":{"line":67,"column":75}},"67":{"start":{"line":68,"column":0},"end":{"line":68,"column":5}},"68":{"start":{"line":69,"column":0},"end":{"line":69,"column":4}},"69":{"start":{"line":70,"column":0},"end":{"line":70,"column":0}},"70":{"start":{"line":71,"column":0},"end":{"line":71,"column":5}},"71":{"start":{"line":72,"column":0},"end":{"line":72,"column":63}},"72":{"start":{"line":73,"column":0},"end":{"line":73,"column":5}},"73":{"start":{"line":74,"column":0},"end":{"line":74,"column":39}},"74":{"start":{"line":75,"column":0},"end":{"line":75,"column":9}},"75":{"start":{"line":76,"column":0},"end":{"line":76,"column":23}},"76":{"start":{"line":77,"column":0},"end":{"line":77,"column":40}},"77":{"start":{"line":78,"column":0},"end":{"line":78,"column":52}},"78":{"start":{"line":79,"column":0},"end":{"line":79,"column":8}},"79":{"start":{"line":80,"column":0},"end":{"line":80,"column":0}},"80":{"start":{"line":81,"column":0},"end":{"line":81,"column":74}},"81":{"start":{"line":82,"column":0},"end":{"line":82,"column":34}},"82":{"start":{"line":83,"column":0},"end":{"line":83,"column":9}},"83":{"start":{"line":84,"column":0},"end":{"line":84,"column":0}},"84":{"start":{"line":85,"column":0},"end":{"line":85,"column":27}},"85":{"start":{"line":86,"column":0},"end":{"line":86,"column":21}},"86":{"start":{"line":87,"column":0},"end":{"line":87,"column":95}},"87":{"start":{"line":88,"column":0},"end":{"line":88,"column":80}},"88":{"start":{"line":89,"column":0},"end":{"line":89,"column":5}},"89":{"start":{"line":90,"column":0},"end":{"line":90,"column":4}},"90":{"start":{"line":91,"column":0},"end":{"line":91,"column":0}},"91":{"start":{"line":92,"column":0},"end":{"line":92,"column":5}},"92":{"start":{"line":93,"column":0},"end":{"line":93,"column":72}},"93":{"start":{"line":94,"column":0},"end":{"line":94,"column":52}},"94":{"start":{"line":95,"column":0},"end":{"line":95,"column":5}},"95":{"start":{"line":96,"column":0},"end":{"line":96,"column":49}},"96":{"start":{"line":97,"column":0},"end":{"line":97,"column":9}},"97":{"start":{"line":98,"column":0},"end":{"line":98,"column":53}},"98":{"start":{"line":99,"column":0},"end":{"line":99,"column":47}},"99":{"start":{"line":100,"column":0},"end":{"line":100,"column":0}},"100":{"start":{"line":101,"column":0},"end":{"line":101,"column":41}},"101":{"start":{"line":102,"column":0},"end":{"line":102,"column":60}},"102":{"start":{"line":103,"column":0},"end":{"line":103,"column":11}},"103":{"start":{"line":104,"column":0},"end":{"line":104,"column":37}},"104":{"start":{"line":105,"column":0},"end":{"line":105,"column":8}},"105":{"start":{"line":106,"column":0},"end":{"line":106,"column":0}},"106":{"start":{"line":107,"column":0},"end":{"line":107,"column":27}},"107":{"start":{"line":108,"column":0},"end":{"line":108,"column":21}},"108":{"start":{"line":109,"column":0},"end":{"line":109,"column":89}},"109":{"start":{"line":110,"column":0},"end":{"line":110,"column":74}},"110":{"start":{"line":111,"column":0},"end":{"line":111,"column":5}},"111":{"start":{"line":112,"column":0},"end":{"line":112,"column":4}},"112":{"start":{"line":113,"column":0},"end":{"line":113,"column":0}},"113":{"start":{"line":114,"column":0},"end":{"line":114,"column":5}},"114":{"start":{"line":115,"column":0},"end":{"line":115,"column":50}},"115":{"start":{"line":116,"column":0},"end":{"line":116,"column":5}},"116":{"start":{"line":117,"column":0},"end":{"line":117,"column":31}},"117":{"start":{"line":118,"column":0},"end":{"line":118,"column":9}},"118":{"start":{"line":119,"column":0},"end":{"line":119,"column":68}},"119":{"start":{"line":120,"column":0},"end":{"line":120,"column":34}},"120":{"start":{"line":121,"column":0},"end":{"line":121,"column":9}},"121":{"start":{"line":122,"column":0},"end":{"line":122,"column":0}},"122":{"start":{"line":123,"column":0},"end":{"line":123,"column":27}},"123":{"start":{"line":124,"column":0},"end":{"line":124,"column":21}},"124":{"start":{"line":125,"column":0},"end":{"line":125,"column":93}},"125":{"start":{"line":126,"column":0},"end":{"line":126,"column":78}},"126":{"start":{"line":127,"column":0},"end":{"line":127,"column":5}},"127":{"start":{"line":128,"column":0},"end":{"line":128,"column":4}},"128":{"start":{"line":129,"column":0},"end":{"line":129,"column":2}},"129":{"start":{"line":130,"column":0},"end":{"line":130,"column":0}},"130":{"start":{"line":131,"column":0},"end":{"line":131,"column":34}}},"s":{"0":1,"1":1,"2":1,"3":1,"4":1,"5":1,"6":0,"7":0,"8":0,"9":0,"10":0,"11":0,"12":1,"13":1,"14":1,"15":1,"16":1,"17":1,"18":1,"19":1,"20":1,"21":1,"22":1,"23":1,"24":1,"25":1,"26":1,"27":0,"28":0,"29":0,"30":0,"31":0,"32":0,"33":0,"34":0,"35":0,"36":0,"37":0,"38":0,"39":0,"40":0,"41":0,"42":0,"43":0,"44":0,"45":0,"46":0,"47":1,"48":1,"49":1,"50":1,"51":1,"52":1,"53":0,"54":0,"55":0,"56":0,"57":0,"58":0,"59":0,"60":0,"61":0,"62":0,"63":0,"64":0,"65":0,"66":0,"67":0,"68":1,"69":1,"70":1,"71":1,"72":1,"73":1,"74":0,"75":0,"76":0,"77":0,"78":0,"79":0,"80":0,"81":0,"82":0,"83":0,"84":0,"85":0,"86":0,"87":0,"88":0,"89":1,"90":1,"91":1,"92":1,"93":1,"94":1,"95":1,"96":0,"97":0,"98":0,"99":0,"100":0,"101":0,"102":0,"103":0,"104":0,"105":0,"106":0,"107":0,"108":0,"109":0,"110":0,"111":1,"112":1,"113":1,"114":1,"115":1,"116":1,"117":0,"118":0,"119":0,"120":0,"121":0,"122":0,"123":0,"124":0,"125":0,"126":0,"127":1,"128":1,"129":1,"130":1},"branchMap":{},"b":{},"fnMap":{"0":{"name":"getAuthHeaders","decl":{"start":{"line":7,"column":0},"end":{"line":12,"column":1}},"loc":{"start":{"line":7,"column":0},"end":{"line":12,"column":1}},"line":7},"1":{"name":"getSolicitudes","decl":{"start":{"line":27,"column":2},"end":{"line":48,"column":3}},"loc":{"start":{"line":27,"column":2},"end":{"line":48,"column":3}},"line":27},"2":{"name":"crearSolicitud","decl":{"start":{"line":53,"column":2},"end":{"line":69,"column":3}},"loc":{"start":{"line":53,"column":2},"end":{"line":69,"column":3}},"line":53},"3":{"name":"actualizarSolicitud","decl":{"start":{"line":74,"column":2},"end":{"line":90,"column":3}},"loc":{"start":{"line":74,"column":2},"end":{"line":90,"column":3}},"line":74},"4":{"name":"cambiarEstado","decl":{"start":{"line":96,"column":2},"end":{"line":112,"column":3}},"loc":{"start":{"line":96,"column":2},"end":{"line":112,"column":3}},"line":96},"5":{"name":"eliminarSolicitud","decl":{"start":{"line":117,"column":2},"end":{"line":128,"column":3}},"loc":{"start":{"line":117,"column":2},"end":{"line":128,"column":3}},"line":117}},"f":{"0":0,"1":0,"2":0,"3":0,"4":0,"5":0}}
}
