{"D:\\CDT-TERMINADO\\proyecto-finalINGSOFT\\FrontEnd\\neoCDT-FRONT\\src\\components\\AgentSolicitudesTable.jsx": {"path":"D:\\CDT-TERMINADO\\proyecto-finalINGSOFT\\FrontEnd\\neoCDT-FRONT\\src\\components\\AgentSolicitudesTable.jsx","all":false,"statementMap":{"1":{"start":{"line":2,"column":0},"end":{"line":2,"column":26}},"2":{"start":{"line":3,"column":0},"end":{"line":3,"column":26}},"4":{"start":{"line":5,"column":0},"end":{"line":5,"column":29}},"5":{"start":{"line":6,"column":0},"end":{"line":6,"column":7}},"6":{"start":{"line":7,"column":0},"end":{"line":7,"column":43}},"7":{"start":{"line":8,"column":0},"end":{"line":8,"column":24}},"8":{"start":{"line":9,"column":0},"end":{"line":9,"column":22}},"9":{"start":{"line":10,"column":0},"end":{"line":10,"column":31}},"10":{"start":{"line":11,"column":0},"end":{"line":11,"column":21}},"11":{"start":{"line":12,"column":0},"end":{"line":12,"column":11}},"12":{"start":{"line":13,"column":0},"end":{"line":13,"column":17}},"13":{"start":{"line":14,"column":0},"end":{"line":14,"column":3}},"14":{"start":{"line":15,"column":0},"end":{"line":15,"column":1}},"16":{"start":{"line":17,"column":0},"end":{"line":17,"column":54}},"17":{"start":{"line":18,"column":0},"end":{"line":18,"column":61}},"18":{"start":{"line":19,"column":0},"end":{"line":19,"column":54}},"19":{"start":{"line":20,"column":0},"end":{"line":20,"column":72}},"20":{"start":{"line":21,"column":0},"end":{"line":21,"column":92}},"21":{"start":{"line":22,"column":0},"end":{"line":22,"column":90}},"22":{"start":{"line":23,"column":0},"end":{"line":23,"column":99}},"24":{"start":{"line":25,"column":0},"end":{"line":25,"column":49}},"25":{"start":{"line":26,"column":0},"end":{"line":26,"column":76}},"26":{"start":{"line":27,"column":0},"end":{"line":27,"column":3}},"28":{"start":{"line":29,"column":0},"end":{"line":29,"column":10}},"29":{"start":{"line":30,"column":0},"end":{"line":30,"column":54}},"30":{"start":{"line":31,"column":0},"end":{"line":31,"column":64}},"31":{"start":{"line":32,"column":0},"end":{"line":32,"column":15}},"32":{"start":{"line":33,"column":0},"end":{"line":33,"column":14}},"33":{"start":{"line":34,"column":0},"end":{"line":34,"column":23}},"34":{"start":{"line":35,"column":0},"end":{"line":35,"column":28}},"35":{"start":{"line":36,"column":0},"end":{"line":36,"column":26}},"36":{"start":{"line":37,"column":0},"end":{"line":37,"column":26}},"37":{"start":{"line":38,"column":0},"end":{"line":38,"column":27}},"38":{"start":{"line":39,"column":0},"end":{"line":39,"column":29}},"39":{"start":{"line":40,"column":0},"end":{"line":40,"column":29}},"40":{"start":{"line":41,"column":0},"end":{"line":41,"column":15}},"41":{"start":{"line":42,"column":0},"end":{"line":42,"column":16}},"42":{"start":{"line":43,"column":0},"end":{"line":43,"column":15}},"43":{"start":{"line":44,"column":0},"end":{"line":44,"column":33}},"44":{"start":{"line":45,"column":0},"end":{"line":45,"column":27}},"45":{"start":{"line":46,"column":0},"end":{"line":46,"column":50}},"46":{"start":{"line":47,"column":0},"end":{"line":47,"column":55}},"47":{"start":{"line":48,"column":0},"end":{"line":48,"column":93}},"48":{"start":{"line":49,"column":0},"end":{"line":49,"column":73}},"49":{"start":{"line":50,"column":0},"end":{"line":50,"column":18}},"50":{"start":{"line":51,"column":0},"end":{"line":51,"column":25}},"51":{"start":{"line":52,"column":0},"end":{"line":52,"column":67}},"52":{"start":{"line":53,"column":0},"end":{"line":53,"column":33}},"53":{"start":{"line":54,"column":0},"end":{"line":54,"column":45}},"54":{"start":{"line":55,"column":0},"end":{"line":55,"column":46}},"55":{"start":{"line":56,"column":0},"end":{"line":56,"column":39}},"56":{"start":{"line":57,"column":0},"end":{"line":57,"column":39}},"57":{"start":{"line":58,"column":0},"end":{"line":58,"column":54}},"58":{"start":{"line":59,"column":0},"end":{"line":59,"column":40}},"59":{"start":{"line":60,"column":0},"end":{"line":60,"column":40}},"60":{"start":{"line":61,"column":0},"end":{"line":61,"column":77}},"61":{"start":{"line":62,"column":0},"end":{"line":62,"column":40}},"62":{"start":{"line":63,"column":0},"end":{"line":63,"column":44}},"63":{"start":{"line":64,"column":0},"end":{"line":64,"column":19}},"64":{"start":{"line":65,"column":0},"end":{"line":65,"column":83}},"65":{"start":{"line":66,"column":0},"end":{"line":66,"column":21}},"66":{"start":{"line":67,"column":0},"end":{"line":67,"column":19}},"67":{"start":{"line":68,"column":0},"end":{"line":68,"column":18}},"68":{"start":{"line":69,"column":0},"end":{"line":69,"column":23}},"69":{"start":{"line":70,"column":0},"end":{"line":70,"column":35}},"70":{"start":{"line":71,"column":0},"end":{"line":71,"column":42}},"71":{"start":{"line":72,"column":0},"end":{"line":72,"column":64}},"73":{"start":{"line":74,"column":0},"end":{"line":74,"column":61}},"74":{"start":{"line":75,"column":0},"end":{"line":75,"column":37}},"75":{"start":{"line":76,"column":0},"end":{"line":76,"column":52}},"76":{"start":{"line":77,"column":0},"end":{"line":77,"column":32}},"77":{"start":{"line":78,"column":0},"end":{"line":78,"column":29}},"78":{"start":{"line":79,"column":0},"end":{"line":79,"column":21}},"79":{"start":{"line":80,"column":0},"end":{"line":80,"column":25}},"80":{"start":{"line":81,"column":0},"end":{"line":81,"column":19}},"81":{"start":{"line":82,"column":0},"end":{"line":82,"column":18}},"82":{"start":{"line":83,"column":0},"end":{"line":83,"column":57}},"83":{"start":{"line":84,"column":0},"end":{"line":84,"column":25}},"84":{"start":{"line":85,"column":0},"end":{"line":85,"column":35}},"85":{"start":{"line":86,"column":0},"end":{"line":86,"column":30}},"86":{"start":{"line":87,"column":0},"end":{"line":87,"column":75}},"87":{"start":{"line":88,"column":0},"end":{"line":88,"column":72}},"89":{"start":{"line":90,"column":0},"end":{"line":90,"column":48}},"90":{"start":{"line":91,"column":0},"end":{"line":91,"column":19}},"92":{"start":{"line":93,"column":0},"end":{"line":93,"column":27}},"93":{"start":{"line":94,"column":0},"end":{"line":94,"column":25}},"94":{"start":{"line":95,"column":0},"end":{"line":95,"column":46}},"95":{"start":{"line":96,"column":0},"end":{"line":96,"column":30}},"96":{"start":{"line":97,"column":0},"end":{"line":97,"column":75}},"97":{"start":{"line":98,"column":0},"end":{"line":98,"column":72}},"99":{"start":{"line":100,"column":0},"end":{"line":100,"column":47}},"100":{"start":{"line":101,"column":0},"end":{"line":101,"column":19}},"102":{"start":{"line":103,"column":0},"end":{"line":103,"column":27}},"103":{"start":{"line":104,"column":0},"end":{"line":104,"column":82}},"105":{"start":{"line":106,"column":0},"end":{"line":106,"column":27}},"106":{"start":{"line":107,"column":0},"end":{"line":107,"column":22}},"107":{"start":{"line":108,"column":0},"end":{"line":108,"column":19}},"108":{"start":{"line":109,"column":0},"end":{"line":109,"column":17}},"109":{"start":{"line":110,"column":0},"end":{"line":110,"column":13}},"110":{"start":{"line":111,"column":0},"end":{"line":111,"column":16}},"111":{"start":{"line":112,"column":0},"end":{"line":112,"column":14}},"112":{"start":{"line":113,"column":0},"end":{"line":113,"column":10}},"114":{"start":{"line":115,"column":0},"end":{"line":115,"column":1}}},"s":{"1":1,"2":1,"4":30,"5":30,"6":30,"7":30,"8":30,"9":30,"10":30,"11":30,"12":0,"13":0,"14":30,"16":33,"17":33,"18":33,"19":33,"20":33,"21":33,"22":33,"24":33,"25":5,"26":5,"28":28,"29":28,"30":28,"31":28,"32":28,"33":28,"34":28,"35":28,"36":28,"37":28,"38":28,"39":28,"40":28,"41":28,"42":28,"43":28,"44":30,"45":30,"46":30,"47":30,"48":30,"49":30,"50":30,"51":30,"52":30,"53":30,"54":30,"55":5,"56":5,"57":30,"58":3,"59":3,"60":25,"61":18,"62":18,"63":18,"64":30,"65":30,"66":30,"67":30,"68":30,"69":30,"70":30,"71":30,"73":30,"74":30,"75":60,"76":60,"77":60,"78":30,"79":30,"80":30,"81":30,"82":30,"83":30,"84":30,"85":30,"86":30,"87":13,"89":30,"90":30,"92":30,"93":30,"94":30,"95":30,"96":30,"97":13,"99":30,"100":30,"102":30,"103":30,"105":30,"106":30,"107":30,"108":30,"109":28,"110":28,"111":28,"112":28,"114":28},"branchMap":{"0":{"type":"branch","line":5,"loc":{"start":{"line":5,"column":0},"end":{"line":15,"column":1}},"locations":[{"start":{"line":5,"column":0},"end":{"line":15,"column":1}}]},"1":{"type":"branch","line":12,"loc":{"start":{"line":12,"column":2},"end":{"line":14,"column":3}},"locations":[{"start":{"line":12,"column":2},"end":{"line":14,"column":3}}]},"2":{"type":"branch","line":17,"loc":{"start":{"line":17,"column":0},"end":{"line":115,"column":1}},"locations":[{"start":{"line":17,"column":0},"end":{"line":115,"column":1}}]},"3":{"type":"branch","line":18,"loc":{"start":{"line":18,"column":28},"end":{"line":18,"column":58}},"locations":[{"start":{"line":18,"column":28},"end":{"line":18,"column":58}}]},"4":{"type":"branch","line":18,"loc":{"start":{"line":18,"column":49},"end":{"line":18,"column":61}},"locations":[{"start":{"line":18,"column":49},"end":{"line":18,"column":61}}]},"5":{"type":"branch","line":19,"loc":{"start":{"line":19,"column":24},"end":{"line":19,"column":51}},"locations":[{"start":{"line":19,"column":24},"end":{"line":19,"column":51}}]},"6":{"type":"branch","line":19,"loc":{"start":{"line":19,"column":41},"end":{"line":19,"column":54}},"locations":[{"start":{"line":19,"column":41},"end":{"line":19,"column":54}}]},"7":{"type":"branch","line":20,"loc":{"start":{"line":20,"column":45},"end":{"line":20,"column":72}},"locations":[{"start":{"line":20,"column":45},"end":{"line":20,"column":72}}]},"8":{"type":"branch","line":21,"loc":{"start":{"line":21,"column":43},"end":{"line":21,"column":77}},"locations":[{"start":{"line":21,"column":43},"end":{"line":21,"column":77}}]},"9":{"type":"branch","line":21,"loc":{"start":{"line":21,"column":63},"end":{"line":21,"column":92}},"locations":[{"start":{"line":21,"column":63},"end":{"line":21,"column":92}}]},"10":{"type":"branch","line":22,"loc":{"start":{"line":22,"column":25},"end":{"line":22,"column":56}},"locations":[{"start":{"line":22,"column":25},"end":{"line":22,"column":56}}]},"11":{"type":"branch","line":22,"loc":{"start":{"line":22,"column":43},"end":{"line":22,"column":80}},"locations":[{"start":{"line":22,"column":43},"end":{"line":22,"column":80}}]},"12":{"type":"branch","line":22,"loc":{"start":{"line":22,"column":62},"end":{"line":22,"column":90}},"locations":[{"start":{"line":22,"column":62},"end":{"line":22,"column":90}}]},"13":{"type":"branch","line":23,"loc":{"start":{"line":23,"column":47},"end":{"line":23,"column":89}},"locations":[{"start":{"line":23,"column":47},"end":{"line":23,"column":89}}]},"14":{"type":"branch","line":23,"loc":{"start":{"line":23,"column":71},"end":{"line":23,"column":99}},"locations":[{"start":{"line":23,"column":71},"end":{"line":23,"column":99}}]},"15":{"type":"branch","line":25,"loc":{"start":{"line":25,"column":48},"end":{"line":27,"column":3}},"locations":[{"start":{"line":25,"column":48},"end":{"line":27,"column":3}}]},"16":{"type":"branch","line":27,"loc":{"start":{"line":27,"column":2},"end":{"line":115,"column":1}},"locations":[{"start":{"line":27,"column":2},"end":{"line":115,"column":1}}]},"17":{"type":"branch","line":22,"loc":{"start":{"line":22,"column":80},"end":{"line":22,"column":90}},"locations":[{"start":{"line":22,"column":80},"end":{"line":22,"column":90}}]},"18":{"type":"branch","line":23,"loc":{"start":{"line":23,"column":89},"end":{"line":23,"column":99}},"locations":[{"start":{"line":23,"column":89},"end":{"line":23,"column":99}}]},"19":{"type":"branch","line":44,"loc":{"start":{"line":44,"column":27},"end":{"line":109,"column":17}},"locations":[{"start":{"line":44,"column":27},"end":{"line":109,"column":17}}]},"20":{"type":"branch","line":47,"loc":{"start":{"line":47,"column":21},"end":{"line":47,"column":44}},"locations":[{"start":{"line":47,"column":21},"end":{"line":47,"column":44}}]},"21":{"type":"branch","line":47,"loc":{"start":{"line":47,"column":34},"end":{"line":47,"column":50}},"locations":[{"start":{"line":47,"column":34},"end":{"line":47,"column":50}}]},"22":{"type":"branch","line":49,"loc":{"start":{"line":49,"column":22},"end":{"line":49,"column":51}},"locations":[{"start":{"line":49,"column":22},"end":{"line":49,"column":51}}]},"23":{"type":"branch","line":49,"loc":{"start":{"line":49,"column":42},"end":{"line":49,"column":55}},"locations":[{"start":{"line":49,"column":42},"end":{"line":49,"column":55}}]},"24":{"type":"branch","line":71,"loc":{"start":{"line":71,"column":27},"end":{"line":71,"column":42}},"locations":[{"start":{"line":71,"column":27},"end":{"line":71,"column":42}}]},"25":{"type":"branch","line":87,"loc":{"start":{"line":87,"column":57},"end":{"line":88,"column":72}},"locations":[{"start":{"line":87,"column":57},"end":{"line":88,"column":72}}]},"26":{"type":"branch","line":97,"loc":{"start":{"line":97,"column":57},"end":{"line":98,"column":72}},"locations":[{"start":{"line":97,"column":57},"end":{"line":98,"column":72}}]},"27":{"type":"branch","line":51,"loc":{"start":{"line":51,"column":18},"end":{"line":66,"column":19}},"locations":[{"start":{"line":51,"column":18},"end":{"line":66,"column":19}}]},"28":{"type":"branch","line":52,"loc":{"start":{"line":52,"column":39},"end":{"line":52,"column":51}},"locations":[{"start":{"line":52,"column":39},"end":{"line":52,"column":51}}]},"29":{"type":"branch","line":54,"loc":{"start":{"line":54,"column":32},"end":{"line":54,"column":45}},"locations":[{"start":{"line":54,"column":32},"end":{"line":54,"column":45}}]},"30":{"type":"branch","line":55,"loc":{"start":{"line":55,"column":45},"end":{"line":58,"column":29}},"locations":[{"start":{"line":55,"column":45},"end":{"line":58,"column":29}}]},"31":{"type":"branch","line":58,"loc":{"start":{"line":58,"column":18},"end":{"line":64,"column":19}},"locations":[{"start":{"line":58,"column":18},"end":{"line":64,"column":19}}]},"32":{"type":"branch","line":58,"loc":{"start":{"line":58,"column":53},"end":{"line":61,"column":29}},"locations":[{"start":{"line":58,"column":53},"end":{"line":61,"column":29}}]},"33":{"type":"branch","line":61,"loc":{"start":{"line":61,"column":18},"end":{"line":64,"column":19}},"locations":[{"start":{"line":61,"column":18},"end":{"line":64,"column":19}}]},"34":{"type":"branch","line":61,"loc":{"start":{"line":61,"column":49},"end":{"line":61,"column":76}},"locations":[{"start":{"line":61,"column":49},"end":{"line":61,"column":76}}]},"35":{"type":"branch","line":61,"loc":{"start":{"line":61,"column":76},"end":{"line":64,"column":19}},"locations":[{"start":{"line":61,"column":76},"end":{"line":64,"column":19}}]},"36":{"type":"branch","line":75,"loc":{"start":{"line":75,"column":31},"end":{"line":78,"column":29}},"locations":[{"start":{"line":75,"column":31},"end":{"line":78,"column":29}}]},"37":{"type":"branch","line":90,"loc":{"start":{"line":90,"column":29},"end":{"line":90,"column":48}},"locations":[{"start":{"line":90,"column":29},"end":{"line":90,"column":48}}]},"38":{"type":"branch","line":100,"loc":{"start":{"line":100,"column":29},"end":{"line":100,"column":47}},"locations":[{"start":{"line":100,"column":29},"end":{"line":100,"column":47}}]},"39":{"type":"branch","line":104,"loc":{"start":{"line":104,"column":61},"end":{"line":104,"column":82}},"locations":[{"start":{"line":104,"column":61},"end":{"line":104,"column":82}}]}},"b":{"0":[30],"1":[0],"2":[33],"3":[0],"4":[0],"5":[0],"6":[0],"7":[0],"8":[0],"9":[0],"10":[0],"11":[0],"12":[0],"13":[0],"14":[0],"15":[5],"16":[28],"17":[0],"18":[0],"19":[30],"20":[0],"21":[0],"22":[0],"23":[0],"24":[29],"25":[13],"26":[13],"27":[30],"28":[0],"29":[0],"30":[5],"31":[25],"32":[3],"33":[22],"34":[4],"35":[18],"36":[60],"37":[3],"38":[3],"39":[1]},"fnMap":{"0":{"name":"formatMonto","decl":{"start":{"line":5,"column":0},"end":{"line":15,"column":1}},"loc":{"start":{"line":5,"column":0},"end":{"line":15,"column":1}},"line":5},"1":{"name":"AgentSolicitudesTable","decl":{"start":{"line":17,"column":0},"end":{"line":115,"column":1}},"loc":{"start":{"line":17,"column":0},"end":{"line":115,"column":1}},"line":17},"2":{"name":"onChange","decl":{"start":{"line":72,"column":28},"end":{"line":72,"column":64}},"loc":{"start":{"line":72,"column":28},"end":{"line":72,"column":64}},"line":72},"3":{"name":"onClick","decl":{"start":{"line":90,"column":29},"end":{"line":90,"column":48}},"loc":{"start":{"line":90,"column":29},"end":{"line":90,"column":48}},"line":90},"4":{"name":"onClick","decl":{"start":{"line":100,"column":29},"end":{"line":100,"column":47}},"loc":{"start":{"line":100,"column":29},"end":{"line":100,"column":47}},"line":100},"5":{"name":"onClick","decl":{"start":{"line":104,"column":61},"end":{"line":104,"column":82}},"loc":{"start":{"line":104,"column":61},"end":{"line":104,"column":82}},"line":104}},"f":{"0":30,"1":33,"2":0,"3":3,"4":3,"5":1}}
,"D:\\CDT-TERMINADO\\proyecto-finalINGSOFT\\FrontEnd\\neoCDT-FRONT\\src\\components\\AgenteDashboard.jsx": {"path":"D:\\CDT-TERMINADO\\proyecto-finalINGSOFT\\FrontEnd\\neoCDT-FRONT\\src\\components\\AgenteDashboard.jsx","all":false,"statementMap":{"0":{"start":{"line":1,"column":0},"end":{"line":1,"column":60}},"1":{"start":{"line":2,"column":0},"end":{"line":2,"column":47}},"2":{"start":{"line":3,"column":0},"end":{"line":3,"column":36}},"3":{"start":{"line":4,"column":0},"end":{"line":4,"column":60}},"4":{"start":{"line":5,"column":0},"end":{"line":5,"column":52}},"5":{"start":{"line":6,"column":0},"end":{"line":6,"column":54}},"6":{"start":{"line":7,"column":0},"end":{"line":7,"column":46}},"7":{"start":{"line":8,"column":0},"end":{"line":8,"column":64}},"8":{"start":{"line":9,"column":0},"end":{"line":9,"column":55}},"9":{"start":{"line":10,"column":0},"end":{"line":10,"column":47}},"10":{"start":{"line":11,"column":0},"end":{"line":11,"column":64}},"11":{"start":{"line":12,"column":0},"end":{"line":12,"column":68}},"12":{"start":{"line":13,"column":0},"end":{"line":13,"column":36}},"16":{"start":{"line":17,"column":0},"end":{"line":17,"column":43}},"17":{"start":{"line":18,"column":0},"end":{"line":18,"column":53}},"19":{"start":{"line":20,"column":0},"end":{"line":20,"column":48}},"20":{"start":{"line":21,"column":0},"end":{"line":21,"column":47}},"23":{"start":{"line":24,"column":0},"end":{"line":24,"column":117}},"26":{"start":{"line":27,"column":0},"end":{"line":27,"column":56}},"27":{"start":{"line":28,"column":0},"end":{"line":28,"column":58}},"28":{"start":{"line":29,"column":0},"end":{"line":29,"column":50}},"29":{"start":{"line":30,"column":0},"end":{"line":30,"column":49}},"32":{"start":{"line":33,"column":0},"end":{"line":33,"column":33}},"35":{"start":{"line":36,"column":0},"end":{"line":36,"column":30}},"37":{"start":{"line":38,"column":0},"end":{"line":38,"column":55}},"38":{"start":{"line":39,"column":0},"end":{"line":39,"column":39}},"39":{"start":{"line":40,"column":0},"end":{"line":40,"column":25}},"40":{"start":{"line":41,"column":0},"end":{"line":41,"column":5}},"41":{"start":{"line":42,"column":0},"end":{"line":42,"column":4}},"44":{"start":{"line":45,"column":0},"end":{"line":45,"column":39}},"45":{"start":{"line":46,"column":0},"end":{"line":46,"column":9}},"46":{"start":{"line":47,"column":0},"end":{"line":47,"column":53}},"47":{"start":{"line":48,"column":0},"end":{"line":48,"column":59}},"48":{"start":{"line":49,"column":0},"end":{"line":49,"column":19}},"49":{"start":{"line":50,"column":0},"end":{"line":50,"column":43}},"50":{"start":{"line":51,"column":0},"end":{"line":51,"column":25}},"51":{"start":{"line":52,"column":0},"end":{"line":52,"column":5}},"52":{"start":{"line":53,"column":0},"end":{"line":53,"column":4}},"54":{"start":{"line":55,"column":0},"end":{"line":55,"column":39}},"55":{"start":{"line":56,"column":0},"end":{"line":56,"column":9}},"56":{"start":{"line":57,"column":0},"end":{"line":57,"column":53}},"57":{"start":{"line":58,"column":0},"end":{"line":58,"column":59}},"58":{"start":{"line":59,"column":0},"end":{"line":59,"column":19}},"59":{"start":{"line":60,"column":0},"end":{"line":60,"column":43}},"60":{"start":{"line":61,"column":0},"end":{"line":61,"column":25}},"61":{"start":{"line":62,"column":0},"end":{"line":62,"column":5}},"62":{"start":{"line":63,"column":0},"end":{"line":63,"column":4}},"65":{"start":{"line":66,"column":0},"end":{"line":66,"column":19}},"66":{"start":{"line":67,"column":0},"end":{"line":67,"column":23}},"67":{"start":{"line":68,"column":0},"end":{"line":68,"column":27}},"68":{"start":{"line":69,"column":0},"end":{"line":69,"column":23}},"69":{"start":{"line":70,"column":0},"end":{"line":70,"column":11}},"70":{"start":{"line":71,"column":0},"end":{"line":71,"column":77}},"71":{"start":{"line":72,"column":0},"end":{"line":72,"column":29}},"73":{"start":{"line":74,"column":0},"end":{"line":74,"column":48}},"74":{"start":{"line":75,"column":0},"end":{"line":75,"column":30}},"75":{"start":{"line":76,"column":0},"end":{"line":76,"column":21}},"77":{"start":{"line":78,"column":0},"end":{"line":78,"column":100}},"78":{"start":{"line":79,"column":0},"end":{"line":79,"column":40}},"79":{"start":{"line":80,"column":0},"end":{"line":80,"column":17}},"80":{"start":{"line":81,"column":0},"end":{"line":81,"column":39}},"81":{"start":{"line":82,"column":0},"end":{"line":82,"column":7}},"82":{"start":{"line":83,"column":0},"end":{"line":83,"column":5}},"83":{"start":{"line":84,"column":0},"end":{"line":84,"column":11}},"84":{"start":{"line":85,"column":0},"end":{"line":85,"column":38}},"85":{"start":{"line":86,"column":0},"end":{"line":86,"column":9}},"88":{"start":{"line":89,"column":0},"end":{"line":89,"column":34}},"89":{"start":{"line":90,"column":0},"end":{"line":90,"column":38}},"91":{"start":{"line":92,"column":0},"end":{"line":92,"column":114}},"93":{"start":{"line":94,"column":0},"end":{"line":94,"column":94}},"94":{"start":{"line":95,"column":0},"end":{"line":95,"column":94}},"96":{"start":{"line":97,"column":0},"end":{"line":97,"column":135}},"97":{"start":{"line":98,"column":0},"end":{"line":98,"column":135}},"98":{"start":{"line":99,"column":0},"end":{"line":99,"column":18}},"99":{"start":{"line":100,"column":0},"end":{"line":100,"column":7}},"100":{"start":{"line":101,"column":0},"end":{"line":101,"column":29}},"103":{"start":{"line":104,"column":0},"end":{"line":104,"column":41}},"104":{"start":{"line":105,"column":0},"end":{"line":105,"column":27}},"105":{"start":{"line":106,"column":0},"end":{"line":106,"column":25}},"106":{"start":{"line":107,"column":0},"end":{"line":107,"column":3}},"107":{"start":{"line":108,"column":0},"end":{"line":108,"column":41}},"108":{"start":{"line":109,"column":0},"end":{"line":109,"column":28}},"110":{"start":{"line":111,"column":0},"end":{"line":111,"column":41}},"112":{"start":{"line":113,"column":0},"end":{"line":113,"column":209}},"113":{"start":{"line":114,"column":0},"end":{"line":114,"column":26}},"114":{"start":{"line":115,"column":0},"end":{"line":115,"column":9}},"115":{"start":{"line":116,"column":0},"end":{"line":116,"column":61}},"116":{"start":{"line":117,"column":0},"end":{"line":117,"column":42}},"117":{"start":{"line":118,"column":0},"end":{"line":118,"column":19}},"119":{"start":{"line":120,"column":0},"end":{"line":120,"column":31}},"120":{"start":{"line":121,"column":0},"end":{"line":121,"column":70}},"121":{"start":{"line":122,"column":0},"end":{"line":122,"column":25}},"122":{"start":{"line":123,"column":0},"end":{"line":123,"column":5}},"123":{"start":{"line":124,"column":0},"end":{"line":124,"column":3}},"126":{"start":{"line":127,"column":0},"end":{"line":127,"column":42}},"127":{"start":{"line":128,"column":0},"end":{"line":128,"column":27}},"128":{"start":{"line":129,"column":0},"end":{"line":129,"column":26}},"129":{"start":{"line":130,"column":0},"end":{"line":130,"column":3}},"130":{"start":{"line":131,"column":0},"end":{"line":131,"column":48}},"131":{"start":{"line":132,"column":0},"end":{"line":132,"column":28}},"132":{"start":{"line":133,"column":0},"end":{"line":133,"column":41}},"133":{"start":{"line":134,"column":0},"end":{"line":134,"column":222}},"134":{"start":{"line":135,"column":0},"end":{"line":135,"column":27}},"135":{"start":{"line":136,"column":0},"end":{"line":136,"column":9}},"136":{"start":{"line":137,"column":0},"end":{"line":137,"column":70}},"137":{"start":{"line":138,"column":0},"end":{"line":138,"column":43}},"138":{"start":{"line":139,"column":0},"end":{"line":139,"column":19}},"139":{"start":{"line":140,"column":0},"end":{"line":140,"column":31}},"140":{"start":{"line":141,"column":0},"end":{"line":141,"column":71}},"141":{"start":{"line":142,"column":0},"end":{"line":142,"column":25}},"142":{"start":{"line":143,"column":0},"end":{"line":143,"column":5}},"143":{"start":{"line":144,"column":0},"end":{"line":144,"column":3}},"147":{"start":{"line":148,"column":0},"end":{"line":148,"column":48}},"148":{"start":{"line":149,"column":0},"end":{"line":149,"column":232}},"149":{"start":{"line":150,"column":0},"end":{"line":150,"column":3}},"153":{"start":{"line":154,"column":0},"end":{"line":154,"column":30}},"154":{"start":{"line":155,"column":0},"end":{"line":155,"column":19}},"155":{"start":{"line":156,"column":0},"end":{"line":156,"column":22}},"156":{"start":{"line":157,"column":0},"end":{"line":157,"column":3}},"158":{"start":{"line":159,"column":0},"end":{"line":159,"column":10}},"159":{"start":{"line":160,"column":0},"end":{"line":160,"column":38}},"161":{"start":{"line":162,"column":0},"end":{"line":162,"column":171}},"163":{"start":{"line":164,"column":0},"end":{"line":164,"column":38}},"164":{"start":{"line":165,"column":0},"end":{"line":165,"column":45}},"165":{"start":{"line":166,"column":0},"end":{"line":166,"column":52}},"166":{"start":{"line":167,"column":0},"end":{"line":167,"column":44}},"167":{"start":{"line":168,"column":0},"end":{"line":168,"column":28}},"168":{"start":{"line":169,"column":0},"end":{"line":169,"column":32}},"169":{"start":{"line":170,"column":0},"end":{"line":170,"column":16}},"170":{"start":{"line":171,"column":0},"end":{"line":171,"column":14}},"172":{"start":{"line":173,"column":0},"end":{"line":173,"column":44}},"173":{"start":{"line":174,"column":0},"end":{"line":174,"column":50}},"174":{"start":{"line":175,"column":0},"end":{"line":175,"column":55}},"175":{"start":{"line":176,"column":0},"end":{"line":176,"column":34}},"176":{"start":{"line":177,"column":0},"end":{"line":177,"column":16}},"177":{"start":{"line":178,"column":0},"end":{"line":178,"column":43}},"178":{"start":{"line":179,"column":0},"end":{"line":179,"column":55}},"179":{"start":{"line":180,"column":0},"end":{"line":180,"column":38}},"180":{"start":{"line":181,"column":0},"end":{"line":181,"column":16}},"181":{"start":{"line":182,"column":0},"end":{"line":182,"column":14}},"182":{"start":{"line":183,"column":0},"end":{"line":183,"column":12}},"185":{"start":{"line":186,"column":0},"end":{"line":186,"column":40}},"186":{"start":{"line":187,"column":0},"end":{"line":187,"column":46}},"188":{"start":{"line":189,"column":0},"end":{"line":189,"column":51}},"189":{"start":{"line":190,"column":0},"end":{"line":190,"column":67}},"190":{"start":{"line":191,"column":0},"end":{"line":191,"column":17}},"191":{"start":{"line":192,"column":0},"end":{"line":192,"column":78}},"193":{"start":{"line":194,"column":0},"end":{"line":194,"column":23}},"194":{"start":{"line":195,"column":0},"end":{"line":195,"column":78}},"196":{"start":{"line":197,"column":0},"end":{"line":197,"column":23}},"197":{"start":{"line":198,"column":0},"end":{"line":198,"column":75}},"199":{"start":{"line":200,"column":0},"end":{"line":200,"column":23}},"200":{"start":{"line":201,"column":0},"end":{"line":201,"column":18}},"201":{"start":{"line":202,"column":0},"end":{"line":202,"column":16}},"204":{"start":{"line":205,"column":0},"end":{"line":205,"column":62}},"207":{"start":{"line":208,"column":0},"end":{"line":208,"column":22}},"208":{"start":{"line":209,"column":0},"end":{"line":209,"column":42}},"210":{"start":{"line":211,"column":0},"end":{"line":211,"column":34}},"211":{"start":{"line":212,"column":0},"end":{"line":212,"column":36}},"212":{"start":{"line":213,"column":0},"end":{"line":213,"column":31}},"213":{"start":{"line":214,"column":0},"end":{"line":214,"column":43}},"214":{"start":{"line":215,"column":0},"end":{"line":215,"column":45}},"215":{"start":{"line":216,"column":0},"end":{"line":216,"column":37}},"216":{"start":{"line":217,"column":0},"end":{"line":217,"column":45}},"217":{"start":{"line":218,"column":0},"end":{"line":218,"column":14}},"221":{"start":{"line":222,"column":0},"end":{"line":222,"column":27}},"222":{"start":{"line":223,"column":0},"end":{"line":223,"column":30}},"223":{"start":{"line":224,"column":0},"end":{"line":224,"column":34}},"224":{"start":{"line":225,"column":0},"end":{"line":225,"column":46}},"225":{"start":{"line":226,"column":0},"end":{"line":226,"column":51}},"226":{"start":{"line":227,"column":0},"end":{"line":227,"column":14}},"229":{"start":{"line":230,"column":0},"end":{"line":230,"column":28}},"230":{"start":{"line":231,"column":0},"end":{"line":231,"column":31}},"231":{"start":{"line":232,"column":0},"end":{"line":232,"column":34}},"232":{"start":{"line":233,"column":0},"end":{"line":233,"column":47}},"233":{"start":{"line":234,"column":0},"end":{"line":234,"column":52}},"234":{"start":{"line":235,"column":0},"end":{"line":235,"column":14}},"237":{"start":{"line":238,"column":0},"end":{"line":238,"column":24}},"238":{"start":{"line":239,"column":0},"end":{"line":239,"column":27}},"239":{"start":{"line":240,"column":0},"end":{"line":240,"column":34}},"240":{"start":{"line":241,"column":0},"end":{"line":241,"column":48}},"241":{"start":{"line":242,"column":0},"end":{"line":242,"column":14}},"243":{"start":{"line":244,"column":0},"end":{"line":244,"column":14}},"244":{"start":{"line":245,"column":0},"end":{"line":245,"column":12}},"245":{"start":{"line":246,"column":0},"end":{"line":246,"column":10}},"247":{"start":{"line":248,"column":0},"end":{"line":248,"column":1}}},"s":{"0":1,"1":1,"2":1,"3":1,"4":1,"5":1,"6":1,"7":1,"8":1,"9":1,"10":1,"11":1,"12":1,"16":53,"17":53,"19":53,"20":53,"23":53,"26":53,"27":53,"28":53,"29":53,"32":53,"35":53,"37":2,"38":1,"39":1,"40":1,"41":2,"44":53,"45":2,"46":2,"47":1,"48":1,"49":1,"50":1,"51":1,"52":2,"54":53,"55":2,"56":2,"57":1,"58":1,"59":1,"60":1,"61":1,"62":2,"65":53,"66":20,"67":20,"68":20,"69":20,"70":20,"71":18,"73":20,"74":20,"75":20,"77":1,"78":1,"79":20,"80":19,"81":19,"82":20,"83":20,"84":20,"85":53,"88":53,"89":46,"91":23,"93":23,"94":23,"96":23,"97":23,"98":23,"99":46,"100":53,"103":53,"104":3,"105":3,"106":3,"107":53,"108":2,"110":2,"112":2,"113":2,"114":2,"115":2,"116":1,"117":1,"119":1,"120":1,"121":1,"122":1,"123":2,"126":53,"127":3,"128":3,"129":3,"130":53,"131":2,"132":2,"133":2,"134":2,"135":2,"136":2,"137":1,"138":1,"139":1,"140":1,"141":1,"142":1,"143":2,"147":53,"148":0,"149":0,"153":53,"154":1,"155":1,"156":1,"158":53,"159":53,"161":53,"163":53,"164":53,"165":53,"166":53,"167":53,"168":53,"169":53,"170":53,"172":53,"173":53,"174":53,"175":53,"176":53,"177":53,"178":53,"179":53,"180":53,"181":53,"182":53,"185":53,"186":53,"188":53,"189":53,"190":53,"191":53,"193":53,"194":53,"196":53,"197":53,"199":53,"200":53,"201":53,"204":53,"207":53,"208":20,"210":33,"211":33,"212":33,"213":33,"214":33,"215":33,"216":33,"217":33,"221":53,"222":3,"223":3,"224":3,"225":3,"226":3,"229":53,"230":3,"231":3,"232":3,"233":3,"234":3,"237":53,"238":1,"239":1,"240":1,"241":1,"243":53,"244":53,"245":53,"247":53},"branchMap":{"0":{"type":"branch","line":17,"loc":{"start":{"line":17,"column":0},"end":{"line":248,"column":1}},"locations":[{"start":{"line":17,"column":0},"end":{"line":248,"column":1}}]},"1":{"type":"branch","line":20,"loc":{"start":{"line":20,"column":29},"end":{"line":20,"column":46}},"locations":[{"start":{"line":20,"column":29},"end":{"line":20,"column":46}}]},"2":{"type":"branch","line":208,"loc":{"start":{"line":208,"column":11},"end":{"line":209,"column":42}},"locations":[{"start":{"line":208,"column":11},"end":{"line":209,"column":42}}]},"3":{"type":"branch","line":209,"loc":{"start":{"line":209,"column":38},"end":{"line":218,"column":14}},"locations":[{"start":{"line":209,"column":38},"end":{"line":218,"column":14}}]},"4":{"type":"branch","line":222,"loc":{"start":{"line":222,"column":11},"end":{"line":227,"column":14}},"locations":[{"start":{"line":222,"column":11},"end":{"line":227,"column":14}}]},"5":{"type":"branch","line":230,"loc":{"start":{"line":230,"column":11},"end":{"line":235,"column":14}},"locations":[{"start":{"line":230,"column":11},"end":{"line":235,"column":14}}]},"6":{"type":"branch","line":238,"loc":{"start":{"line":238,"column":11},"end":{"line":242,"column":14}},"locations":[{"start":{"line":238,"column":11},"end":{"line":242,"column":14}}]},"7":{"type":"branch","line":36,"loc":{"start":{"line":36,"column":23},"end":{"line":42,"column":4}},"locations":[{"start":{"line":36,"column":23},"end":{"line":42,"column":4}}]},"8":{"type":"branch","line":38,"loc":{"start":{"line":38,"column":54},"end":{"line":41,"column":5}},"locations":[{"start":{"line":38,"column":54},"end":{"line":41,"column":5}}]},"9":{"type":"branch","line":45,"loc":{"start":{"line":45,"column":26},"end":{"line":53,"column":4}},"locations":[{"start":{"line":45,"column":26},"end":{"line":53,"column":4}}]},"10":{"type":"branch","line":47,"loc":{"start":{"line":47,"column":51},"end":{"line":52,"column":5}},"locations":[{"start":{"line":47,"column":51},"end":{"line":52,"column":5}}]},"11":{"type":"branch","line":55,"loc":{"start":{"line":55,"column":26},"end":{"line":63,"column":4}},"locations":[{"start":{"line":55,"column":26},"end":{"line":63,"column":4}}]},"12":{"type":"branch","line":57,"loc":{"start":{"line":57,"column":51},"end":{"line":62,"column":5}},"locations":[{"start":{"line":57,"column":51},"end":{"line":62,"column":5}}]},"13":{"type":"branch","line":66,"loc":{"start":{"line":66,"column":12},"end":{"line":86,"column":5}},"locations":[{"start":{"line":66,"column":12},"end":{"line":86,"column":5}}]},"14":{"type":"branch","line":68,"loc":{"start":{"line":68,"column":4},"end":{"line":83,"column":5}},"locations":[{"start":{"line":68,"column":4},"end":{"line":83,"column":5}}]},"15":{"type":"branch","line":71,"loc":{"start":{"line":71,"column":75},"end":{"line":72,"column":29}},"locations":[{"start":{"line":71,"column":75},"end":{"line":72,"column":29}}]},"16":{"type":"branch","line":72,"loc":{"start":{"line":72,"column":22},"end":{"line":72,"column":29}},"locations":[{"start":{"line":72,"column":22},"end":{"line":72,"column":29}}]},"17":{"type":"branch","line":72,"loc":{"start":{"line":72,"column":22},"end":{"line":74,"column":37}},"locations":[{"start":{"line":72,"column":22},"end":{"line":74,"column":37}}]},"18":{"type":"branch","line":74,"loc":{"start":{"line":74,"column":28},"end":{"line":74,"column":45}},"locations":[{"start":{"line":74,"column":28},"end":{"line":74,"column":45}}]},"19":{"type":"branch","line":74,"loc":{"start":{"line":74,"column":37},"end":{"line":74,"column":48}},"locations":[{"start":{"line":74,"column":37},"end":{"line":74,"column":48}}]},"20":{"type":"branch","line":76,"loc":{"start":{"line":76,"column":6},"end":{"line":80,"column":8}},"locations":[{"start":{"line":76,"column":6},"end":{"line":80,"column":8}}]},"21":{"type":"branch","line":78,"loc":{"start":{"line":78,"column":84},"end":{"line":78,"column":98}},"locations":[{"start":{"line":78,"column":84},"end":{"line":78,"column":98}}]},"22":{"type":"branch","line":80,"loc":{"start":{"line":80,"column":6},"end":{"line":82,"column":7}},"locations":[{"start":{"line":80,"column":6},"end":{"line":82,"column":7}}]},"23":{"type":"branch","line":85,"loc":{"start":{"line":85,"column":11},"end":{"line":85,"column":38}},"locations":[{"start":{"line":85,"column":11},"end":{"line":85,"column":38}}]},"24":{"type":"branch","line":89,"loc":{"start":{"line":89,"column":27},"end":{"line":101,"column":5}},"locations":[{"start":{"line":89,"column":27},"end":{"line":101,"column":5}}]},"25":{"type":"branch","line":90,"loc":{"start":{"line":90,"column":30},"end":{"line":100,"column":5}},"locations":[{"start":{"line":90,"column":30},"end":{"line":100,"column":5}}]},"26":{"type":"branch","line":92,"loc":{"start":{"line":92,"column":18},"end":{"line":92,"column":101}},"locations":[{"start":{"line":92,"column":18},"end":{"line":92,"column":101}}]},"27":{"type":"branch","line":92,"loc":{"start":{"line":92,"column":101},"end":{"line":92,"column":114}},"locations":[{"start":{"line":92,"column":101},"end":{"line":92,"column":114}}]},"28":{"type":"branch","line":94,"loc":{"start":{"line":94,"column":31},"end":{"line":94,"column":81}},"locations":[{"start":{"line":94,"column":31},"end":{"line":94,"column":81}}]},"29":{"type":"branch","line":94,"loc":{"start":{"line":94,"column":81},"end":{"line":94,"column":94}},"locations":[{"start":{"line":94,"column":81},"end":{"line":94,"column":94}}]},"30":{"type":"branch","line":95,"loc":{"start":{"line":95,"column":31},"end":{"line":95,"column":81}},"locations":[{"start":{"line":95,"column":31},"end":{"line":95,"column":81}}]},"31":{"type":"branch","line":95,"loc":{"start":{"line":95,"column":81},"end":{"line":95,"column":94}},"locations":[{"start":{"line":95,"column":81},"end":{"line":95,"column":94}}]},"32":{"type":"branch","line":97,"loc":{"start":{"line":97,"column":18},"end":{"line":97,"column":122}},"locations":[{"start":{"line":97,"column":18},"end":{"line":97,"column":122}}]},"33":{"type":"branch","line":97,"loc":{"start":{"line":97,"column":122},"end":{"line":97,"column":135}},"locations":[{"start":{"line":97,"column":122},"end":{"line":97,"column":135}}]},"34":{"type":"branch","line":98,"loc":{"start":{"line":98,"column":18},"end":{"line":98,"column":122}},"locations":[{"start":{"line":98,"column":18},"end":{"line":98,"column":122}}]},"35":{"type":"branch","line":98,"loc":{"start":{"line":98,"column":122},"end":{"line":98,"column":135}},"locations":[{"start":{"line":98,"column":122},"end":{"line":98,"column":135}}]},"36":{"type":"branch","line":104,"loc":{"start":{"line":104,"column":2},"end":{"line":107,"column":3}},"locations":[{"start":{"line":104,"column":2},"end":{"line":107,"column":3}}]},"37":{"type":"branch","line":108,"loc":{"start":{"line":108,"column":2},"end":{"line":124,"column":3}},"locations":[{"start":{"line":108,"column":2},"end":{"line":124,"column":3}}]},"38":{"type":"branch","line":116,"loc":{"start":{"line":116,"column":59},"end":{"line":123,"column":5}},"locations":[{"start":{"line":116,"column":59},"end":{"line":123,"column":5}}]},"39":{"type":"branch","line":113,"loc":{"start":{"line":113,"column":19},"end":{"line":113,"column":207}},"locations":[{"start":{"line":113,"column":19},"end":{"line":113,"column":207}}]},"40":{"type":"branch","line":113,"loc":{"start":{"line":113,"column":38},"end":{"line":113,"column":206}},"locations":[{"start":{"line":113,"column":38},"end":{"line":113,"column":206}}]},"41":{"type":"branch","line":113,"loc":{"start":{"line":113,"column":106},"end":{"line":113,"column":124}},"locations":[{"start":{"line":113,"column":106},"end":{"line":113,"column":124}}]},"42":{"type":"branch","line":113,"loc":{"start":{"line":113,"column":200},"end":{"line":113,"column":206}},"locations":[{"start":{"line":113,"column":200},"end":{"line":113,"column":206}}]},"43":{"type":"branch","line":127,"loc":{"start":{"line":127,"column":2},"end":{"line":130,"column":3}},"locations":[{"start":{"line":127,"column":2},"end":{"line":130,"column":3}}]},"44":{"type":"branch","line":131,"loc":{"start":{"line":131,"column":2},"end":{"line":144,"column":3}},"locations":[{"start":{"line":131,"column":2},"end":{"line":144,"column":3}}]},"45":{"type":"branch","line":137,"loc":{"start":{"line":137,"column":68},"end":{"line":143,"column":5}},"locations":[{"start":{"line":137,"column":68},"end":{"line":143,"column":5}}]},"46":{"type":"branch","line":134,"loc":{"start":{"line":134,"column":19},"end":{"line":134,"column":220}},"locations":[{"start":{"line":134,"column":19},"end":{"line":134,"column":220}}]},"47":{"type":"branch","line":134,"loc":{"start":{"line":134,"column":38},"end":{"line":134,"column":219}},"locations":[{"start":{"line":134,"column":38},"end":{"line":134,"column":219}}]},"48":{"type":"branch","line":134,"loc":{"start":{"line":134,"column":107},"end":{"line":134,"column":125}},"locations":[{"start":{"line":134,"column":107},"end":{"line":134,"column":125}}]},"49":{"type":"branch","line":134,"loc":{"start":{"line":134,"column":213},"end":{"line":134,"column":219}},"locations":[{"start":{"line":134,"column":213},"end":{"line":134,"column":219}}]},"50":{"type":"branch","line":154,"loc":{"start":{"line":154,"column":2},"end":{"line":157,"column":3}},"locations":[{"start":{"line":154,"column":2},"end":{"line":157,"column":3}}]}},"b":{"0":[53],"1":[0],"2":[20],"3":[33],"4":[3],"5":[3],"6":[1],"7":[2],"8":[1],"9":[2],"10":[1],"11":[2],"12":[1],"13":[20],"14":[20],"15":[18],"16":[0],"17":[18],"18":[1],"19":[0],"20":[1],"21":[0],"22":[19],"23":[20],"24":[46],"25":[23],"26":[0],"27":[0],"28":[0],"29":[0],"30":[1],"31":[0],"32":[0],"33":[0],"34":[0],"35":[0],"36":[3],"37":[2],"38":[1],"39":[2],"40":[2],"41":[0],"42":[0],"43":[3],"44":[2],"45":[1],"46":[2],"47":[2],"48":[0],"49":[0],"50":[1]},"fnMap":{"0":{"name":"AgenteDashboard","decl":{"start":{"line":17,"column":0},"end":{"line":248,"column":1}},"loc":{"start":{"line":17,"column":0},"end":{"line":248,"column":1}},"line":17},"1":{"name":"handleLogout","decl":{"start":{"line":36,"column":23},"end":{"line":42,"column":4}},"loc":{"start":{"line":36,"column":23},"end":{"line":42,"column":4}},"line":36},"2":{"name":"handleExportCSV","decl":{"start":{"line":45,"column":26},"end":{"line":53,"column":4}},"loc":{"start":{"line":45,"column":26},"end":{"line":53,"column":4}},"line":45},"3":{"name":"handleExportPDF","decl":{"start":{"line":55,"column":26},"end":{"line":63,"column":4}},"loc":{"start":{"line":55,"column":26},"end":{"line":63,"column":4}},"line":55},"4":{"name":"load","decl":{"start":{"line":68,"column":4},"end":{"line":83,"column":5}},"loc":{"start":{"line":68,"column":4},"end":{"line":83,"column":5}},"line":68},"5":{"name":"handleOpenAprobar","decl":{"start":{"line":104,"column":2},"end":{"line":107,"column":3}},"loc":{"start":{"line":104,"column":2},"end":{"line":107,"column":3}},"line":104},"6":{"name":"handleConfirmAprobar","decl":{"start":{"line":108,"column":2},"end":{"line":124,"column":3}},"loc":{"start":{"line":108,"column":2},"end":{"line":124,"column":3}},"line":108},"7":{"name":"handleOpenRechazar","decl":{"start":{"line":127,"column":2},"end":{"line":130,"column":3}},"loc":{"start":{"line":127,"column":2},"end":{"line":130,"column":3}},"line":127},"8":{"name":"handleConfirmRechazar","decl":{"start":{"line":131,"column":2},"end":{"line":144,"column":3}},"loc":{"start":{"line":131,"column":2},"end":{"line":144,"column":3}},"line":131},"9":{"name":"handleAssign","decl":{"start":{"line":148,"column":2},"end":{"line":150,"column":3}},"loc":{"start":{"line":148,"column":2},"end":{"line":150,"column":3}},"line":148},"10":{"name":"handleOpenHist","decl":{"start":{"line":154,"column":2},"end":{"line":157,"column":3}},"loc":{"start":{"line":154,"column":2},"end":{"line":157,"column":3}},"line":154},"11":{"name":"onClose","decl":{"start":{"line":226,"column":23},"end":{"line":226,"column":51}},"loc":{"start":{"line":226,"column":23},"end":{"line":226,"column":51}},"line":226},"12":{"name":"onClose","decl":{"start":{"line":234,"column":23},"end":{"line":234,"column":52}},"loc":{"start":{"line":234,"column":23},"end":{"line":234,"column":52}},"line":234},"13":{"name":"onClose","decl":{"start":{"line":241,"column":23},"end":{"line":241,"column":48}},"loc":{"start":{"line":241,"column":23},"end":{"line":241,"column":48}},"line":241}},"f":{"0":53,"1":2,"2":2,"3":2,"4":20,"5":3,"6":2,"7":3,"8":2,"9":0,"10":1,"11":0,"12":0,"13":0}}
,"D:\\CDT-TERMINADO\\proyecto-finalINGSOFT\\FrontEnd\\neoCDT-FRONT\\src\\components\\FilterBar.jsx": {"path":"D:\\CDT-TERMINADO\\proyecto-finalINGSOFT\\FrontEnd\\neoCDT-FRONT\\src\\components\\FilterBar.jsx","all":false,"statementMap":{"1":{"start":{"line":2,"column":0},"end":{"line":2,"column":51}},"2":{"start":{"line":3,"column":0},"end":{"line":3,"column":29}},"4":{"start":{"line":5,"column":0},"end":{"line":5,"column":62}},"5":{"start":{"line":6,"column":0},"end":{"line":6,"column":61}},"6":{"start":{"line":7,"column":0},"end":{"line":7,"column":58}},"7":{"start":{"line":8,"column":0},"end":{"line":8,"column":58}},"8":{"start":{"line":9,"column":0},"end":{"line":9,"column":67}},"9":{"start":{"line":10,"column":0},"end":{"line":10,"column":40}},"12":{"start":{"line":13,"column":0},"end":{"line":13,"column":19}},"13":{"start":{"line":14,"column":0},"end":{"line":14,"column":38}},"14":{"start":{"line":15,"column":0},"end":{"line":15,"column":87}},"15":{"start":{"line":16,"column":0},"end":{"line":16,"column":12}},"17":{"start":{"line":18,"column":0},"end":{"line":18,"column":39}},"18":{"start":{"line":19,"column":0},"end":{"line":19,"column":51}},"20":{"start":{"line":21,"column":0},"end":{"line":21,"column":10}},"21":{"start":{"line":22,"column":0},"end":{"line":22,"column":32}},"23":{"start":{"line":24,"column":0},"end":{"line":24,"column":73}},"24":{"start":{"line":25,"column":0},"end":{"line":25,"column":51}},"25":{"start":{"line":26,"column":0},"end":{"line":26,"column":50}},"26":{"start":{"line":27,"column":0},"end":{"line":27,"column":60}},"27":{"start":{"line":28,"column":0},"end":{"line":28,"column":50}},"28":{"start":{"line":29,"column":0},"end":{"line":29,"column":52}},"29":{"start":{"line":30,"column":0},"end":{"line":30,"column":52}},"30":{"start":{"line":31,"column":0},"end":{"line":31,"column":15}},"33":{"start":{"line":34,"column":0},"end":{"line":34,"column":13}},"34":{"start":{"line":35,"column":0},"end":{"line":35,"column":20}},"35":{"start":{"line":36,"column":0},"end":{"line":36,"column":22}},"36":{"start":{"line":37,"column":0},"end":{"line":37,"column":50}},"37":{"start":{"line":38,"column":0},"end":{"line":38,"column":33}},"38":{"start":{"line":39,"column":0},"end":{"line":39,"column":8}},"39":{"start":{"line":40,"column":0},"end":{"line":40,"column":13}},"40":{"start":{"line":41,"column":0},"end":{"line":41,"column":20}},"41":{"start":{"line":42,"column":0},"end":{"line":42,"column":22}},"42":{"start":{"line":43,"column":0},"end":{"line":43,"column":50}},"43":{"start":{"line":44,"column":0},"end":{"line":44,"column":33}},"44":{"start":{"line":45,"column":0},"end":{"line":45,"column":8}},"47":{"start":{"line":48,"column":0},"end":{"line":48,"column":12}},"48":{"start":{"line":49,"column":0},"end":{"line":49,"column":21}},"49":{"start":{"line":50,"column":0},"end":{"line":50,"column":34}},"50":{"start":{"line":51,"column":0},"end":{"line":51,"column":24}},"51":{"start":{"line":52,"column":0},"end":{"line":52,"column":53}},"52":{"start":{"line":53,"column":0},"end":{"line":53,"column":8}},"55":{"start":{"line":56,"column":0},"end":{"line":56,"column":13}},"56":{"start":{"line":57,"column":0},"end":{"line":57,"column":104}},"57":{"start":{"line":58,"column":0},"end":{"line":58,"column":7}},"59":{"start":{"line":60,"column":0},"end":{"line":60,"column":15}},"60":{"start":{"line":61,"column":0},"end":{"line":61,"column":10}},"62":{"start":{"line":63,"column":0},"end":{"line":63,"column":1}}},"s":{"1":1,"2":1,"4":57,"5":57,"6":57,"7":57,"8":57,"9":57,"12":57,"13":24,"14":1,"15":24,"17":24,"18":57,"20":57,"21":57,"23":57,"24":57,"25":57,"26":57,"27":57,"28":57,"29":57,"30":57,"33":57,"34":57,"35":57,"36":57,"37":57,"38":57,"39":57,"40":57,"41":57,"42":57,"43":57,"44":57,"47":57,"48":57,"49":57,"50":57,"51":57,"52":57,"55":57,"56":57,"57":57,"59":57,"60":57,"62":57},"branchMap":{"0":{"type":"branch","line":5,"loc":{"start":{"line":5,"column":0},"end":{"line":63,"column":1}},"locations":[{"start":{"line":5,"column":0},"end":{"line":63,"column":1}}]},"1":{"type":"branch","line":6,"loc":{"start":{"line":6,"column":47},"end":{"line":6,"column":59}},"locations":[{"start":{"line":6,"column":47},"end":{"line":6,"column":59}}]},"2":{"type":"branch","line":9,"loc":{"start":{"line":9,"column":51},"end":{"line":9,"column":65}},"locations":[{"start":{"line":9,"column":51},"end":{"line":9,"column":65}}]},"3":{"type":"branch","line":13,"loc":{"start":{"line":13,"column":12},"end":{"line":19,"column":5}},"locations":[{"start":{"line":13,"column":12},"end":{"line":19,"column":5}}]},"4":{"type":"branch","line":14,"loc":{"start":{"line":14,"column":31},"end":{"line":16,"column":7}},"locations":[{"start":{"line":14,"column":31},"end":{"line":16,"column":7}}]},"5":{"type":"branch","line":15,"loc":{"start":{"line":15,"column":48},"end":{"line":15,"column":78}},"locations":[{"start":{"line":15,"column":48},"end":{"line":15,"column":78}}]},"6":{"type":"branch","line":18,"loc":{"start":{"line":18,"column":11},"end":{"line":18,"column":39}},"locations":[{"start":{"line":18,"column":11},"end":{"line":18,"column":39}}]},"7":{"type":"branch","line":24,"loc":{"start":{"line":24,"column":39},"end":{"line":24,"column":73}},"locations":[{"start":{"line":24,"column":39},"end":{"line":24,"column":73}}]},"8":{"type":"branch","line":52,"loc":{"start":{"line":52,"column":18},"end":{"line":52,"column":53}},"locations":[{"start":{"line":52,"column":18},"end":{"line":52,"column":53}}]},"9":{"type":"branch","line":57,"loc":{"start":{"line":57,"column":17},"end":{"line":57,"column":104}},"locations":[{"start":{"line":57,"column":17},"end":{"line":57,"column":104}}]},"10":{"type":"branch","line":57,"loc":{"start":{"line":57,"column":91},"end":{"line":57,"column":99}},"locations":[{"start":{"line":57,"column":91},"end":{"line":57,"column":99}}]}},"b":{"0":[57],"1":[56],"2":[56],"3":[24],"4":[1],"5":[0],"6":[24],"7":[1],"8":[1],"9":[1],"10":[0]},"fnMap":{"0":{"name":"FilterBar","decl":{"start":{"line":5,"column":0},"end":{"line":63,"column":1}},"loc":{"start":{"line":5,"column":0},"end":{"line":63,"column":1}},"line":5},"1":{"name":"onChange","decl":{"start":{"line":24,"column":39},"end":{"line":24,"column":73}},"loc":{"start":{"line":24,"column":39},"end":{"line":24,"column":73}},"line":24},"2":{"name":"onChange","decl":{"start":{"line":37,"column":18},"end":{"line":37,"column":50}},"loc":{"start":{"line":37,"column":18},"end":{"line":37,"column":50}},"line":37},"3":{"name":"onChange","decl":{"start":{"line":43,"column":18},"end":{"line":43,"column":50}},"loc":{"start":{"line":43,"column":18},"end":{"line":43,"column":50}},"line":43},"4":{"name":"onChange","decl":{"start":{"line":52,"column":18},"end":{"line":52,"column":53}},"loc":{"start":{"line":52,"column":18},"end":{"line":52,"column":53}},"line":52},"5":{"name":"onClick","decl":{"start":{"line":57,"column":17},"end":{"line":57,"column":104}},"loc":{"start":{"line":57,"column":17},"end":{"line":57,"column":104}},"line":57}},"f":{"0":57,"1":1,"2":0,"3":0,"4":1,"5":1}}
,"D:\\CDT-TERMINADO\\proyecto-finalINGSOFT\\FrontEnd\\neoCDT-FRONT\\src\\components\\HistorialModal.jsx": {"path":"D:\\CDT-TERMINADO\\proyecto-finalINGSOFT\\FrontEnd\\neoCDT-FRONT\\src\\components\\HistorialModal.jsx","all":false,"statementMap":{"1":{"start":{"line":2,"column":0},"end":{"line":2,"column":26}},"3":{"start":{"line":4,"column":0},"end":{"line":4,"column":75}},"5":{"start":{"line":6,"column":0},"end":{"line":6,"column":50}},"7":{"start":{"line":8,"column":0},"end":{"line":8,"column":25}},"9":{"start":{"line":10,"column":0},"end":{"line":10,"column":10}},"10":{"start":{"line":11,"column":0},"end":{"line":11,"column":35}},"11":{"start":{"line":12,"column":0},"end":{"line":12,"column":145}},"12":{"start":{"line":13,"column":0},"end":{"line":13,"column":37}},"13":{"start":{"line":14,"column":0},"end":{"line":14,"column":28}},"14":{"start":{"line":15,"column":0},"end":{"line":15,"column":72}},"15":{"start":{"line":16,"column":0},"end":{"line":16,"column":14}},"16":{"start":{"line":17,"column":0},"end":{"line":17,"column":40}},"19":{"start":{"line":20,"column":0},"end":{"line":20,"column":86}},"20":{"start":{"line":21,"column":0},"end":{"line":21,"column":76}},"21":{"start":{"line":22,"column":0},"end":{"line":22,"column":66}},"22":{"start":{"line":23,"column":0},"end":{"line":23,"column":37}},"23":{"start":{"line":24,"column":0},"end":{"line":24,"column":19}},"24":{"start":{"line":25,"column":0},"end":{"line":25,"column":15}},"25":{"start":{"line":26,"column":0},"end":{"line":26,"column":15}},"26":{"start":{"line":27,"column":0},"end":{"line":27,"column":46}},"27":{"start":{"line":28,"column":0},"end":{"line":28,"column":79}},"28":{"start":{"line":29,"column":0},"end":{"line":29,"column":16}},"29":{"start":{"line":30,"column":0},"end":{"line":30,"column":14}},"30":{"start":{"line":31,"column":0},"end":{"line":31,"column":12}},"31":{"start":{"line":32,"column":0},"end":{"line":32,"column":10}},"33":{"start":{"line":34,"column":0},"end":{"line":34,"column":1}}},"s":{"1":1,"3":1,"5":1,"7":1,"9":1,"10":1,"11":1,"12":1,"13":1,"14":1,"15":1,"16":1,"19":0,"20":0,"21":0,"22":0,"23":0,"24":1,"25":1,"26":1,"27":1,"28":1,"29":1,"30":1,"31":1,"33":1},"branchMap":{"0":{"type":"branch","line":4,"loc":{"start":{"line":4,"column":0},"end":{"line":34,"column":1}},"locations":[{"start":{"line":4,"column":0},"end":{"line":34,"column":1}}]},"1":{"type":"branch","line":6,"loc":{"start":{"line":6,"column":36},"end":{"line":6,"column":50}},"locations":[{"start":{"line":6,"column":36},"end":{"line":6,"column":50}}]},"2":{"type":"branch","line":8,"loc":{"start":{"line":8,"column":13},"end":{"line":8,"column":25}},"locations":[{"start":{"line":8,"column":13},"end":{"line":8,"column":25}}]}},"b":{"0":[1],"1":[0],"2":[0]},"fnMap":{"0":{"name":"HistorialModal","decl":{"start":{"line":4,"column":0},"end":{"line":34,"column":1}},"loc":{"start":{"line":4,"column":0},"end":{"line":34,"column":1}},"line":4}},"f":{"0":1}}
,"D:\\CDT-TERMINADO\\proyecto-finalINGSOFT\\FrontEnd\\neoCDT-FRONT\\src\\components\\Modal.jsx": {"path":"D:\\CDT-TERMINADO\\proyecto-finalINGSOFT\\FrontEnd\\neoCDT-FRONT\\src\\components\\Modal.jsx","all":false,"statementMap":{"1":{"start":{"line":2,"column":0},"end":{"line":2,"column":26}},"2":{"start":{"line":3,"column":0},"end":{"line":3,"column":25}},"12":{"start":{"line":13,"column":0},"end":{"line":13,"column":61}},"13":{"start":{"line":14,"column":0},"end":{"line":14,"column":10}},"14":{"start":{"line":15,"column":0},"end":{"line":15,"column":35}},"15":{"start":{"line":16,"column":0},"end":{"line":16,"column":37}},"17":{"start":{"line":18,"column":0},"end":{"line":18,"column":38}},"18":{"start":{"line":19,"column":0},"end":{"line":19,"column":26}},"19":{"start":{"line":20,"column":0},"end":{"line":20,"column":74}},"21":{"start":{"line":22,"column":0},"end":{"line":22,"column":19}},"22":{"start":{"line":23,"column":0},"end":{"line":23,"column":14}},"25":{"start":{"line":26,"column":0},"end":{"line":26,"column":52}},"26":{"start":{"line":27,"column":0},"end":{"line":27,"column":12}},"27":{"start":{"line":28,"column":0},"end":{"line":28,"column":10}},"29":{"start":{"line":30,"column":0},"end":{"line":30,"column":1}}},"s":{"1":1,"2":1,"12":3,"13":3,"14":3,"15":3,"17":3,"18":3,"19":3,"21":3,"22":3,"25":3,"26":3,"27":3,"29":3},"branchMap":{"0":{"type":"branch","line":13,"loc":{"start":{"line":13,"column":0},"end":{"line":30,"column":1}},"locations":[{"start":{"line":13,"column":0},"end":{"line":30,"column":1}}]}},"b":{"0":[3]},"fnMap":{"0":{"name":"Modal","decl":{"start":{"line":13,"column":0},"end":{"line":30,"column":1}},"loc":{"start":{"line":13,"column":0},"end":{"line":30,"column":1}},"line":13}},"f":{"0":3}}
,"D:\\CDT-TERMINADO\\proyecto-finalINGSOFT\\FrontEnd\\neoCDT-FRONT\\src\\components\\ModalAprobarAgent.jsx": {"path":"D:\\CDT-TERMINADO\\proyecto-finalINGSOFT\\FrontEnd\\neoCDT-FRONT\\src\\components\\ModalAprobarAgent.jsx","all":false,"statementMap":{"1":{"start":{"line":2,"column":0},"end":{"line":2,"column":26}},"3":{"start":{"line":4,"column":0},"end":{"line":4,"column":84}},"5":{"start":{"line":6,"column":0},"end":{"line":6,"column":50}},"7":{"start":{"line":8,"column":0},"end":{"line":8,"column":25}},"9":{"start":{"line":10,"column":0},"end":{"line":10,"column":10}},"10":{"start":{"line":11,"column":0},"end":{"line":11,"column":35}},"11":{"start":{"line":12,"column":0},"end":{"line":12,"column":60}},"12":{"start":{"line":13,"column":0},"end":{"line":13,"column":37}},"13":{"start":{"line":14,"column":0},"end":{"line":14,"column":124}},"14":{"start":{"line":15,"column":0},"end":{"line":15,"column":77}},"15":{"start":{"line":16,"column":0},"end":{"line":16,"column":79}},"16":{"start":{"line":17,"column":0},"end":{"line":17,"column":72}},"17":{"start":{"line":18,"column":0},"end":{"line":18,"column":14}},"18":{"start":{"line":19,"column":0},"end":{"line":19,"column":12}},"19":{"start":{"line":20,"column":0},"end":{"line":20,"column":10}},"21":{"start":{"line":22,"column":0},"end":{"line":22,"column":1}}},"s":{"1":1,"3":3,"5":3,"7":3,"9":3,"10":3,"11":3,"12":3,"13":3,"14":3,"15":3,"16":3,"17":3,"18":3,"19":3,"21":3},"branchMap":{"0":{"type":"branch","line":4,"loc":{"start":{"line":4,"column":0},"end":{"line":22,"column":1}},"locations":[{"start":{"line":4,"column":0},"end":{"line":22,"column":1}}]},"1":{"type":"branch","line":6,"loc":{"start":{"line":6,"column":36},"end":{"line":6,"column":50}},"locations":[{"start":{"line":6,"column":36},"end":{"line":6,"column":50}}]},"2":{"type":"branch","line":8,"loc":{"start":{"line":8,"column":13},"end":{"line":8,"column":25}},"locations":[{"start":{"line":8,"column":13},"end":{"line":8,"column":25}}]}},"b":{"0":[3],"1":[0],"2":[0]},"fnMap":{"0":{"name":"ModalAprobarAgent","decl":{"start":{"line":4,"column":0},"end":{"line":22,"column":1}},"loc":{"start":{"line":4,"column":0},"end":{"line":22,"column":1}},"line":4}},"f":{"0":3}}
,"D:\\CDT-TERMINADO\\proyecto-finalINGSOFT\\FrontEnd\\neoCDT-FRONT\\src\\components\\ModalRechazarAgent.jsx": {"path":"D:\\CDT-TERMINADO\\proyecto-finalINGSOFT\\FrontEnd\\neoCDT-FRONT\\src\\components\\ModalRechazarAgent.jsx","all":false,"statementMap":{"1":{"start":{"line":2,"column":0},"end":{"line":2,"column":51}},"2":{"start":{"line":3,"column":0},"end":{"line":3,"column":39}},"4":{"start":{"line":5,"column":0},"end":{"line":5,"column":85}},"5":{"start":{"line":6,"column":0},"end":{"line":6,"column":43}},"8":{"start":{"line":9,"column":0},"end":{"line":9,"column":50}},"10":{"start":{"line":11,"column":0},"end":{"line":11,"column":20}},"11":{"start":{"line":12,"column":0},"end":{"line":12,"column":29}},"12":{"start":{"line":13,"column":0},"end":{"line":13,"column":13}},"14":{"start":{"line":15,"column":0},"end":{"line":15,"column":25}},"16":{"start":{"line":17,"column":0},"end":{"line":17,"column":10}},"17":{"start":{"line":18,"column":0},"end":{"line":18,"column":35}},"18":{"start":{"line":19,"column":0},"end":{"line":19,"column":60}},"19":{"start":{"line":20,"column":0},"end":{"line":20,"column":35}},"20":{"start":{"line":21,"column":0},"end":{"line":21,"column":81}},"21":{"start":{"line":22,"column":0},"end":{"line":22,"column":18}},"22":{"start":{"line":23,"column":0},"end":{"line":23,"column":25}},"23":{"start":{"line":24,"column":0},"end":{"line":24,"column":52}},"24":{"start":{"line":25,"column":0},"end":{"line":25,"column":19}},"25":{"start":{"line":26,"column":0},"end":{"line":26,"column":36}},"26":{"start":{"line":27,"column":0},"end":{"line":27,"column":10}},"27":{"start":{"line":28,"column":0},"end":{"line":28,"column":91}},"28":{"start":{"line":29,"column":0},"end":{"line":29,"column":79}},"29":{"start":{"line":30,"column":0},"end":{"line":30,"column":18}},"30":{"start":{"line":31,"column":0},"end":{"line":31,"column":39}},"31":{"start":{"line":32,"column":0},"end":{"line":32,"column":28}},"32":{"start":{"line":33,"column":0},"end":{"line":33,"column":36}},"33":{"start":{"line":34,"column":0},"end":{"line":34,"column":49}},"34":{"start":{"line":35,"column":0},"end":{"line":35,"column":24}},"35":{"start":{"line":36,"column":0},"end":{"line":36,"column":15}},"36":{"start":{"line":37,"column":0},"end":{"line":37,"column":39}},"37":{"start":{"line":38,"column":0},"end":{"line":38,"column":14}},"38":{"start":{"line":39,"column":0},"end":{"line":39,"column":11}},"40":{"start":{"line":41,"column":0},"end":{"line":41,"column":19}},"41":{"start":{"line":42,"column":0},"end":{"line":42,"column":14}},"42":{"start":{"line":43,"column":0},"end":{"line":43,"column":12}},"43":{"start":{"line":44,"column":0},"end":{"line":44,"column":10}},"45":{"start":{"line":46,"column":0},"end":{"line":46,"column":1}}},"s":{"1":1,"2":1,"4":7,"5":7,"8":7,"10":7,"11":3,"12":7,"14":7,"16":7,"17":7,"18":7,"19":7,"20":7,"21":7,"22":7,"23":7,"24":7,"25":7,"26":7,"27":7,"28":7,"29":7,"30":7,"31":7,"32":2,"33":0,"34":0,"35":0,"36":2,"37":2,"38":7,"40":7,"41":7,"42":7,"43":7,"45":7},"branchMap":{"0":{"type":"branch","line":5,"loc":{"start":{"line":5,"column":0},"end":{"line":46,"column":1}},"locations":[{"start":{"line":5,"column":0},"end":{"line":46,"column":1}}]},"1":{"type":"branch","line":9,"loc":{"start":{"line":9,"column":36},"end":{"line":9,"column":50}},"locations":[{"start":{"line":9,"column":36},"end":{"line":9,"column":50}}]},"2":{"type":"branch","line":15,"loc":{"start":{"line":15,"column":13},"end":{"line":15,"column":25}},"locations":[{"start":{"line":15,"column":13},"end":{"line":15,"column":25}}]},"3":{"type":"branch","line":11,"loc":{"start":{"line":11,"column":12},"end":{"line":13,"column":5}},"locations":[{"start":{"line":11,"column":12},"end":{"line":13,"column":5}}]},"4":{"type":"branch","line":24,"loc":{"start":{"line":24,"column":20},"end":{"line":24,"column":52}},"locations":[{"start":{"line":24,"column":20},"end":{"line":24,"column":52}}]},"5":{"type":"branch","line":32,"loc":{"start":{"line":32,"column":21},"end":{"line":38,"column":14}},"locations":[{"start":{"line":32,"column":21},"end":{"line":38,"column":14}}]},"6":{"type":"branch","line":33,"loc":{"start":{"line":33,"column":34},"end":{"line":36,"column":15}},"locations":[{"start":{"line":33,"column":34},"end":{"line":36,"column":15}}]}},"b":{"0":[7],"1":[0],"2":[0],"3":[3],"4":[2],"5":[2],"6":[0]},"fnMap":{"0":{"name":"ModalRechazarAgent","decl":{"start":{"line":5,"column":0},"end":{"line":46,"column":1}},"loc":{"start":{"line":5,"column":0},"end":{"line":46,"column":1}},"line":5},"1":{"name":"onChange","decl":{"start":{"line":24,"column":20},"end":{"line":24,"column":52}},"loc":{"start":{"line":24,"column":20},"end":{"line":24,"column":52}},"line":24},"2":{"name":"onClick","decl":{"start":{"line":32,"column":21},"end":{"line":38,"column":14}},"loc":{"start":{"line":32,"column":21},"end":{"line":38,"column":14}},"line":32}},"f":{"0":7,"1":2,"2":2}}
,"D:\\CDT-TERMINADO\\proyecto-finalINGSOFT\\FrontEnd\\neoCDT-FRONT\\src\\components\\SolicitudForm.jsx": {"path":"D:\\CDT-TERMINADO\\proyecto-finalINGSOFT\\FrontEnd\\neoCDT-FRONT\\src\\components\\SolicitudForm.jsx","all":false,"statementMap":{"1":{"start":{"line":2,"column":0},"end":{"line":2,"column":51}},"2":{"start":{"line":3,"column":0},"end":{"line":3,"column":24}},"4":{"start":{"line":5,"column":0},"end":{"line":5,"column":88}},"5":{"start":{"line":6,"column":0},"end":{"line":6,"column":44}},"6":{"start":{"line":7,"column":0},"end":{"line":7,"column":14}},"7":{"start":{"line":8,"column":0},"end":{"line":8,"column":20}},"8":{"start":{"line":9,"column":0},"end":{"line":9,"column":5}},"10":{"start":{"line":11,"column":0},"end":{"line":11,"column":43}},"12":{"start":{"line":13,"column":0},"end":{"line":13,"column":19}},"13":{"start":{"line":14,"column":0},"end":{"line":14,"column":22}},"14":{"start":{"line":15,"column":0},"end":{"line":15,"column":19}},"15":{"start":{"line":16,"column":0},"end":{"line":16,"column":39}},"16":{"start":{"line":17,"column":0},"end":{"line":17,"column":51}},"17":{"start":{"line":18,"column":0},"end":{"line":18,"column":9}},"18":{"start":{"line":19,"column":0},"end":{"line":19,"column":5}},"19":{"start":{"line":20,"column":0},"end":{"line":20,"column":20}},"21":{"start":{"line":22,"column":0},"end":{"line":22,"column":26}},"22":{"start":{"line":23,"column":0},"end":{"line":23,"column":25}},"25":{"start":{"line":26,"column":0},"end":{"line":26,"column":43}},"26":{"start":{"line":27,"column":0},"end":{"line":27,"column":42}},"27":{"start":{"line":28,"column":0},"end":{"line":28,"column":48}},"28":{"start":{"line":29,"column":0},"end":{"line":29,"column":31}},"29":{"start":{"line":30,"column":0},"end":{"line":30,"column":52}},"30":{"start":{"line":31,"column":0},"end":{"line":31,"column":5}},"33":{"start":{"line":34,"column":0},"end":{"line":34,"column":49}},"34":{"start":{"line":35,"column":0},"end":{"line":35,"column":48}},"35":{"start":{"line":36,"column":0},"end":{"line":36,"column":54}},"36":{"start":{"line":37,"column":0},"end":{"line":37,"column":27}},"37":{"start":{"line":38,"column":0},"end":{"line":38,"column":65}},"38":{"start":{"line":39,"column":0},"end":{"line":39,"column":28}},"39":{"start":{"line":40,"column":0},"end":{"line":40,"column":60}},"40":{"start":{"line":41,"column":0},"end":{"line":41,"column":5}},"42":{"start":{"line":43,"column":0},"end":{"line":43,"column":25}},"43":{"start":{"line":44,"column":0},"end":{"line":44,"column":47}},"44":{"start":{"line":45,"column":0},"end":{"line":45,"column":4}},"46":{"start":{"line":47,"column":0},"end":{"line":47,"column":31}},"47":{"start":{"line":48,"column":0},"end":{"line":48,"column":23}},"49":{"start":{"line":50,"column":0},"end":{"line":50,"column":22}},"50":{"start":{"line":51,"column":0},"end":{"line":51,"column":13}},"51":{"start":{"line":52,"column":0},"end":{"line":52,"column":5}},"54":{"start":{"line":55,"column":0},"end":{"line":55,"column":14}},"55":{"start":{"line":56,"column":0},"end":{"line":56,"column":38}},"56":{"start":{"line":57,"column":0},"end":{"line":57,"column":50}},"57":{"start":{"line":58,"column":0},"end":{"line":58,"column":7}},"58":{"start":{"line":59,"column":0},"end":{"line":59,"column":4}},"60":{"start":{"line":61,"column":0},"end":{"line":61,"column":31}},"61":{"start":{"line":62,"column":0},"end":{"line":62,"column":37}},"62":{"start":{"line":63,"column":0},"end":{"line":63,"column":26}},"63":{"start":{"line":64,"column":0},"end":{"line":64,"column":14}},"64":{"start":{"line":65,"column":0},"end":{"line":65,"column":19}},"65":{"start":{"line":66,"column":0},"end":{"line":66,"column":8}},"67":{"start":{"line":68,"column":0},"end":{"line":68,"column":23}},"68":{"start":{"line":69,"column":0},"end":{"line":69,"column":26}},"69":{"start":{"line":70,"column":0},"end":{"line":70,"column":16}},"70":{"start":{"line":71,"column":0},"end":{"line":71,"column":25}},"71":{"start":{"line":72,"column":0},"end":{"line":72,"column":10}},"72":{"start":{"line":73,"column":0},"end":{"line":73,"column":5}},"73":{"start":{"line":74,"column":0},"end":{"line":74,"column":4}},"75":{"start":{"line":76,"column":0},"end":{"line":76,"column":10}},"76":{"start":{"line":77,"column":0},"end":{"line":77,"column":61}},"77":{"start":{"line":78,"column":0},"end":{"line":78,"column":34}},"78":{"start":{"line":79,"column":0},"end":{"line":79,"column":31}},"80":{"start":{"line":81,"column":0},"end":{"line":81,"column":60}},"81":{"start":{"line":82,"column":0},"end":{"line":82,"column":16}},"82":{"start":{"line":83,"column":0},"end":{"line":83,"column":14}},"83":{"start":{"line":84,"column":0},"end":{"line":84,"column":23}},"84":{"start":{"line":85,"column":0},"end":{"line":85,"column":20}},"85":{"start":{"line":86,"column":0},"end":{"line":86,"column":22}},"86":{"start":{"line":87,"column":0},"end":{"line":87,"column":32}},"87":{"start":{"line":88,"column":0},"end":{"line":88,"column":33}},"88":{"start":{"line":89,"column":0},"end":{"line":89,"column":33}},"89":{"start":{"line":90,"column":0},"end":{"line":90,"column":21}},"90":{"start":{"line":91,"column":0},"end":{"line":91,"column":21}},"91":{"start":{"line":92,"column":0},"end":{"line":92,"column":31}},"92":{"start":{"line":93,"column":0},"end":{"line":93,"column":49}},"93":{"start":{"line":94,"column":0},"end":{"line":94,"column":10}},"94":{"start":{"line":95,"column":0},"end":{"line":95,"column":79}},"95":{"start":{"line":96,"column":0},"end":{"line":96,"column":12}},"97":{"start":{"line":98,"column":0},"end":{"line":98,"column":34}},"98":{"start":{"line":99,"column":0},"end":{"line":99,"column":37}},"100":{"start":{"line":101,"column":0},"end":{"line":101,"column":63}},"101":{"start":{"line":102,"column":0},"end":{"line":102,"column":16}},"102":{"start":{"line":103,"column":0},"end":{"line":103,"column":14}},"103":{"start":{"line":104,"column":0},"end":{"line":104,"column":23}},"104":{"start":{"line":105,"column":0},"end":{"line":105,"column":26}},"105":{"start":{"line":106,"column":0},"end":{"line":106,"column":28}},"106":{"start":{"line":107,"column":0},"end":{"line":107,"column":38}},"107":{"start":{"line":108,"column":0},"end":{"line":108,"column":33}},"108":{"start":{"line":109,"column":0},"end":{"line":109,"column":30}},"109":{"start":{"line":110,"column":0},"end":{"line":110,"column":17}},"110":{"start":{"line":111,"column":0},"end":{"line":111,"column":18}},"111":{"start":{"line":112,"column":0},"end":{"line":112,"column":31}},"112":{"start":{"line":113,"column":0},"end":{"line":113,"column":55}},"113":{"start":{"line":114,"column":0},"end":{"line":114,"column":10}},"114":{"start":{"line":115,"column":0},"end":{"line":115,"column":91}},"115":{"start":{"line":116,"column":0},"end":{"line":116,"column":12}},"117":{"start":{"line":118,"column":0},"end":{"line":118,"column":23}},"118":{"start":{"line":119,"column":0},"end":{"line":119,"column":35}},"119":{"start":{"line":120,"column":0},"end":{"line":120,"column":69}},"120":{"start":{"line":121,"column":0},"end":{"line":121,"column":66}},"121":{"start":{"line":122,"column":0},"end":{"line":122,"column":14}},"124":{"start":{"line":125,"column":0},"end":{"line":125,"column":36}},"125":{"start":{"line":126,"column":0},"end":{"line":126,"column":15}},"126":{"start":{"line":127,"column":0},"end":{"line":127,"column":23}},"127":{"start":{"line":128,"column":0},"end":{"line":128,"column":28}},"128":{"start":{"line":129,"column":0},"end":{"line":129,"column":31}},"129":{"start":{"line":130,"column":0},"end":{"line":130,"column":35}},"130":{"start":{"line":131,"column":0},"end":{"line":131,"column":9}},"132":{"start":{"line":133,"column":0},"end":{"line":133,"column":17}},"133":{"start":{"line":134,"column":0},"end":{"line":134,"column":15}},"134":{"start":{"line":135,"column":0},"end":{"line":135,"column":23}},"135":{"start":{"line":136,"column":0},"end":{"line":136,"column":31}},"136":{"start":{"line":137,"column":0},"end":{"line":137,"column":33}},"138":{"start":{"line":139,"column":0},"end":{"line":139,"column":90}},"139":{"start":{"line":140,"column":0},"end":{"line":140,"column":17}},"140":{"start":{"line":141,"column":0},"end":{"line":141,"column":12}},"141":{"start":{"line":142,"column":0},"end":{"line":142,"column":11}},"143":{"start":{"line":144,"column":0},"end":{"line":144,"column":1}}},"s":{"1":1,"2":1,"4":12,"5":12,"6":12,"7":12,"8":12,"10":12,"12":12,"13":7,"14":1,"15":1,"16":1,"17":1,"18":1,"19":12,"21":12,"22":2,"25":2,"26":2,"27":1,"28":1,"29":0,"30":0,"33":2,"34":2,"35":1,"36":1,"37":0,"38":1,"39":0,"40":0,"42":2,"43":2,"44":2,"46":12,"47":2,"49":2,"50":1,"51":1,"54":1,"55":1,"56":1,"57":1,"58":2,"60":12,"61":2,"62":2,"63":2,"64":2,"65":2,"67":2,"68":0,"69":0,"70":0,"71":0,"72":0,"73":2,"75":12,"76":12,"77":12,"78":12,"80":12,"81":12,"82":12,"83":12,"84":12,"85":12,"86":12,"87":12,"88":12,"89":12,"90":12,"91":12,"92":12,"93":12,"94":12,"95":12,"97":12,"98":12,"100":12,"101":12,"102":12,"103":12,"104":12,"105":12,"106":12,"107":12,"108":12,"109":12,"110":12,"111":12,"112":12,"113":12,"114":12,"115":12,"117":12,"118":2,"119":2,"120":2,"121":2,"124":12,"125":12,"126":12,"127":12,"128":12,"129":12,"130":12,"132":12,"133":12,"134":12,"135":12,"136":12,"138":12,"139":12,"140":12,"141":12,"143":12},"branchMap":{"0":{"type":"branch","line":5,"loc":{"start":{"line":5,"column":0},"end":{"line":144,"column":1}},"locations":[{"start":{"line":5,"column":0},"end":{"line":144,"column":1}}]},"1":{"type":"branch","line":93,"loc":{"start":{"line":93,"column":28},"end":{"line":93,"column":46}},"locations":[{"start":{"line":93,"column":28},"end":{"line":93,"column":46}}]},"2":{"type":"branch","line":93,"loc":{"start":{"line":93,"column":36},"end":{"line":93,"column":49}},"locations":[{"start":{"line":93,"column":36},"end":{"line":93,"column":49}}]},"3":{"type":"branch","line":95,"loc":{"start":{"line":95,"column":16},"end":{"line":95,"column":79}},"locations":[{"start":{"line":95,"column":16},"end":{"line":95,"column":79}}]},"4":{"type":"branch","line":113,"loc":{"start":{"line":113,"column":28},"end":{"line":113,"column":52}},"locations":[{"start":{"line":113,"column":28},"end":{"line":113,"column":52}}]},"5":{"type":"branch","line":113,"loc":{"start":{"line":113,"column":42},"end":{"line":113,"column":55}},"locations":[{"start":{"line":113,"column":42},"end":{"line":113,"column":55}}]},"6":{"type":"branch","line":115,"loc":{"start":{"line":115,"column":16},"end":{"line":115,"column":91}},"locations":[{"start":{"line":115,"column":16},"end":{"line":115,"column":91}}]},"7":{"type":"branch","line":118,"loc":{"start":{"line":118,"column":7},"end":{"line":122,"column":14}},"locations":[{"start":{"line":118,"column":7},"end":{"line":122,"column":14}}]},"8":{"type":"branch","line":139,"loc":{"start":{"line":139,"column":11},"end":{"line":139,"column":42}},"locations":[{"start":{"line":139,"column":11},"end":{"line":139,"column":42}}]},"9":{"type":"branch","line":139,"loc":{"start":{"line":139,"column":24},"end":{"line":139,"column":90}},"locations":[{"start":{"line":139,"column":24},"end":{"line":139,"column":90}}]},"10":{"type":"branch","line":139,"loc":{"start":{"line":139,"column":42},"end":{"line":139,"column":71}},"locations":[{"start":{"line":139,"column":42},"end":{"line":139,"column":71}}]},"11":{"type":"branch","line":139,"loc":{"start":{"line":139,"column":56},"end":{"line":139,"column":90}},"locations":[{"start":{"line":139,"column":56},"end":{"line":139,"column":90}}]},"12":{"type":"branch","line":13,"loc":{"start":{"line":13,"column":12},"end":{"line":20,"column":5}},"locations":[{"start":{"line":13,"column":12},"end":{"line":20,"column":5}}]},"13":{"type":"branch","line":14,"loc":{"start":{"line":14,"column":21},"end":{"line":19,"column":5}},"locations":[{"start":{"line":14,"column":21},"end":{"line":19,"column":5}}]},"14":{"type":"branch","line":16,"loc":{"start":{"line":16,"column":27},"end":{"line":16,"column":39}},"locations":[{"start":{"line":16,"column":27},"end":{"line":16,"column":39}}]},"15":{"type":"branch","line":17,"loc":{"start":{"line":17,"column":33},"end":{"line":17,"column":51}},"locations":[{"start":{"line":17,"column":33},"end":{"line":17,"column":51}}]},"16":{"type":"branch","line":22,"loc":{"start":{"line":22,"column":19},"end":{"line":45,"column":4}},"locations":[{"start":{"line":22,"column":19},"end":{"line":45,"column":4}}]},"17":{"type":"branch","line":27,"loc":{"start":{"line":27,"column":18},"end":{"line":27,"column":41}},"locations":[{"start":{"line":27,"column":18},"end":{"line":27,"column":41}}]},"18":{"type":"branch","line":27,"loc":{"start":{"line":27,"column":41},"end":{"line":31,"column":5}},"locations":[{"start":{"line":27,"column":41},"end":{"line":31,"column":5}}]},"19":{"type":"branch","line":29,"loc":{"start":{"line":29,"column":30},"end":{"line":31,"column":5}},"locations":[{"start":{"line":29,"column":30},"end":{"line":31,"column":5}}]},"20":{"type":"branch","line":35,"loc":{"start":{"line":35,"column":18},"end":{"line":35,"column":47}},"locations":[{"start":{"line":35,"column":18},"end":{"line":35,"column":47}}]},"21":{"type":"branch","line":35,"loc":{"start":{"line":35,"column":47},"end":{"line":41,"column":5}},"locations":[{"start":{"line":35,"column":47},"end":{"line":41,"column":5}}]},"22":{"type":"branch","line":37,"loc":{"start":{"line":37,"column":26},"end":{"line":39,"column":15}},"locations":[{"start":{"line":37,"column":26},"end":{"line":39,"column":15}}]},"23":{"type":"branch","line":39,"loc":{"start":{"line":39,"column":27},"end":{"line":41,"column":5}},"locations":[{"start":{"line":39,"column":27},"end":{"line":41,"column":5}}]},"24":{"type":"branch","line":47,"loc":{"start":{"line":47,"column":23},"end":{"line":59,"column":4}},"locations":[{"start":{"line":47,"column":23},"end":{"line":59,"column":4}}]},"25":{"type":"branch","line":50,"loc":{"start":{"line":50,"column":21},"end":{"line":58,"column":7}},"locations":[{"start":{"line":50,"column":21},"end":{"line":58,"column":7}}]},"26":{"type":"branch","line":61,"loc":{"start":{"line":61,"column":23},"end":{"line":74,"column":4}},"locations":[{"start":{"line":61,"column":23},"end":{"line":74,"column":4}}]},"27":{"type":"branch","line":68,"loc":{"start":{"line":68,"column":22},"end":{"line":73,"column":5}},"locations":[{"start":{"line":68,"column":22},"end":{"line":73,"column":5}}]},"28":{"type":"branch","line":63,"loc":{"start":{"line":63,"column":16},"end":{"line":66,"column":6}},"locations":[{"start":{"line":63,"column":16},"end":{"line":66,"column":6}}]}},"b":{"0":[12],"1":[1],"2":[11],"3":[1],"4":[1],"5":[11],"6":[1],"7":[2],"8":[1],"9":[11],"10":[2],"11":[9],"12":[7],"13":[1],"14":[0],"15":[0],"16":[2],"17":[1],"18":[1],"19":[0],"20":[1],"21":[1],"22":[0],"23":[0],"24":[2],"25":[1],"26":[2],"27":[0],"28":[2]},"fnMap":{"0":{"name":"SolicitudForm","decl":{"start":{"line":5,"column":0},"end":{"line":144,"column":1}},"loc":{"start":{"line":5,"column":0},"end":{"line":144,"column":1}},"line":5},"1":{"name":"validate","decl":{"start":{"line":22,"column":19},"end":{"line":45,"column":4}},"loc":{"start":{"line":22,"column":19},"end":{"line":45,"column":4}},"line":22},"2":{"name":"handleSubmit","decl":{"start":{"line":47,"column":23},"end":{"line":59,"column":4}},"loc":{"start":{"line":47,"column":23},"end":{"line":59,"column":4}},"line":47},"3":{"name":"handleChange","decl":{"start":{"line":61,"column":23},"end":{"line":74,"column":4}},"loc":{"start":{"line":61,"column":23},"end":{"line":74,"column":4}},"line":61}},"f":{"0":12,"1":2,"2":2,"3":2}}
[...]
":32},"end":{"line":373,"column":48}},"locations":[{"start":{"line":373,"column":32},"end":{"line":373,"column":48}}]},"57":{"type":"branch","line":375,"loc":{"start":{"line":375,"column":32},"end":{"line":395,"column":12}},"locations":[{"start":{"line":375,"column":32},"end":{"line":395,"column":12}}]},"58":{"type":"branch","line":385,"loc":{"start":{"line":385,"column":23},"end":{"line":393,"column":16}},"locations":[{"start":{"line":385,"column":23},"end":{"line":393,"column":16}}]},"59":{"type":"branch","line":391,"loc":{"start":{"line":391,"column":28},"end":{"line":391,"column":49}},"locations":[{"start":{"line":391,"column":28},"end":{"line":391,"column":49}}]},"60":{"type":"branch","line":392,"loc":{"start":{"line":392,"column":12},"end":{"line":392,"column":18}},"locations":[{"start":{"line":392,"column":12},"end":{"line":392,"column":18}}]},"61":{"type":"branch","line":437,"loc":{"start":{"line":437,"column":0},"end":{"line":451,"column":1}},"locations":[{"start":{"line":437,"column":0},"end":{"line":451,"column":1}}]},"62":{"type":"branch","line":438,"loc":{"start":{"line":438,"column":12},"end":{"line":443,"column":5}},"locations":[{"start":{"line":438,"column":12},"end":{"line":443,"column":5}}]},"63":{"type":"branch","line":442,"loc":{"start":{"line":442,"column":11},"end":{"line":442,"column":37}},"locations":[{"start":{"line":442,"column":11},"end":{"line":442,"column":37}}]},"64":{"type":"branch","line":456,"loc":{"start":{"line":456,"column":0},"end":{"line":787,"column":1}},"locations":[{"start":{"line":456,"column":0},"end":{"line":787,"column":1}}]},"65":{"type":"branch","line":679,"loc":{"start":{"line":679,"column":7},"end":{"line":684,"column":10}},"locations":[{"start":{"line":679,"column":7},"end":{"line":684,"column":10}}]},"66":{"type":"branch","line":754,"loc":{"start":{"line":754,"column":7},"end":{"line":754,"column":44}},"locations":[{"start":{"line":754,"column":7},"end":{"line":754,"column":44}}]},"67":{"type":"branch","line":754,"loc":{"start":{"line":754,"column":22},"end":{"line":762,"column":10}},"locations":[{"start":{"line":754,"column":22},"end":{"line":762,"column":10}}]},"68":{"type":"branch","line":765,"loc":{"start":{"line":765,"column":7},"end":{"line":765,"column":45}},"locations":[{"start":{"line":765,"column":7},"end":{"line":765,"column":45}}]},"69":{"type":"branch","line":765,"loc":{"start":{"line":765,"column":23},"end":{"line":773,"column":10}},"locations":[{"start":{"line":765,"column":23},"end":{"line":773,"column":10}}]},"70":{"type":"branch","line":776,"loc":{"start":{"line":776,"column":7},"end":{"line":776,"column":46}},"locations":[{"start":{"line":776,"column":7},"end":{"line":776,"column":46}}]},"71":{"type":"branch","line":776,"loc":{"start":{"line":776,"column":24},"end":{"line":783,"column":10}},"locations":[{"start":{"line":776,"column":24},"end":{"line":783,"column":10}}]},"72":{"type":"branch","line":477,"loc":{"start":{"line":477,"column":32},"end":{"line":479,"column":5}},"locations":[{"start":{"line":477,"column":32},"end":{"line":479,"column":5}}]},"73":{"type":"branch","line":482,"loc":{"start":{"line":482,"column":39},"end":{"line":495,"column":5}},"locations":[{"start":{"line":482,"column":39},"end":{"line":495,"column":5}}]},"74":{"type":"branch","line":488,"loc":{"start":{"line":488,"column":4},"end":{"line":492,"column":6}},"locations":[{"start":{"line":488,"column":4},"end":{"line":492,"column":6}}]},"75":{"type":"branch","line":497,"loc":{"start":{"line":497,"column":12},"end":{"line":499,"column":5}},"locations":[{"start":{"line":497,"column":12},"end":{"line":499,"column":5}}]},"76":{"type":"branch","line":502,"loc":{"start":{"line":502,"column":35},"end":{"line":533,"column":5}},"locations":[{"start":{"line":502,"column":35},"end":{"line":533,"column":5}}]},"77":{"type":"branch","line":505,"loc":{"start":{"line":505,"column":24},"end":{"line":507,"column":5}},"locations":[{"start":{"line":505,"column":24},"end":{"line":507,"column":5}}]},"78":{"type":"branch","line":508,"loc":{"start":{"line":508,"column":26},"end":{"line":510,"column":5}},"locations":[{"start":{"line":508,"column":26},"end":{"line":510,"column":5}}]},"79":{"type":"branch","line":511,"loc":{"start":{"line":511,"column":26},"end":{"line":513,"column":5}},"locations":[{"start":{"line":511,"column":26},"end":{"line":513,"column":5}}]},"80":{"type":"branch","line":514,"loc":{"start":{"line":514,"column":28},"end":{"line":519,"column":5}},"locations":[{"start":{"line":514,"column":28},"end":{"line":519,"column":5}}]},"81":{"type":"branch","line":520,"loc":{"start":{"line":520,"column":28},"end":{"line":525,"column":5}},"locations":[{"start":{"line":520,"column":28},"end":{"line":525,"column":5}}]},"82":{"type":"branch","line":506,"loc":{"start":{"line":506,"column":33},"end":{"line":506,"column":100}},"locations":[{"start":{"line":506,"column":33},"end":{"line":506,"column":100}}]},"83":{"type":"branch","line":509,"loc":{"start":{"line":509,"column":33},"end":{"line":509,"column":73}},"locations":[{"start":{"line":509,"column":33},"end":{"line":509,"column":73}}]},"84":{"type":"branch","line":535,"loc":{"start":{"line":535,"column":12},"end":{"line":537,"column":5}},"locations":[{"start":{"line":535,"column":12},"end":{"line":537,"column":5}}]},"85":{"type":"branch","line":539,"loc":{"start":{"line":539,"column":23},"end":{"line":544,"column":4}},"locations":[{"start":{"line":539,"column":23},"end":{"line":544,"column":4}}]},"86":{"type":"branch","line":540,"loc":{"start":{"line":540,"column":54},"end":{"line":543,"column":5}},"locations":[{"start":{"line":540,"column":54},"end":{"line":543,"column":5}}]},"87":{"type":"branch","line":546,"loc":{"start":{"line":546,"column":29},"end":{"line":549,"column":4}},"locations":[{"start":{"line":546,"column":29},"end":{"line":549,"column":4}}]},"88":{"type":"branch","line":552,"loc":{"start":{"line":552,"column":28},"end":{"line":556,"column":4}},"locations":[{"start":{"line":552,"column":28},"end":{"line":556,"column":4}}]},"89":{"type":"branch","line":558,"loc":{"start":{"line":558,"column":31},"end":{"line":580,"column":4}},"locations":[{"start":{"line":558,"column":31},"end":{"line":580,"column":4}}]},"90":{"type":"branch","line":559,"loc":{"start":{"line":559,"column":36},"end":{"line":559,"column":43}},"locations":[{"start":{"line":559,"column":36},"end":{"line":559,"column":43}}]},"91":{"type":"branch","line":574,"loc":{"start":{"line":574,"column":4},"end":{"line":577,"column":6}},"locations":[{"start":{"line":574,"column":4},"end":{"line":577,"column":6}}]},"92":{"type":"branch","line":583,"loc":{"start":{"line":583,"column":29},"end":{"line":587,"column":4}},"locations":[{"start":{"line":583,"column":29},"end":{"line":587,"column":4}}]},"93":{"type":"branch","line":589,"loc":{"start":{"line":589,"column":32},"end":{"line":611,"column":4}},"locations":[{"start":{"line":589,"column":32},"end":{"line":611,"column":4}}]},"94":{"type":"branch","line":590,"loc":{"start":{"line":590,"column":36},"end":{"line":590,"column":43}},"locations":[{"start":{"line":590,"column":36},"end":{"line":590,"column":43}}]},"95":{"type":"branch","line":605,"loc":{"start":{"line":605,"column":4},"end":{"line":608,"column":6}},"locations":[{"start":{"line":605,"column":4},"end":{"line":608,"column":6}}]},"96":{"type":"branch","line":614,"loc":{"start":{"line":614,"column":30},"end":{"line":618,"column":4}},"locations":[{"start":{"line":614,"column":30},"end":{"line":618,"column":4}}]},"97":{"type":"branch","line":620,"loc":{"start":{"line":620,"column":26},"end":{"line":623,"column":4}},"locations":[{"start":{"line":620,"column":26},"end":{"line":623,"column":4}}]},"98":{"type":"branch","line":630,"loc":{"start":{"line":630,"column":33},"end":{"line":647,"column":4}},"locations":[{"start":{"line":630,"column":33},"end":{"line":647,"column":4}}]},"99":{"type":"branch","line":650,"loc":{"start":{"line":650,"column":35},"end":{"line":675,"column":4}},"locations":[{"start":{"line":650,"column":35},"end":{"line":675,"column":4}}]},"100":{"type":"branch","line":651,"loc":{"start":{"line":651,"column":17},"end":{"line":657,"column":5}},"locations":[{"start":{"line":651,"column":17},"end":{"line":657,"column":5}}]},"101":{"type":"branch","line":657,"loc":{"start":{"line":657,"column":4},"end":{"line":659,"column":42}},"locations":[{"start":{"line":657,"column":4},"end":{"line":659,"column":42}}]},"102":{"type":"branch","line":659,"loc":{"start":{"line":659,"column":42},"end":{"line":665,"column":5}},"locations":[{"start":{"line":659,"column":42},"end":{"line":665,"column":5}}]},"103":{"type":"branch","line":665,"loc":{"start":{"line":665,"column":4},"end":{"line":673,"column":8}},"locations":[{"start":{"line":665,"column":4},"end":{"line":673,"column":8}}]},"104":{"type":"branch","line":758,"loc":{"start":{"line":758,"column":19},"end":{"line":761,"column":12}},"locations":[{"start":{"line":758,"column":19},"end":{"line":761,"column":12}}]}},"b":{"0":[90],"1":[87],"2":[0],"3":[87],"4":[2],"5":[2],"6":[2],"7":[1],"8":[1],"9":[30],"10":[58],"11":[58],"12":[0],"13":[58],"14":[0],"15":[30],"16":[0],"17":[58],"18":[0],"19":[0],"20":[0],"21":[0],"22":[0],"23":[0],"24":[0],"25":[0],"26":[29],"27":[29],"28":[29],"29":[29],"30":[3],"31":[3],"32":[2],"33":[11],"34":[10],"35":[10],"36":[4],"37":[0],"38":[0],"39":[0],"40":[0],"41":[0],"42":[0],"43":[5],"44":[0],"45":[0],"46":[0],"47":[0],"48":[2],"49":[1],"50":[1],"51":[2],"52":[0],"53":[0],"54":[0],"55":[2],"56":[0],"57":[1],"58":[1],"59":[0],"60":[0],"61":[3],"62":[3],"63":[3],"64":[88],"65":[3],"66":[4],"67":[4],"68":[4],"69":[4],"70":[2],"71":[2],"72":[3],"73":[21],"74":[0],"75":[19],"76":[39],"77":[1],"78":[1],"79":[0],"80":[0],"81":[0],"82":[2],"83":[2],"84":[39],"85":[2],"86":[1],"87":[2],"88":[3],"89":[1],"90":[0],"91":[0],"92":[3],"93":[1],"94":[0],"95":[0],"96":[2],"97":[1],"98":[88],"99":[88],"100":[21],"101":[67],"102":[37],"103":[30],"104":[1]},"fnMap":{"0":{"name":"FilterBar","decl":{"start":{"line":19,"column":0},"end":{"line":85,"column":1}},"loc":{"start":{"line":19,"column":0},"end":{"line":85,"column":1}},"line":19},"1":{"name":"onApply","decl":{"start":{"line":19,"column":45},"end":{"line":19,"column":55}},"loc":{"start":{"line":19,"column":45},"end":{"line":19,"column":55}},"line":19},"2":{"name":"handleChange","decl":{"start":{"line":22,"column":23},"end":{"line":24,"column":4}},"loc":{"start":{"line":22,"column":23},"end":{"line":24,"column":4}},"line":22},"3":{"name":"handleApply","decl":{"start":{"line":26,"column":22},"end":{"line":28,"column":4}},"loc":{"start":{"line":26,"column":22},"end":{"line":28,"column":4}},"line":26},"4":{"name":"onChange","decl":{"start":{"line":34,"column":18},"end":{"line":34,"column":64}},"loc":{"start":{"line":34,"column":18},"end":{"line":34,"column":64}},"line":34},"5":{"name":"onChange","decl":{"start":{"line":58,"column":18},"end":{"line":58,"column":66}},"loc":{"start":{"line":58,"column":18},"end":{"line":58,"column":66}},"line":58},"6":{"name":"onChange","decl":{"start":{"line":65,"column":18},"end":{"line":65,"column":66}},"loc":{"start":{"line":65,"column":18},"end":{"line":65,"column":66}},"line":65},"7":{"name":"onChange","decl":{"start":{"line":72,"column":18},"end":{"line":72,"column":68}},"loc":{"start":{"line":72,"column":18},"end":{"line":72,"column":68}},"line":72},"8":{"name":"onChange","decl":{"start":{"line":79,"column":18},"end":{"line":79,"column":68}},"loc":{"start":{"line":79,"column":18},"end":{"line":79,"column":68}},"line":79},"9":{"name":"AgentSolicitudesTable","decl":{"start":{"line":91,"column":0},"end":{"line":199,"column":1}},"loc":{"start":{"line":91,"column":0},"end":{"line":199,"column":1}},"line":91},"10":{"name":"onAprobar","decl":{"start":{"line":91,"column":57},"end":{"line":91,"column":67}},"loc":{"start":{"line":91,"column":57},"end":{"line":91,"column":67}},"line":91},"11":{"name":"onRechazar","decl":{"start":{"line":91,"column":80},"end":{"line":91,"column":90}},"loc":{"start":{"line":91,"column":80},"end":{"line":91,"column":90}},"line":91},"12":{"name":"onVerHistorial","decl":{"start":{"line":91,"column":107},"end":{"line":91,"column":116}},"loc":{"start":{"line":91,"column":107},"end":{"line":91,"column":116}},"line":91},"13":{"name":"formatMonto","decl":{"start":{"line":92,"column":22},"end":{"line":97,"column":21}},"loc":{"start":{"line":92,"column":22},"end":{"line":97,"column":21}},"line":92},"14":{"name":"formatFecha","decl":{"start":{"line":99,"column":22},"end":{"line":107,"column":4}},"loc":{"start":{"line":99,"column":22},"end":{"line":107,"column":4}},"line":99},"15":{"name":"normalizeEstado","decl":{"start":{"line":109,"column":26},"end":{"line":112,"column":4}},"loc":{"start":{"line":109,"column":26},"end":{"line":112,"column":4}},"line":109},"16":{"name":"renderTableContent","decl":{"start":{"line":115,"column":29},"end":{"line":178,"column":4}},"loc":{"start":{"line":115,"column":29},"end":{"line":178,"column":4}},"line":115},"17":{"name":"onClick","decl":{"start":{"line":145,"column":23},"end":{"line":145,"column":45}},"loc":{"start":{"line":145,"column":23},"end":{"line":145,"column":45}},"line":145},"18":{"name":"onClick","decl":{"start":{"line":157,"column":23},"end":{"line":157,"column":46}},"loc":{"start":{"line":157,"column":23},"end":{"line":157,"column":46}},"line":157},"19":{"name":"onClick","decl":{"start":{"line":169,"column":23},"end":{"line":169,"column":50}},"loc":{"start":{"line":169,"column":23},"end":{"line":169,"column":50}},"line":169},"20":{"name":"useDialogModal","decl":{"start":{"line":205,"column":0},"end":{"line":250,"column":1}},"loc":{"start":{"line":205,"column":0},"end":{"line":250,"column":1}},"line":205},"21":{"name":"handleEscape","decl":{"start":{"line":216,"column":25},"end":{"line":220,"column":6}},"loc":{"start":{"line":216,"column":25},"end":{"line":220,"column":6}},"line":216},"22":{"name":"ModalAprobarAgent","decl":{"start":{"line":256,"column":0},"end":{"line":294,"column":1}},"loc":{"start":{"line":256,"column":0},"end":{"line":294,"column":1}},"line":256},"23":{"name":"onConfirm","decl":{"start":{"line":256,"column":57},"end":{"line":256,"column":67}},"loc":{"start":{"line":256,"column":57},"end":{"line":256,"column":67}},"line":256},"24":{"name":"onClose","decl":{"start":{"line":256,"column":77},"end":{"line":256,"column":86}},"loc":{"start":{"line":256,"column":77},"end":{"line":256,"column":86}},"line":256},"25":{"name":"ModalRechazarAgent","decl":{"start":{"line":300,"column":0},"end":{"line":363,"column":1}},"loc":{"start":{"line":300,"column":0},"end":{"line":363,"column":1}},"line":300},"26":{"name":"onConfirm","decl":{"start":{"line":300,"column":58},"end":{"line":300,"column":68}},"loc":{"start":{"line":300,"column":58},"end":{"line":300,"column":68}},"line":300},"27":{"name":"onClose","decl":{"start":{"line":300,"column":78},"end":{"line":300,"column":87}},"loc":{"start":{"line":300,"column":78},"end":{"line":300,"column":87}},"line":300},"28":{"name":"handleConfirm","decl":{"start":{"line":304,"column":24},"end":{"line":310,"column":4}},"loc":{"start":{"line":304,"column":24},"end":{"line":310,"column":4}},"line":304},"29":{"name":"onChange","decl":{"start":{"line":338,"column":22},"end":{"line":338,"column":55}},"loc":{"start":{"line":338,"column":22},"end":{"line":338,"column":55}},"line":338},"30":{"name":"HistorialModal","decl":{"start":{"line":369,"column":0},"end":{"line":431,"column":1}},"loc":{"start":{"line":369,"column":0},"end":{"line":431,"column":1}},"line":369},"31":{"name":"onClose","decl":{"start":{"line":369,"column":52},"end":{"line":369,"column":61}},"loc":{"start":{"line":369,"column":52},"end":{"line":369,"column":61}},"line":369},"32":{"name":"renderHistorialContent","decl":{"start":{"line":372,"column":33},"end":{"line":397,"column":4}},"loc":{"start":{"line":372,"column":33},"end":{"line":397,"column":4}},"line":372},"33":{"name":"SimpleToast","decl":{"start":{"line":437,"column":0},"end":{"line":451,"column":1}},"loc":{"start":{"line":437,"column":0},"end":{"line":451,"column":1}},"line":437},"34":{"name":"onClose","decl":{"start":{"line":437,"column":65},"end":{"line":437,"column":74}},"loc":{"start":{"line":437,"column":65},"end":{"line":437,"column":74}},"line":437},"35":{"name":"AgenteDashboard","decl":{"start":{"line":456,"column":0},"end":{"line":787,"column":1}},"loc":{"start":{"line":456,"column":0},"end":{"line":787,"column":1}},"line":456},"36":{"name":"handleLogout","decl":{"start":{"line":539,"column":23},"end":{"line":544,"column":4}},"loc":{"start":{"line":539,"column":23},"end":{"line":544,"column":4}},"line":539},"37":{"name":"handleApplyFilters","decl":{"start":{"line":546,"column":29},"end":{"line":549,"column":4}},"loc":{"start":{"line":546,"column":29},"end":{"line":549,"column":4}},"line":546},"38":{"name":"handleOpenAprobar","decl":{"start":{"line":552,"column":28},"end":{"line":556,"column":4}},"loc":{"start":{"line":552,"column":28},"end":{"line":556,"column":4}},"line":552},"39":{"name":"handleConfirmAprobar","decl":{"start":{"line":558,"column":31},"end":{"line":580,"column":4}},"loc":{"start":{"line":558,"column":31},"end":{"line":580,"column":4}},"line":558},"40":{"name":"handleOpenRechazar","decl":{"start":{"line":583,"column":29},"end":{"line":587,"column":4}},"loc":{"start":{"line":583,"column":29},"end":{"line":587,"column":4}},"line":583},"41":{"name":"handleConfirmRechazar","decl":{"start":{"line":589,"column":32},"end":{"line":611,"column":4}},"loc":{"start":{"line":589,"column":32},"end":{"line":611,"column":4}},"line":589},"42":{"name":"handleOpenHistorial","decl":{"start":{"line":614,"column":30},"end":{"line":618,"column":4}},"loc":{"start":{"line":614,"column":30},"end":{"line":618,"column":4}},"line":614},"43":{"name":"handleExportCSV","decl":{"start":{"line":620,"column":26},"end":{"line":623,"column":4}},"loc":{"start":{"line":620,"column":26},"end":{"line":623,"column":4}},"line":620},"44":{"name":"handleExportPDF","decl":{"start":{"line":625,"column":26},"end":{"line":628,"column":4}},"loc":{"start":{"line":625,"column":26},"end":{"line":628,"column":4}},"line":625},"45":{"name":"renderPaginationButton","decl":{"start":{"line":630,"column":33},"end":{"line":647,"column":4}},"loc":{"start":{"line":630,"column":33},"end":{"line":647,"column":4}},"line":630},"46":{"name":"onClick","decl":{"start":{"line":636,"column":17},"end":{"line":640,"column":10}},"loc":{"start":{"line":636,"column":17},"end":{"line":640,"column":10}},"line":636},"47":{"name":"renderSolicitudesContent","decl":{"start":{"line":650,"column":35},"end":{"line":675,"column":4}},"loc":{"start":{"line":650,"column":35},"end":{"line":675,"column":4}},"line":650},"48":{"name":"onClose","decl":{"start":{"line":683,"column":19},"end":{"line":683,"column":40}},"loc":{"start":{"line":683,"column":19},"end":{"line":683,"column":40}},"line":683},"49":{"name":"onClick","decl":{"start":{"line":738,"column":23},"end":{"line":738,"column":66}},"loc":{"start":{"line":738,"column":23},"end":{"line":738,"column":66}},"line":738},"50":{"name":"onClose","decl":{"start":{"line":758,"column":19},"end":{"line":761,"column":12}},"loc":{"start":{"line":758,"column":19},"end":{"line":761,"column":12}},"line":758},"51":{"name":"onClose","decl":{"start":{"line":769,"column":19},"end":{"line":772,"column":12}},"loc":{"start":{"line":769,"column":19},"end":{"line":772,"column":12}},"line":769},"52":{"name":"onClose","decl":{"start":{"line":779,"column":19},"end":{"line":782,"column":12}},"loc":{"start":{"line":779,"column":19},"end":{"line":782,"column":12}},"line":779}},"f":{"0":90,"1":0,"2":2,"3":2,"4":1,"5":1,"6":0,"7":0,"8":0,"9":30,"10":0,"11":0,"12":0,"13":58,"14":58,"15":58,"16":30,"17":3,"18":3,"19":2,"20":11,"21":0,"22":4,"23":0,"24":0,"25":5,"26":0,"27":0,"28":2,"29":1,"30":2,"31":0,"32":2,"33":3,"34":0,"35":88,"36":2,"37":2,"38":3,"39":1,"40":3,"41":1,"42":2,"43":1,"44":0,"45":88,"46":0,"47":88,"48":0,"49":0,"50":1,"51":0,"52":0}}
}
