TN:
SF:src\components\AgentSolicitudesTable.jsx
FN:5,formatMonto
FN:17,AgentSolicitudesTable
FN:72,onChange
FN:90,onClick
FN:100,onClick
FN:104,onClick
FNF:6
FNH:5
FNDA:30,formatMonto
FNDA:33,AgentSolicitudesTable
FNDA:0,onChange
FNDA:3,onClick
FNDA:3,onClick
FNDA:1,onClick
DA:2,1
DA:3,1
DA:5,30
DA:6,30
DA:7,30
DA:8,30
DA:9,30
DA:10,30
DA:11,30
DA:12,30
DA:13,0
DA:14,0
DA:15,30
DA:17,33
DA:18,33
DA:19,33
DA:20,33
DA:21,33
DA:22,33
DA:23,33
DA:25,33
DA:26,5
DA:27,5
DA:29,28
DA:30,28
DA:31,28
DA:32,28
DA:33,28
DA:34,28
DA:35,28
DA:36,28
DA:37,28
DA:38,28
DA:39,28
DA:40,28
DA:41,28
DA:42,28
DA:43,28
DA:44,28
DA:45,30
DA:46,30
DA:47,30
DA:48,30
DA:49,30
DA:50,30
DA:51,30
DA:52,30
DA:53,30
DA:54,30
DA:55,30
DA:56,5
DA:57,5
DA:58,30
DA:59,3
DA:60,3
DA:61,25
DA:62,18
DA:63,18
DA:64,18
DA:65,30
DA:66,30
DA:67,30
DA:68,30
DA:69,30
DA:70,30
DA:71,30
DA:72,30
DA:74,30
DA:75,30
DA:76,60
DA:77,60
DA:78,60
DA:79,30
DA:80,30
DA:81,30
DA:82,30
DA:83,30
DA:84,30
DA:85,30
DA:86,30
DA:87,30
DA:88,13
DA:90,30
DA:91,30
DA:93,30
DA:94,30
DA:95,30
DA:96,30
DA:97,30
DA:98,13
DA:100,30
DA:101,30
DA:103,30
DA:104,30
DA:106,30
DA:107,30
DA:108,30
DA:109,30
DA:110,28
DA:111,28
DA:112,28
DA:113,28
DA:115,28
LF:103
LH:101
BRDA:5,0,0,30
BRDA:12,1,0,0
BRDA:17,2,0,33
BRDA:18,3,0,0
BRDA:18,4,0,0
BRDA:19,5,0,0
BRDA:19,6,0,0
BRDA:20,7,0,0
BRDA:21,8,0,0
BRDA:21,9,0,0
BRDA:22,10,0,0
BRDA:22,11,0,0
BRDA:22,12,0,0
BRDA:23,13,0,0
BRDA:23,14,0,0
BRDA:25,15,0,5
BRDA:27,16,0,28
BRDA:22,17,0,0
BRDA:23,18,0,0
BRDA:44,19,0,30
BRDA:47,20,0,0
BRDA:47,21,0,0
BRDA:49,22,0,0
BRDA:49,23,0,0
BRDA:71,24,0,29
BRDA:87,25,0,13
BRDA:97,26,0,13
BRDA:51,27,0,30
BRDA:52,28,0,0
BRDA:54,29,0,0
BRDA:55,30,0,5
BRDA:58,31,0,25
BRDA:58,32,0,3
BRDA:61,33,0,22
BRDA:61,34,0,4
BRDA:61,35,0,18
BRDA:75,36,0,60
BRDA:90,37,0,3
BRDA:100,38,0,3
BRDA:104,39,0,1
BRF:40
BRH:19
end_of_record
TN:
SF:src\components\AgenteDashboard.jsx
FN:17,AgenteDashboard
FN:36,handleLogout
FN:45,handleExportCSV
FN:55,handleExportPDF
FN:68,load
FN:104,handleOpenAprobar
FN:108,handleConfirmAprobar
FN:127,handleOpenRechazar
FN:131,handleConfirmRechazar
FN:148,handleAssign
FN:154,handleOpenHist
FN:226,onClose
FN:234,onClose
FN:241,onClose
FNF:14
FNH:10
FNDA:53,AgenteDashboard
FNDA:2,handleLogout
FNDA:2,handleExportCSV
FNDA:2,handleExportPDF
FNDA:20,load
FNDA:3,handleOpenAprobar
FNDA:2,handleConfirmAprobar
FNDA:3,handleOpenRechazar
FNDA:2,handleConfirmRechazar
FNDA:0,handleAssign
FNDA:1,handleOpenHist
FNDA:0,onClose
FNDA:0,onClose
FNDA:0,onClose
DA:1,1
DA:2,1
DA:3,1
DA:4,1
DA:5,1
DA:6,1
DA:7,1
DA:8,1
DA:9,1
DA:10,1
DA:11,1
DA:12,1
DA:13,1
DA:17,53
DA:18,53
DA:20,53
DA:21,53
DA:24,53
DA:27,53
DA:28,53
DA:29,53
DA:30,53
DA:33,53
DA:36,53
DA:38,2
DA:39,1
DA:40,1
DA:41,1
DA:42,2
DA:45,53
DA:46,2
DA:47,2
DA:48,1
DA:49,1
DA:50,1
DA:51,1
DA:52,1
DA:53,2
DA:55,53
DA:56,2
DA:57,2
DA:58,1
DA:59,1
DA:60,1
DA:61,1
DA:62,1
DA:63,2
DA:66,53
DA:67,20
DA:68,20
DA:69,20
DA:70,20
DA:71,20
DA:72,18
DA:74,20
DA:75,20
DA:76,20
DA:78,1
DA:79,1
DA:80,20
DA:81,19
DA:82,19
DA:83,20
DA:84,20
DA:85,20
DA:86,53
DA:89,53
DA:90,46
DA:92,23
DA:94,23
DA:95,23
DA:97,23
DA:98,23
DA:99,23
DA:100,46
DA:101,53
DA:104,53
DA:105,3
DA:106,3
DA:107,3
DA:108,53
DA:109,2
DA:111,2
DA:113,2
DA:114,2
DA:115,2
DA:116,2
DA:117,1
DA:118,1
DA:120,1
DA:121,1
DA:122,1
DA:123,1
DA:124,2
DA:127,53
DA:128,3
DA:129,3
DA:130,3
DA:131,53
DA:132,2
DA:133,2
DA:134,2
DA:135,2
DA:136,2
DA:137,2
DA:138,1
DA:139,1
DA:140,1
DA:141,1
DA:142,1
DA:143,1
DA:144,2
DA:148,53
DA:149,0
DA:150,0
DA:154,53
DA:155,1
DA:156,1
DA:157,1
DA:159,53
DA:160,53
DA:162,53
DA:164,53
DA:165,53
DA:166,53
DA:167,53
DA:168,53
DA:169,53
DA:170,53
DA:171,53
DA:173,53
DA:174,53
DA:175,53
DA:176,53
DA:177,53
DA:178,53
DA:179,53
DA:180,53
DA:181,53
DA:182,53
DA:183,53
DA:186,53
DA:187,53
DA:189,53
DA:190,53
DA:191,53
DA:192,53
DA:194,53
DA:195,53
DA:197,53
DA:198,53
DA:200,53
DA:201,53
DA:202,53
DA:205,53
DA:208,53
DA:209,20
DA:211,33
DA:212,33
DA:213,33
DA:214,33
DA:215,33
DA:216,33
DA:217,33
DA:218,33
DA:222,53
DA:223,3
DA:224,3
DA:225,3
DA:226,3
DA:227,3
DA:230,53
DA:231,3
DA:232,3
DA:233,3
DA:234,3
DA:235,3
DA:238,53
DA:239,1
DA:240,1
DA:241,1
DA:242,1
DA:244,53
DA:245,53
DA:246,53
DA:248,53
LF:186
LH:184
BRDA:17,0,0,53
BRDA:20,1,0,0
BRDA:208,2,0,20
BRDA:209,3,0,33
BRDA:222,4,0,3
BRDA:230,5,0,3
BRDA:238,6,0,1
BRDA:36,7,0,2
BRDA:38,8,0,1
BRDA:45,9,0,2
BRDA:47,10,0,1
BRDA:55,11,0,2
BRDA:57,12,0,1
BRDA:66,13,0,20
BRDA:68,14,0,20
BRDA:71,15,0,18
BRDA:72,16,0,0
BRDA:72,17,0,18
BRDA:74,18,0,1
BRDA:74,19,0,0
BRDA:76,20,0,1
BRDA:78,21,0,0
BRDA:80,22,0,19
BRDA:85,23,0,20
BRDA:89,24,0,46
BRDA:90,25,0,23
BRDA:92,26,0,0
BRDA:92,27,0,0
BRDA:94,28,0,0
BRDA:94,29,0,0
BRDA:95,30,0,1
BRDA:95,31,0,0
BRDA:97,32,0,0
BRDA:97,33,0,0
BRDA:98,34,0,0
BRDA:98,35,0,0
BRDA:104,36,0,3
BRDA:108,37,0,2
BRDA:116,38,0,1
BRDA:113,39,0,2
BRDA:113,40,0,2
BRDA:113,41,0,0
BRDA:113,42,0,0
BRDA:127,43,0,3
BRDA:131,44,0,2
BRDA:137,45,0,1
BRDA:134,46,0,2
BRDA:134,47,0,2
BRDA:134,48,0,0
BRDA:134,49,0,0
BRDA:154,50,0,1
BRF:51
BRH:34
end_of_record
TN:
SF:src\components\FilterBar.jsx
FN:5,FilterBar
FN:24,onChange
FN:37,onChange
FN:43,onChange
FN:52,onChange
FN:57,onClick
FNF:6
FNH:4
FNDA:57,FilterBar
FNDA:1,onChange
FNDA:0,onChange
FNDA:0,onChange
FNDA:1,onChange
FNDA:1,onClick
DA:2,1
DA:3,1
DA:5,57
DA:6,57
DA:7,57
DA:8,57
DA:9,57
DA:10,57
DA:13,57
DA:14,24
DA:15,1
DA:16,24
DA:18,24
DA:19,57
DA:21,57
DA:22,57
DA:24,57
DA:25,57
DA:26,57
DA:27,57
DA:28,57
DA:29,57
DA:30,57
DA:31,57
DA:34,57
DA:35,57
DA:36,57
DA:37,57
DA:38,57
DA:39,57
DA:40,57
DA:41,57
DA:42,57
DA:43,57
DA:44,57
DA:45,57
DA:48,57
DA:49,57
DA:50,57
DA:51,57
DA:52,57
DA:53,57
DA:56,57
DA:57,57
DA:58,57
DA:60,57
DA:61,57
DA:63,57
LF:48
LH:48
BRDA:5,0,0,57
BRDA:6,1,0,56
BRDA:9,2,0,56
BRDA:13,3,0,24
BRDA:14,4,0,1
BRDA:15,5,0,0
BRDA:18,6,0,24
BRDA:24,7,0,1
BRDA:52,8,0,1
BRDA:57,9,0,1
BRDA:57,10,0,0
BRF:11
BRH:9
end_of_record
TN:
SF:src\components\HistorialModal.jsx
FN:4,HistorialModal
FNF:1
FNH:1
FNDA:1,HistorialModal
DA:2,1
DA:4,1
DA:6,1
DA:8,1
DA:10,1
DA:11,1
DA:12,1
DA:13,1
DA:14,1
DA:15,1
DA:16,1
DA:17,1
DA:20,0
DA:21,0
DA:22,0
DA:23,0
DA:24,0
DA:25,1
DA:26,1
DA:27,1
DA:28,1
DA:29,1
DA:30,1
DA:31,1
DA:32,1
DA:34,1
LF:26
LH:21
BRDA:4,0,0,1
BRDA:6,1,0,0
BRDA:8,2,0,0
BRF:3
BRH:1
end_of_record
TN:
SF:src\components\Modal.jsx
FN:13,Modal
FNF:1
FNH:1
FNDA:3,Modal
DA:2,1
DA:3,1
DA:13,3
DA:14,3
DA:15,3
DA:16,3
DA:18,3
DA:19,3
DA:20,3
DA:22,3
DA:23,3
DA:26,3
DA:27,3
DA:28,3
DA:30,3
LF:15
LH:15
BRDA:13,0,0,3
BRF:1
BRH:1
end_of_record
TN:
SF:src\components\ModalAprobarAgent.jsx
FN:4,ModalAprobarAgent
FNF:1
FNH:1
FNDA:3,ModalAprobarAgent
DA:2,1
DA:4,3
DA:6,3
DA:8,3
DA:10,3
DA:11,3
DA:12,3
DA:13,3
DA:14,3
DA:15,3
DA:16,3
DA:17,3
DA:18,3
DA:19,3
DA:20,3
DA:22,3
LF:16
LH:16
BRDA:4,0,0,3
BRDA:6,1,0,0
BRDA:8,2,0,0
BRF:3
BRH:1
end_of_record
TN:
SF:src\components\ModalRechazarAgent.jsx
FN:5,ModalRechazarAgent
FN:24,onChange
FN:32,onClick
FNF:3
FNH:3
FNDA:7,ModalRechazarAgent
FNDA:2,onChange
FNDA:2,onClick
DA:2,1
DA:3,1
DA:5,7
DA:6,7
DA:9,7
DA:11,7
DA:12,3
DA:13,7
DA:15,7
DA:17,7
DA:18,7
DA:19,7
DA:20,7
DA:21,7
DA:22,7
DA:23,7
DA:24,7
DA:25,7
DA:26,7
DA:27,7
DA:28,7
DA:29,7
DA:30,7
DA:31,7
DA:32,7
DA:33,2
DA:34,0
DA:35,0
DA:36,0
DA:37,2
DA:38,2
DA:39,7
DA:41,7
DA:42,7
DA:43,7
DA:44,7
DA:46,7
LF:37
LH:34
BRDA:5,0,0,7
BRDA:9,1,0,0
BRDA:15,2,0,0
BRDA:11,3,0,3
BRDA:24,4,0,2
BRDA:32,5,0,2
BRDA:33,6,0,0
BRF:7
BRH:4
end_of_record
TN:
SF:src\components\SolicitudForm.jsx
FN:5,SolicitudForm
FN:22,validate
FN:47,handleSubmit
FN:61,handleChange
FNF:4
FNH:4
FNDA:12,SolicitudForm
FNDA:2,validate
FNDA:2,handleSubmit
FNDA:2,handleChange
DA:2,1
DA:3,1
DA:5,12
DA:6,12
DA:7,12
DA:8,12
DA:9,12
DA:11,12
DA:13,12
DA:14,7
DA:15,1
DA:16,1
DA:17,1
DA:18,1
DA:19,1
DA:20,12
DA:22,12
DA:23,2
DA:26,2
DA:27,2
DA:28,1
DA:29,1
DA:30,0
DA:31,0
DA:34,2
DA:35,2
DA:36,1
DA:37,1
DA:38,0
DA:39,1
DA:40,0
DA:41,0
DA:43,2
DA:44,2
DA:45,2
DA:47,12
DA:48,2
DA:50,2
DA:51,1
DA:52,1
DA:55,1
DA:56,1
DA:57,1
DA:58,1
DA:59,2
DA:61,12
DA:62,2
DA:63,2
DA:64,2
DA:65,2
DA:66,2
DA:68,2
DA:69,0
DA:70,0
DA:71,0
DA:72,0
DA:73,0
DA:74,2
DA:76,12
DA:77,12
DA:78,12
DA:79,12
DA:81,12
DA:82,12
DA:83,12
DA:84,12
DA:85,12
DA:86,12
DA:87,12
DA:88,12
DA:89,12
DA:90,12
DA:91,12
DA:92,12
DA:93,12
DA:94,12
DA:95,12
DA:96,12
DA:98,12
DA:99,12
DA:101,12
DA:102,12
DA:103,12
DA:104,12
DA:105,12
DA:106,12
DA:107,12
DA:108,12
DA:109,12
DA:110,12
DA:111,12
DA:112,12
DA:113,12
DA:114,12
DA:115,12
DA:116,12
DA:118,12
DA:119,2
DA:120,2
DA:121,2
DA:122,2
DA:125,12
DA:126,12
DA:127,12
DA:128,12
DA:129,12
DA:130,12
DA:131,12
DA:133,12
DA:134,12
DA:135,12
DA:136,12
DA:137,12
DA:139,12
DA:140,12
DA:141,12
DA:142,12
DA:144,12
LF:118
LH:108
BRDA:5,0,0,12
BRDA:93,1,0,1
BRDA:93,2,0,11
BRDA:95,3,0,1
BRDA:113,4,0,1
BRDA:113,5,0,11
BRDA:115,6,0,1
BRDA:118,7,0,2
BRDA:139,8,0,1
BRDA:139,9,0,11
BRDA:139,10,0,2
BRDA:139,11,0,9
BRDA:13,12,0,7
BRDA:14,13,0,1
BRDA:16,14,0,0
BRDA:17,15,0,0
BRDA:22,16,0,2
BRDA:27,17,0,1
BRDA:27,18,0,1
BRDA:29,19,0,0
BRDA:35,20,0,1
BRDA:35,21,0,1
BRDA:37,22,0,0
BRDA:39,23,0,0
BRDA:47,24,0,2
BRDA:50,25,0,1
BRDA:61,26,0,2
BRDA:68,27,0,0
BRDA:63,28,0,2
BRF:29
BRH:23
end_of_record
TN:
SF:src\components\SolicitudesTable.jsx
FN:5,SolicitudesTable
FN:6,formatMonto
FN:14,formatFecha
FN:30,getEstadoBadgeClass
FN:49,getAccionesDisponibles
FN:107,onClick
FN:126,onClick
FN:145,onClick
FNF:8
FNH:8
FNDA:8,SolicitudesTable
FNDA:21,formatMonto
FNDA:21,formatFecha
FNDA:21,getEstadoBadgeClass
FNDA:21,getAccionesDisponibles
FNDA:1,onClick
FNDA:1,onClick
FNDA:1,onClick
DA:2,1
DA:3,1
DA:5,8
DA:6,8
DA:7,21
DA:8,21
DA:9,21
DA:10,21
DA:11,21
DA:12,21
DA:14,8
DA:15,21
DA:16,21
DA:17,21
DA:18,21
DA:19,21
DA:20,21
DA:21,21
DA:22,21
DA:23,21
DA:24,21
DA:25,21
DA:26,0
DA:27,0
DA:28,21
DA:30,8
DA:31,21
DA:32,21
DA:33,21
DA:34,7
DA:35,21
DA:36,21
DA:37,7
DA:38,21
DA:39,7
DA:40,21
DA:41,0
DA:42,21
DA:43,0
DA:44,21
DA:45,0
DA:46,21
DA:47,21
DA:49,8
DA:50,21
DA:51,21
DA:52,21
DA:53,21
DA:54,21
DA:55,21
DA:56,21
DA:57,21
DA:59,8
DA:60,1
DA:61,1
DA:63,7
DA:64,7
DA:65,7
DA:66,7
DA:67,7
DA:68,7
DA:69,7
DA:70,7
DA:71,7
DA:72,7
DA:73,7
DA:74,7
DA:75,7
DA:76,7
DA:77,7
DA:78,7
DA:79,21
DA:81,21
DA:82,21
DA:83,21
DA:84,21
DA:85,21
DA:86,21
DA:87,21
DA:88,21
DA:89,21
DA:90,21
DA:91,21
DA:92,21
DA:93,21
DA:94,21
DA:95,21
DA:96,21
DA:97,21
DA:98,21
DA:99,21
DA:100,21
DA:101,21
DA:102,21
DA:103,21
DA:104,21
DA:105,21
DA:106,7
DA:107,7
DA:108,7
DA:109,7
DA:110,7
DA:111,7
DA:112,7
DA:113,7
DA:114,7
DA:115,7
DA:116,7
DA:117,7
DA:118,7
DA:119,7
DA:121,7
DA:124,21
DA:125,7
DA:126,7
DA:127,7
DA:128,7
DA:129,7
DA:130,7
DA:131,7
DA:132,7
DA:133,7
DA:134,7
DA:135,7
DA:136,7
DA:137,7
DA:138,7
DA:140,7
DA:143,21
DA:144,14
DA:145,14
DA:146,14
DA:147,14
DA:148,14
DA:149,14
DA:150,14
DA:151,14
DA:152,14
DA:153,14
DA:154,14
DA:155,14
DA:156,14
DA:157,14
DA:159,14
DA:161,21
DA:162,21
DA:163,21
DA:165,7
DA:166,7
DA:167,7
DA:169,7
DA:229,7
DA:230,7
DA:232,7
LF:154
LH:149
BRDA:5,0,0,8
BRDA:59,1,0,1
BRDA:61,2,0,7
BRDA:6,3,0,21
BRDA:14,4,0,21
BRDA:15,5,0,0
BRDA:25,6,0,0
BRDA:30,7,0,21
BRDA:33,8,0,7
BRDA:35,9,0,7
BRDA:36,10,0,7
BRDA:38,11,0,7
BRDA:40,12,0,0
BRDA:42,13,0,0
BRDA:44,14,0,0
BRDA:49,15,0,21
BRDA:54,16,0,14
BRDA:54,17,0,7
BRDA:78,18,0,21
BRDA:90,19,0,0
BRDA:93,20,0,0
BRDA:105,21,0,7
BRDA:124,22,0,7
BRDA:143,23,0,14
BRDA:107,24,0,1
BRDA:126,25,0,1
BRDA:145,26,0,1
BRF:27
BRH:20
end_of_record
TN:
SF:src\components\forgotPassword.jsx
FN:5,ForgotPassword
FNF:1
FNH:1
FNDA:3,ForgotPassword
DA:1,1
DA:2,1
DA:3,1
DA:5,3
DA:6,3
DA:7,3
DA:9,3
DA:10,3
DA:11,3
DA:12,3
DA:15,3
DA:16,3
DA:17,3
DA:18,3
DA:20,3
DA:22,3
DA:23,3
DA:24,3
DA:25,3
DA:26,3
DA:27,3
DA:28,3
DA:29,3
DA:31,3
DA:33,3
DA:34,3
DA:36,3
DA:37,3
DA:38,3
DA:39,3
DA:40,3
DA:41,3
DA:43,3
LF:33
LH:33
BRDA:5,0,0,3
BRF:1
BRH:1
end_of_record
TN:
SF:src\components\homescreen.jsx
FN:7,HomeScreen
FN:20,onClick
FNF:2
FNH:2
FNDA:3,HomeScreen
FNDA:1,onClick
DA:1,1
DA:2,1
DA:3,1
DA:4,1
DA:5,1
DA:7,3
DA:8,3
DA:10,3
DA:11,3
DA:12,3
DA:13,3
DA:14,3
DA:15,3
DA:16,3
DA:19,3
DA:20,3
DA:22,3
DA:23,3
DA:25,3
DA:26,3
DA:27,3
DA:28,3
DA:29,3
DA:30,3
DA:31,3
DA:32,3
DA:33,3
DA:35,3
LF:28
LH:28
BRDA:7,0,0,3
BRDA:20,1,0,1
BRF:2
BRH:2
end_of_record
TN:
SF:src\components\login.jsx
FN:7,Login
FN:15,handleSubmit
FN:56,onChange
FN:65,onChange
FNF:4
FNH:4
FNDA:51,Login
FNDA:9,handleSubmit
FNDA:9,onChange
FNDA:9,onChange
DA:2,1
DA:3,1
DA:4,1
DA:5,1
DA:7,51
DA:8,51
DA:9,51
DA:10,51
DA:11,51
DA:12,51
DA:13,51
DA:15,51
DA:16,9
DA:17,9
DA:18,9
DA:19,9
DA:20,9
DA:21,9
DA:22,1
DA:23,9
DA:24,4
DA:25,4
DA:26,9
DA:27,3
DA:28,3
DA:29,3
DA:30,3
DA:31,8
DA:32,8
DA:33,8
DA:34,9
DA:39,51
DA:40,51
DA:41,51
DA:42,51
DA:43,51
DA:44,51
DA:45,51
DA:46,51
DA:47,51
DA:48,51
DA:49,51
DA:50,51
DA:51,51
DA:52,51
DA:53,51
DA:54,51
DA:55,51
DA:56,51
DA:57,51
DA:58,51
DA:59,51
DA:60,51
DA:61,51
DA:62,51
DA:63,51
DA:64,51
DA:65,51
DA:66,51
DA:67,51
DA:68,51
DA:69,51
DA:70,51
DA:71,51
DA:72,51
DA:73,51
DA:74,51
DA:75,51
DA:76,51
DA:77,51
DA:78,51
DA:79,51
DA:80,51
DA:81,51
DA:82,51
DA:84,51
LF:76
LH:76
BRDA:7,0,0,51
BRDA:69,1,0,48
BRDA:69,2,0,3
BRDA:69,3,0,0
BRDA:74,4,0,9
BRDA:74,5,0,42
BRDA:15,6,0,9
BRDA:20,7,0,5
BRDA:21,8,0,1
BRDA:23,9,0,4
BRDA:26,10,0,3
BRDA:29,11,0,1
BRDA:31,12,0,8
BRDA:56,13,0,9
BRDA:65,14,0,9
BRF:15
BRH:14
end_of_record
TN:
SF:src\components\register.jsx
FN:6,Register
FN:20,handleChange
FN:24,handleSubmit
FNF:3
FNH:2
FNDA:5,Register
FNDA:4,handleChange
FNDA:0,handleSubmit
DA:1,1
DA:2,1
DA:3,1
DA:4,1
DA:6,5
DA:7,5
DA:10,5
DA:11,5
DA:12,5
DA:13,5
DA:14,5
DA:15,5
DA:16,5
DA:17,5
DA:18,5
DA:20,5
DA:21,4
DA:22,4
DA:24,5
DA:25,0
DA:26,0
DA:28,0
DA:29,0
DA:30,0
DA:31,0
DA:33,0
DA:34,0
DA:36,0
DA:37,0
DA:38,0
DA:39,0
DA:40,0
DA:41,0
DA:43,0
DA:44,0
DA:45,0
DA:46,0
DA:48,0
DA:51,0
DA:52,0
DA:53,0
DA:54,0
DA:55,0
DA:56,0
DA:57,0
DA:58,0
DA:59,0
DA:60,0
DA:61,0
DA:63,5
DA:64,5
DA:65,5
DA:66,5
DA:67,5
DA:68,5
DA:70,5
DA:71,5
DA:72,5
DA:74,5
DA:75,5
DA:76,5
DA:77,5
DA:78,5
DA:79,5
DA:80,5
DA:81,5
DA:82,5
DA:83,5
DA:85,5
DA:86,5
DA:87,5
DA:88,5
DA:89,5
DA:90,5
DA:91,5
DA:92,5
DA:93,5
DA:95,5
DA:96,5
DA:97,5
DA:98,5
DA:99,5
DA:100,5
DA:101,5
DA:102,5
DA:103,5
DA:105,5
DA:106,5
DA:107,5
DA:108,5
DA:109,5
DA:110,5
DA:111,5
DA:112,5
DA:113,5
DA:115,5
DA:116,5
DA:117,5
DA:118,5
DA:119,5
DA:120,5
DA:121,5
DA:122,5
DA:124,5
DA:126,5
DA:127,5
DA:128,5
DA:129,5
DA:130,5
DA:131,5
DA:132,5
DA:134,5
LF:112
LH:82
BRDA:6,0,0,5
BRDA:124,1,0,0
BRDA:127,2,0,0
BRDA:20,3,0,4
BRF:4
BRH:2
end_of_record
TN:
SF:src\pages\SolicitudesPage.jsx
FN:10,SolicitudesPage
FN:53,handleLogout
FN:63,handleApplyFilters
FN:74,handleEdit
FN:87,handleChangeState
FN:107,handleDelete
FN:122,handleFormSubmit
FN:178,onClick
FN:191,onClose
FN:200,onCancel
FN:226,onClick
FN:242,onClick
FNF:12
FNH:12
FNDA:131,SolicitudesPage
FNDA:2,handleLogout
FNDA:3,handleApplyFilters
FNDA:4,handleEdit
FNDA:5,handleChangeState
FNDA:4,handleDelete
FNDA:4,handleFormSubmit
FNDA:6,onClick
FNDA:1,onClose
FNDA:1,onCancel
FNDA:1,onClick
FNDA:2,onClick
DA:1,1
DA:2,1
DA:3,1
DA:4,1
DA:5,1
DA:6,1
DA:7,1
DA:8,1
DA:10,131
DA:11,131
DA:16,131
DA:17,131
DA:18,131
DA:19,131
DA:20,131
DA:21,131
DA:24,131
DA:25,131
DA:26,131
DA:31,131
DA:32,42
DA:33,42
DA:34,42
DA:35,42
DA:36,42
DA:37,42
DA:38,42
DA:39,1
DA:40,1
DA:41,42
DA:42,41
DA:43,41
DA:44,131
DA:46,131
DA:47,37
DA:48,131
DA:53,131
DA:54,2
DA:55,1
DA:56,1
DA:57,1
DA:58,2
DA:63,131
DA:64,3
DA:65,3
DA:66,2
DA:67,2
DA:68,2
DA:69,3
DA:74,131
DA:75,4
DA:76,4
DA:77,2
DA:78,2
DA:79,2
DA:80,2
DA:81,2
DA:82,4
DA:87,131
DA:88,5
DA:89,5
DA:90,5
DA:91,2
DA:92,2
DA:93,2
DA:95,4
DA:96,2
DA:97,5
DA:98,5
DA:99,2
DA:100,2
DA:101,2
DA:102,5
DA:107,131
DA:108,4
DA:109,3
DA:110,3
DA:111,1
DA:112,1
DA:113,4
DA:114,2
DA:115,2
DA:116,2
DA:117,4
DA:122,131
DA:123,4
DA:124,4
DA:125,4
DA:126,1
DA:127,1
DA:128,4
DA:129,3
DA:130,1
DA:131,1
DA:133,2
DA:134,2
DA:135,2
DA:136,2
DA:137,2
DA:138,2
DA:139,4
DA:140,4
DA:141,4
DA:142,4
DA:147,131
DA:148,131
DA:149,131
DA:150,131
DA:151,131
DA:152,131
DA:153,131
DA:154,131
DA:155,131
DA:156,131
DA:158,131
DA:159,131
DA:160,131
DA:161,131
DA:162,131
DA:165,131
DA:167,131
DA:168,131
DA:169,131
DA:171,131
DA:172,131
DA:174,131
DA:177,131
DA:178,131
DA:179,6
DA:180,6
DA:181,6
DA:182,131
DA:183,131
DA:185,131
DA:188,131
DA:189,14
DA:190,14
DA:191,14
DA:192,1
DA:193,1
DA:194,1
DA:196,14
DA:197,14
DA:198,14
DA:199,14
DA:200,14
DA:201,1
DA:202,1
DA:203,1
DA:204,14
DA:205,14
DA:209,131
DA:212,131
DA:213,37
DA:215,94
DA:216,94
DA:217,94
DA:218,94
DA:219,94
DA:220,94
DA:224,131
DA:225,131
DA:226,131
DA:227,1
DA:228,1
DA:229,131
DA:230,131
DA:232,131
DA:234,131
DA:235,131
DA:236,131
DA:237,131
DA:238,131
DA:239,131
DA:241,131
DA:242,131
DA:243,2
DA:244,2
DA:245,2
DA:246,131
DA:247,131
DA:249,131
DA:250,131
DA:251,131
DA:252,131
DA:253,131
DA:255,131
LF:187
LH:187
BRDA:10,0,0,131
BRDA:188,1,0,14
BRDA:190,2,0,3
BRDA:190,3,0,11
BRDA:212,4,0,37
BRDA:213,5,0,94
BRDA:31,6,0,42
BRDA:35,7,0,40
BRDA:36,8,0,1
BRDA:37,9,0,1
BRDA:38,10,0,1
BRDA:41,11,0,41
BRDA:46,12,0,37
BRDA:53,13,0,2
BRDA:54,14,0,1
BRDA:63,15,0,3
BRDA:65,16,0,2
BRDA:74,17,0,4
BRDA:76,18,0,3
BRDA:76,19,0,2
BRDA:75,20,0,4
BRDA:87,21,0,5
BRDA:90,22,0,2
BRDA:92,23,0,1
BRDA:93,24,0,4
BRDA:95,25,0,2
BRDA:97,26,0,1
BRDA:98,27,0,2
BRDA:100,28,0,1
BRDA:107,29,0,4
BRDA:108,30,0,1
BRDA:108,31,0,3
BRDA:110,32,0,1
BRDA:113,33,0,2
BRDA:115,34,0,1
BRDA:122,35,0,4
BRDA:125,36,0,1
BRDA:128,37,0,3
BRDA:129,38,0,1
BRDA:131,39,0,2
BRDA:138,40,0,1
BRDA:178,41,0,6
BRDA:191,42,0,1
BRDA:200,43,0,1
BRDA:226,44,0,1
BRDA:242,45,0,2
BRF:46
BRH:46
end_of_record
TN:
SF:src\pages\agentPage.jsx
FN:19,FilterBar
FN:19,onApply
FN:22,handleChange
FN:26,handleApply
FN:34,onChange
FN:58,onChange
FN:65,onChange
FN:72,onChange
FN:79,onChange
FN:91,AgentSolicitudesTable
FN:91,onAprobar
FN:91,onRechazar
FN:91,onVerHistorial
FN:92,formatMonto
FN:99,formatFecha
FN:109,normalizeEstado
FN:115,renderTableContent
FN:145,onClick
FN:157,onClick
FN:169,onClick
FN:205,useDialogModal
FN:216,handleEscape
FN:256,ModalAprobarAgent
FN:256,onConfirm
FN:256,onClose
FN:300,ModalRechazarAgent
FN:300,onConfirm
FN:300,onClose
FN:304,handleConfirm
FN:338,onChange
FN:369,HistorialModal
FN:369,onClose
FN:372,renderHistorialContent
FN:437,SimpleToast
FN:437,onClose
FN:456,AgenteDashboard
FN:539,handleLogout
FN:546,handleApplyFilters
FN:552,handleOpenAprobar
FN:558,handleConfirmAprobar
FN:583,handleOpenRechazar
FN:589,handleConfirmRechazar
FN:614,handleOpenHistorial
FN:620,handleExportCSV
FN:625,handleExportPDF
FN:630,renderPaginationButton
FN:636,onClick
FN:650,renderSolicitudesContent
FN:683,onClose
FN:738,onClick
FN:758,onClose
FN:769,onClose
FN:779,onClose
FNF:53
FNH:33
FNDA:90,FilterBar
FNDA:0,onApply
FNDA:2,handleChange
FNDA:2,handleApply
FNDA:1,onChange
FNDA:1,onChange
FNDA:0,onChange
FNDA:0,onChange
FNDA:0,onChange
FNDA:30,AgentSolicitudesTable
FNDA:0,onAprobar
FNDA:0,onRechazar
FNDA:0,onVerHistorial
FNDA:58,formatMonto
FNDA:58,formatFecha
FNDA:58,normalizeEstado
FNDA:30,renderTableContent
FNDA:3,onClick
FNDA:3,onClick
FNDA:2,onClick
FNDA:11,useDialogModal
FNDA:0,handleEscape
FNDA:4,ModalAprobarAgent
FNDA:0,onConfirm
FNDA:0,onClose
FNDA:5,ModalRechazarAgent
FNDA:0,onConfirm
FNDA:0,onClose
FNDA:2,handleConfirm
FNDA:1,onChange
FNDA:2,HistorialModal
FNDA:0,onClose
FNDA:2,renderHistorialContent
FNDA:3,SimpleToast
FNDA:0,onClose
FNDA:88,AgenteDashboard
FNDA:2,handleLogout
FNDA:2,handleApplyFilters
FNDA:3,handleOpenAprobar
FNDA:1,handleConfirmAprobar
FNDA:3,handleOpenRechazar
FNDA:1,handleConfirmRechazar
FNDA:2,handleOpenHistorial
FNDA:1,handleExportCSV
FNDA:0,handleExportPDF
FNDA:88,renderPaginationButton
FNDA:0,onClick
FNDA:88,renderSolicitudesContent
FNDA:0,onClose
FNDA:0,onClick
FNDA:1,onClose
FNDA:0,onClose
FNDA:0,onClose
DA:1,1
DA:2,1
DA:3,1
DA:4,1
DA:19,90
DA:20,90
DA:22,90
DA:23,2
DA:24,2
DA:26,90
DA:27,2
DA:28,2
DA:30,90
DA:31,90
DA:32,90
DA:33,90
DA:34,90
DA:36,90
DA:37,90
DA:38,90
DA:39,90
DA:40,90
DA:41,90
DA:42,90
DA:44,0
DA:45,0
DA:46,0
DA:47,0
DA:48,0
DA:49,0
DA:50,0
DA:52,90
DA:54,90
DA:55,90
DA:56,90
DA:57,90
DA:58,90
DA:59,90
DA:61,90
DA:62,90
DA:63,90
DA:64,90
DA:65,90
DA:66,90
DA:68,90
DA:69,90
DA:70,90
DA:71,90
DA:72,90
DA:73,90
DA:75,90
DA:76,90
DA:77,90
DA:78,90
DA:79,90
DA:80,90
DA:82,90
DA:83,90
DA:85,90
DA:91,30
DA:92,30
DA:93,58
DA:94,58
DA:95,58
DA:96,58
DA:97,58
DA:99,30
DA:100,58
DA:101,58
DA:102,58
DA:103,58
DA:104,58
DA:105,58
DA:106,58
DA:107,58
DA:109,30
DA:110,58
DA:111,58
DA:112,58
DA:115,30
DA:116,30
DA:117,0
DA:118,0
DA:119,0
DA:121,0
DA:122,0
DA:124,0
DA:126,30
DA:127,58
DA:128,58
DA:129,58
DA:131,58
DA:132,58
DA:133,58
DA:134,58
DA:135,58
DA:136,58
DA:137,58
DA:138,58
DA:139,58
DA:140,58
DA:141,58
DA:142,58
DA:143,58
DA:144,58
DA:145,58
DA:146,58
DA:147,58
DA:148,58
DA:149,29
DA:150,29
DA:152,58
DA:154,58
DA:155,58
DA:156,58
DA:157,58
DA:158,58
DA:159,58
DA:160,58
DA:161,29
DA:162,29
DA:164,58
DA:166,58
DA:167,58
DA:168,58
DA:169,58
DA:170,58
DA:171,58
DA:173,58
DA:174,58
DA:175,58
DA:177,30
DA:178,30
DA:180,30
DA:181,30
DA:182,30
DA:183,30
DA:184,30
DA:185,30
DA:186,30
DA:187,30
DA:188,30
DA:189,30
DA:190,30
DA:191,30
DA:192,30
DA:193,30
DA:194,30
DA:195,30
DA:196,30
DA:197,30
DA:199,30
DA:205,11
DA:206,11
DA:208,11
DA:209,10
DA:210,10
DA:211,10
DA:212,10
DA:213,10
DA:216,10
DA:217,0
DA:218,0
DA:219,0
DA:220,0
DA:222,10
DA:224,10
DA:225,10
DA:226,10
DA:227,10
DA:228,10
DA:229,10
DA:230,11
DA:232,11
DA:233,0
DA:234,0
DA:236,0
DA:237,0
DA:238,0
DA:239,0
DA:240,0
DA:241,0
DA:244,0
DA:245,0
DA:246,0
DA:247,11
DA:249,11
DA:250,11
DA:256,4
DA:257,4
DA:259,4
DA:260,4
DA:261,4
DA:262,4
DA:263,4
DA:265,4
DA:266,4
DA:267,4
DA:268,4
DA:269,4
DA:270,4
DA:271,4
DA:272,4
DA:273,4
DA:274,4
DA:275,4
DA:276,4
DA:277,4
DA:278,4
DA:279,4
DA:281,4
DA:282,4
DA:283,4
DA:284,4
DA:286,4
DA:287,4
DA:289,4
DA:290,4
DA:291,4
DA:292,4
DA:294,4
DA:300,5
DA:301,5
DA:302,5
DA:304,5
DA:305,2
DA:306,1
DA:307,1
DA:308,1
DA:309,1
DA:310,2
DA:312,5
DA:313,5
DA:314,5
DA:315,5
DA:316,5
DA:318,5
DA:319,5
DA:320,5
DA:321,5
DA:322,5
DA:323,5
DA:324,5
DA:325,5
DA:326,5
DA:327,5
DA:328,5
DA:329,5
DA:330,5
DA:332,5
DA:334,5
DA:335,5
DA:336,5
DA:337,5
DA:338,5
DA:339,5
DA:340,5
DA:341,5
DA:342,5
DA:343,5
DA:344,5
DA:345,5
DA:346,5
DA:347,5
DA:348,5
DA:349,5
DA:350,5
DA:351,5
DA:352,5
DA:353,5
DA:355,5
DA:356,5
DA:358,5
DA:359,5
DA:360,5
DA:361,5
DA:363,5
DA:369,2
DA:370,2
DA:372,2
DA:373,2
DA:375,2
DA:376,1
DA:377,1
DA:379,1
DA:381,1
DA:383,1
DA:384,1
DA:385,1
DA:386,1
DA:387,1
DA:388,1
DA:389,1
DA:390,1
DA:391,1
DA:392,1
DA:393,1
DA:394,1
DA:395,1
DA:397,2
DA:399,2
DA:400,2
DA:401,2
DA:402,2
DA:403,2
DA:405,2
DA:406,2
DA:407,2
DA:408,2
DA:409,2
DA:410,2
DA:411,2
DA:412,2
DA:413,2
DA:414,2
DA:415,2
DA:416,2
DA:418,2
DA:419,2
DA:420,2
DA:421,2
DA:422,2
DA:423,2
DA:424,2
DA:426,2
DA:427,2
DA:428,2
DA:429,2
DA:431,2
DA:437,3
DA:438,3
DA:439,3
DA:440,0
DA:441,3
DA:442,3
DA:443,3
DA:445,3
DA:446,3
DA:447,3
DA:448,3
DA:449,3
DA:451,3
DA:456,88
DA:457,88
DA:460,88
DA:461,88
DA:462,88
DA:463,88
DA:464,88
DA:465,88
DA:466,88
DA:469,88
DA:470,88
DA:471,88
DA:472,88
DA:475,88
DA:477,88
DA:478,3
DA:479,88
DA:482,88
DA:483,21
DA:484,21
DA:485,21
DA:486,21
DA:487,21
DA:488,21
DA:489,0
DA:490,0
DA:491,0
DA:492,21
DA:493,21
DA:494,21
DA:495,88
DA:497,88
DA:498,19
DA:499,88
DA:502,88
DA:503,39
DA:505,39
DA:506,1
DA:507,1
DA:508,39
DA:509,1
DA:510,1
DA:511,39
DA:512,0
DA:513,0
DA:514,39
DA:515,0
DA:516,0
DA:517,0
DA:518,0
DA:519,0
DA:520,39
DA:521,0
DA:522,0
DA:523,0
DA:524,0
DA:525,0
DA:527,39
DA:528,39
DA:529,39
DA:531,39
DA:532,39
DA:533,88
DA:535,88
DA:536,39
DA:537,88
DA:539,88
DA:540,2
DA:541,1
DA:542,1
DA:543,1
DA:544,2
DA:546,88
DA:547,2
DA:548,2
DA:549,2
DA:552,88
DA:553,3
DA:554,3
DA:555,3
DA:556,3
DA:558,88
DA:559,1
DA:561,1
DA:562,1
DA:564,1
DA:565,1
DA:566,1
DA:568,1
DA:570,1
DA:571,1
DA:573,1
DA:574,1
DA:575,0
DA:576,0
DA:577,1
DA:578,1
DA:579,1
DA:580,1
DA:583,88
DA:584,3
DA:585,3
DA:586,3
DA:587,3
DA:589,88
DA:590,1
DA:592,1
DA:593,1
DA:595,1
DA:596,1
DA:597,1
DA:599,1
DA:601,1
DA:602,1
DA:604,1
DA:605,1
DA:606,0
DA:607,0
DA:608,1
DA:609,1
DA:610,1
DA:611,1
DA:614,88
DA:615,2
DA:616,2
DA:617,2
DA:618,2
DA:620,88
DA:621,1
DA:622,1
DA:623,1
DA:625,88
DA:626,0
DA:627,0
DA:628,0
DA:630,88
DA:631,88
DA:632,88
DA:634,88
DA:635,88
DA:636,88
DA:637,0
DA:638,0
DA:639,0
DA:640,0
DA:641,88
DA:642,88
DA:643,88
DA:645,88
DA:647,88
DA:650,88
DA:651,88
DA:652,21
DA:653,21
DA:654,21
DA:655,21
DA:657,21
DA:659,88
DA:660,37
DA:661,37
DA:662,37
DA:663,37
DA:665,37
DA:667,30
DA:668,30
DA:669,30
DA:670,30
DA:671,30
DA:672,30
DA:673,30
DA:675,88
DA:677,88
DA:678,88
DA:679,88
DA:680,3
DA:681,3
DA:682,3
DA:683,3
DA:684,3
DA:687,88
DA:688,88
DA:689,88
DA:690,88
DA:691,88
DA:692,88
DA:693,88
DA:694,88
DA:696,88
DA:697,88
DA:698,88
DA:699,88
DA:700,88
DA:701,88
DA:703,88
DA:704,88
DA:705,88
DA:707,88
DA:708,88
DA:709,88
DA:710,88
DA:711,88
DA:712,88
DA:713,88
DA:714,88
DA:715,88
DA:717,88
DA:718,88
DA:719,88
DA:720,88
DA:721,88
DA:722,88
DA:723,88
DA:724,88
DA:725,88
DA:726,88
DA:728,88
DA:729,88
DA:730,88
DA:731,88
DA:732,88
DA:734,88
DA:736,88
DA:737,88
DA:738,88
DA:739,88
DA:740,88
DA:741,88
DA:743,88
DA:744,88
DA:745,88
DA:746,88
DA:747,88
DA:748,88
DA:749,88
DA:750,88
DA:751,88
DA:754,88
DA:755,4
DA:756,4
DA:757,4
DA:758,4
DA:759,1
DA:760,1
DA:761,1
DA:762,4
DA:765,88
DA:766,4
DA:767,4
DA:768,4
DA:769,4
DA:770,0
DA:771,0
DA:772,0
DA:773,4
DA:776,88
DA:777,2
DA:778,2
DA:779,2
DA:780,0
DA:781,0
DA:782,0
DA:783,2
DA:785,88
DA:787,88
LF:606
LH:545
BRDA:19,0,0,90
BRDA:33,1,0,87
BRDA:42,2,0,0
BRDA:57,3,0,87
BRDA:22,4,0,2
BRDA:23,5,0,2
BRDA:26,6,0,2
BRDA:34,7,0,1
BRDA:58,8,0,1
BRDA:91,9,0,30
BRDA:92,10,0,58
BRDA:99,11,0,58
BRDA:100,12,0,0
BRDA:109,13,0,58
BRDA:110,14,0,0
BRDA:115,15,0,30
BRDA:116,16,0,0
BRDA:126,17,0,58
BRDA:133,18,0,0
BRDA:134,19,0,0
BRDA:134,20,0,0
BRDA:135,21,0,0
BRDA:136,22,0,0
BRDA:137,23,0,0
BRDA:137,24,0,0
BRDA:141,25,0,0
BRDA:148,26,0,29
BRDA:149,27,0,29
BRDA:160,28,0,29
BRDA:161,29,0,29
BRDA:145,30,0,3
BRDA:157,31,0,3
BRDA:169,32,0,2
BRDA:205,33,0,11
BRDA:208,34,0,10
BRDA:224,35,0,10
BRDA:256,36,0,4
BRDA:275,37,0,0
BRDA:276,38,0,0
BRDA:276,39,0,0
BRDA:277,40,0,0
BRDA:278,41,0,0
BRDA:278,42,0,0
BRDA:300,43,0,5
BRDA:328,44,0,0
BRDA:329,45,0,0
BRDA:329,46,0,0
BRDA:330,47,0,0
BRDA:304,48,0,2
BRDA:305,49,0,1
BRDA:338,50,0,1
BRDA:369,51,0,2
BRDA:415,52,0,0
BRDA:416,53,0,0
BRDA:416,54,0,0
BRDA:372,55,0,2
BRDA:373,56,0,0
BRDA:375,57,0,1
BRDA:385,58,0,1
BRDA:391,59,0,0
BRDA:392,60,0,0
BRDA:437,61,0,3
BRDA:438,62,0,3
BRDA:442,63,0,3
BRDA:456,64,0,88
BRDA:679,65,0,3
BRDA:754,66,0,4
BRDA:754,67,0,4
BRDA:765,68,0,4
BRDA:765,69,0,4
BRDA:776,70,0,2
BRDA:776,71,0,2
BRDA:477,72,0,3
BRDA:482,73,0,21
BRDA:488,74,0,0
BRDA:497,75,0,19
BRDA:502,76,0,39
BRDA:505,77,0,1
BRDA:508,78,0,1
BRDA:511,79,0,0
BRDA:514,80,0,0
BRDA:520,81,0,0
BRDA:506,82,0,2
BRDA:509,83,0,2
BRDA:535,84,0,39
BRDA:539,85,0,2
BRDA:540,86,0,1
BRDA:546,87,0,2
BRDA:552,88,0,3
BRDA:558,89,0,1
BRDA:559,90,0,0
BRDA:574,91,0,0
BRDA:583,92,0,3
BRDA:589,93,0,1
BRDA:590,94,0,0
BRDA:605,95,0,0
BRDA:614,96,0,2
BRDA:620,97,0,1
BRDA:630,98,0,88
BRDA:650,99,0,88
BRDA:651,100,0,21
BRDA:657,101,0,67
BRDA:659,102,0,37
BRDA:665,103,0,30
BRDA:758,104,0,1
BRF:105
BRH:69
end_of_record
